DEBUG - 2025-09-09 05:37:01 --> Session: Class initialized using 'CodeIgniter\Session\Handlers\FileHandler' driver.
DEBUG - 2025-09-09 05:37:17 --> Session: Class initialized using 'CodeIgniter\Session\Handlers\FileHandler' driver.
INFO - 2025-09-09 05:37:17 --> User receptionist logged in successfully
DEBUG - 2025-09-09 05:37:17 --> Session: Class initialized using 'CodeIgniter\Session\Handlers\FileHandler' driver.
DEBUG - 2025-09-09 05:46:17 --> Session: Class initialized using 'CodeIgniter\Session\Handlers\FileHandler' driver.
CRITICAL - 2025-09-09 05:46:18 --> CodeIgniter\View\Exceptions\ViewException: Invalid file: "role_dashboard/receptionist/patientregistration.php"
[Method: GET, Route: role_dashboard/receptionist/patientregistration]
in SYSTEMPATH\Exceptions\FrameworkException.php on line 39.
 1 SYSTEMPATH\View\View.php(214): CodeIgniter\Exceptions\FrameworkException::forInvalidFile('role_dashboard/receptionist/patientregistration.php')
 2 SYSTEMPATH\Common.php(1167): CodeIgniter\View\View->render('role_dashboard/receptionist/patientregistration', [], true)
 3 APPPATH\Controllers\ReceptionistController.php(56): view('role_dashboard/receptionist/patientregistration', [...])
 4 SYSTEMPATH\CodeIgniter.php(933): App\Controllers\ReceptionistController->patientregistration()
 5 SYSTEMPATH\CodeIgniter.php(507): CodeIgniter\CodeIgniter->runController(Object(App\Controllers\ReceptionistController))
 6 SYSTEMPATH\CodeIgniter.php(354): CodeIgniter\CodeIgniter->handleRequest(null, Object(Config\Cache), false)
 7 SYSTEMPATH\Boot.php(363): CodeIgniter\CodeIgniter->run()
 8 SYSTEMPATH\Boot.php(68): CodeIgniter\Boot::runCodeIgniter(Object(CodeIgniter\CodeIgniter))
 9 FCPATH\index.php(59): CodeIgniter\Boot::bootWeb(Object(Config\Paths))
DEBUG - 2025-09-09 05:46:20 --> Session: Class initialized using 'CodeIgniter\Session\Handlers\FileHandler' driver.
DEBUG - 2025-09-09 05:46:23 --> Session: Class initialized using 'CodeIgniter\Session\Handlers\FileHandler' driver.
DEBUG - 2025-09-09 05:46:25 --> Session: Class initialized using 'CodeIgniter\Session\Handlers\FileHandler' driver.
DEBUG - 2025-09-09 05:46:29 --> Session: Class initialized using 'CodeIgniter\Session\Handlers\FileHandler' driver.
DEBUG - 2025-09-09 05:46:32 --> Session: Class initialized using 'CodeIgniter\Session\Handlers\FileHandler' driver.
DEBUG - 2025-09-09 05:46:35 --> Session: Class initialized using 'CodeIgniter\Session\Handlers\FileHandler' driver.
DEBUG - 2025-09-09 05:58:27 --> Session: Class initialized using 'CodeIgniter\Session\Handlers\FileHandler' driver.
DEBUG - 2025-09-09 05:58:36 --> Session: Class initialized using 'CodeIgniter\Session\Handlers\FileHandler' driver.
DEBUG - 2025-09-09 05:59:11 --> Session: Class initialized using 'CodeIgniter\Session\Handlers\FileHandler' driver.
DEBUG - 2025-09-09 06:02:47 --> Session: Class initialized using 'CodeIgniter\Session\Handlers\FileHandler' driver.
DEBUG - 2025-09-09 06:03:07 --> Session: Class initialized using 'CodeIgniter\Session\Handlers\FileHandler' driver.
DEBUG - 2025-09-09 06:03:35 --> Session: Class initialized using 'CodeIgniter\Session\Handlers\FileHandler' driver.
DEBUG - 2025-09-09 06:04:54 --> Session: Class initialized using 'CodeIgniter\Session\Handlers\FileHandler' driver.
DEBUG - 2025-09-09 06:07:32 --> Session: Class initialized using 'CodeIgniter\Session\Handlers\FileHandler' driver.
DEBUG - 2025-09-09 06:10:40 --> Session: Class initialized using 'CodeIgniter\Session\Handlers\FileHandler' driver.
DEBUG - 2025-09-09 06:11:03 --> Session: Class initialized using 'CodeIgniter\Session\Handlers\FileHandler' driver.
DEBUG - 2025-09-09 06:11:23 --> Session: Class initialized using 'CodeIgniter\Session\Handlers\FileHandler' driver.
DEBUG - 2025-09-09 06:12:25 --> Session: Class initialized using 'CodeIgniter\Session\Handlers\FileHandler' driver.
DEBUG - 2025-09-09 06:12:39 --> Session: Class initialized using 'CodeIgniter\Session\Handlers\FileHandler' driver.
DEBUG - 2025-09-09 06:12:44 --> Session: Class initialized using 'CodeIgniter\Session\Handlers\FileHandler' driver.
DEBUG - 2025-09-09 06:14:15 --> Session: Class initialized using 'CodeIgniter\Session\Handlers\FileHandler' driver.
DEBUG - 2025-09-09 06:14:19 --> Session: Class initialized using 'CodeIgniter\Session\Handlers\FileHandler' driver.
DEBUG - 2025-09-09 06:40:33 --> Session: Class initialized using 'CodeIgniter\Session\Handlers\FileHandler' driver.
DEBUG - 2025-09-09 06:50:07 --> Session: Class initialized using 'CodeIgniter\Session\Handlers\FileHandler' driver.
DEBUG - 2025-09-09 06:50:16 --> Session: Class initialized using 'CodeIgniter\Session\Handlers\FileHandler' driver.
DEBUG - 2025-09-09 06:50:40 --> Session: Class initialized using 'CodeIgniter\Session\Handlers\FileHandler' driver.
DEBUG - 2025-09-09 06:53:01 --> Session: Class initialized using 'CodeIgniter\Session\Handlers\FileHandler' driver.
DEBUG - 2025-09-09 06:53:16 --> Session: Class initialized using 'CodeIgniter\Session\Handlers\FileHandler' driver.
DEBUG - 2025-09-09 07:00:08 --> Session: Class initialized using 'CodeIgniter\Session\Handlers\FileHandler' driver.
DEBUG - 2025-09-09 07:01:43 --> Session: Class initialized using 'CodeIgniter\Session\Handlers\FileHandler' driver.
DEBUG - 2025-09-09 07:02:01 --> Session: Class initialized using 'CodeIgniter\Session\Handlers\FileHandler' driver.
DEBUG - 2025-09-09 07:02:31 --> Session: Class initialized using 'CodeIgniter\Session\Handlers\FileHandler' driver.
DEBUG - 2025-09-09 07:03:22 --> Session: Class initialized using 'CodeIgniter\Session\Handlers\FileHandler' driver.
DEBUG - 2025-09-09 07:05:06 --> Session: Class initialized using 'CodeIgniter\Session\Handlers\FileHandler' driver.
DEBUG - 2025-09-09 07:05:28 --> Session: Class initialized using 'CodeIgniter\Session\Handlers\FileHandler' driver.
DEBUG - 2025-09-09 07:06:11 --> Session: Class initialized using 'CodeIgniter\Session\Handlers\FileHandler' driver.
DEBUG - 2025-09-09 07:08:39 --> Session: Class initialized using 'CodeIgniter\Session\Handlers\FileHandler' driver.
DEBUG - 2025-09-09 07:09:01 --> Session: Class initialized using 'CodeIgniter\Session\Handlers\FileHandler' driver.
DEBUG - 2025-09-09 07:09:12 --> Session: Class initialized using 'CodeIgniter\Session\Handlers\FileHandler' driver.
DEBUG - 2025-09-09 07:11:27 --> Session: Class initialized using 'CodeIgniter\Session\Handlers\FileHandler' driver.
DEBUG - 2025-09-09 07:13:47 --> Session: Class initialized using 'CodeIgniter\Session\Handlers\FileHandler' driver.
DEBUG - 2025-09-09 07:15:49 --> Session: Class initialized using 'CodeIgniter\Session\Handlers\FileHandler' driver.
DEBUG - 2025-09-09 07:18:01 --> Session: Class initialized using 'CodeIgniter\Session\Handlers\FileHandler' driver.
DEBUG - 2025-09-09 07:19:45 --> Session: Class initialized using 'CodeIgniter\Session\Handlers\FileHandler' driver.
DEBUG - 2025-09-09 07:19:49 --> Session: Class initialized using 'CodeIgniter\Session\Handlers\FileHandler' driver.
DEBUG - 2025-09-09 07:20:04 --> Session: Class initialized using 'CodeIgniter\Session\Handlers\FileHandler' driver.
DEBUG - 2025-09-09 07:20:18 --> Session: Class initialized using 'CodeIgniter\Session\Handlers\FileHandler' driver.
DEBUG - 2025-09-09 07:21:03 --> Session: Class initialized using 'CodeIgniter\Session\Handlers\FileHandler' driver.
DEBUG - 2025-09-09 07:21:25 --> Session: Class initialized using 'CodeIgniter\Session\Handlers\FileHandler' driver.
DEBUG - 2025-09-09 07:21:52 --> Session: Class initialized using 'CodeIgniter\Session\Handlers\FileHandler' driver.
DEBUG - 2025-09-09 07:22:27 --> Session: Class initialized using 'CodeIgniter\Session\Handlers\FileHandler' driver.
DEBUG - 2025-09-09 07:22:51 --> Session: Class initialized using 'CodeIgniter\Session\Handlers\FileHandler' driver.
DEBUG - 2025-09-09 07:22:53 --> Session: Class initialized using 'CodeIgniter\Session\Handlers\FileHandler' driver.
DEBUG - 2025-09-09 07:23:14 --> Session: Class initialized using 'CodeIgniter\Session\Handlers\FileHandler' driver.
DEBUG - 2025-09-09 07:23:22 --> Session: Class initialized using 'CodeIgniter\Session\Handlers\FileHandler' driver.
DEBUG - 2025-09-09 07:24:52 --> Session: Class initialized using 'CodeIgniter\Session\Handlers\FileHandler' driver.
DEBUG - 2025-09-09 07:25:10 --> Session: Class initialized using 'CodeIgniter\Session\Handlers\FileHandler' driver.
DEBUG - 2025-09-09 07:25:37 --> Session: Class initialized using 'CodeIgniter\Session\Handlers\FileHandler' driver.
DEBUG - 2025-09-09 07:28:15 --> Session: Class initialized using 'CodeIgniter\Session\Handlers\FileHandler' driver.
DEBUG - 2025-09-09 07:29:02 --> Session: Class initialized using 'CodeIgniter\Session\Handlers\FileHandler' driver.
DEBUG - 2025-09-09 07:29:13 --> Session: Class initialized using 'CodeIgniter\Session\Handlers\FileHandler' driver.
DEBUG - 2025-09-09 07:29:34 --> Session: Class initialized using 'CodeIgniter\Session\Handlers\FileHandler' driver.
DEBUG - 2025-09-09 07:29:50 --> Session: Class initialized using 'CodeIgniter\Session\Handlers\FileHandler' driver.
DEBUG - 2025-09-09 07:30:07 --> Session: Class initialized using 'CodeIgniter\Session\Handlers\FileHandler' driver.
DEBUG - 2025-09-09 07:30:18 --> Session: Class initialized using 'CodeIgniter\Session\Handlers\FileHandler' driver.
DEBUG - 2025-09-09 07:30:19 --> Session: Class initialized using 'CodeIgniter\Session\Handlers\FileHandler' driver.
DEBUG - 2025-09-09 07:30:20 --> Session: Class initialized using 'CodeIgniter\Session\Handlers\FileHandler' driver.
DEBUG - 2025-09-09 07:31:43 --> Session: Class initialized using 'CodeIgniter\Session\Handlers\FileHandler' driver.
DEBUG - 2025-09-09 07:32:35 --> Session: Class initialized using 'CodeIgniter\Session\Handlers\FileHandler' driver.
DEBUG - 2025-09-09 07:33:14 --> Session: Class initialized using 'CodeIgniter\Session\Handlers\FileHandler' driver.
DEBUG - 2025-09-09 07:33:19 --> Session: Class initialized using 'CodeIgniter\Session\Handlers\FileHandler' driver.
DEBUG - 2025-09-09 07:33:21 --> Session: Class initialized using 'CodeIgniter\Session\Handlers\FileHandler' driver.
DEBUG - 2025-09-09 07:33:22 --> Session: Class initialized using 'CodeIgniter\Session\Handlers\FileHandler' driver.
DEBUG - 2025-09-09 07:33:31 --> Session: Class initialized using 'CodeIgniter\Session\Handlers\FileHandler' driver.
DEBUG - 2025-09-09 07:33:36 --> Session: Class initialized using 'CodeIgniter\Session\Handlers\FileHandler' driver.
DEBUG - 2025-09-09 07:33:44 --> Session: Class initialized using 'CodeIgniter\Session\Handlers\FileHandler' driver.
DEBUG - 2025-09-09 07:34:42 --> Session: Class initialized using 'CodeIgniter\Session\Handlers\FileHandler' driver.
DEBUG - 2025-09-09 07:34:43 --> Session: Class initialized using 'CodeIgniter\Session\Handlers\FileHandler' driver.
DEBUG - 2025-09-09 07:34:44 --> Session: Class initialized using 'CodeIgniter\Session\Handlers\FileHandler' driver.
DEBUG - 2025-09-09 07:34:55 --> Session: Class initialized using 'CodeIgniter\Session\Handlers\FileHandler' driver.
DEBUG - 2025-09-09 07:35:16 --> Session: Class initialized using 'CodeIgniter\Session\Handlers\FileHandler' driver.
DEBUG - 2025-09-09 07:35:31 --> Session: Class initialized using 'CodeIgniter\Session\Handlers\FileHandler' driver.
DEBUG - 2025-09-09 07:35:54 --> Session: Class initialized using 'CodeIgniter\Session\Handlers\FileHandler' driver.
DEBUG - 2025-09-09 07:36:17 --> Session: Class initialized using 'CodeIgniter\Session\Handlers\FileHandler' driver.
DEBUG - 2025-09-09 07:38:01 --> Session: Class initialized using 'CodeIgniter\Session\Handlers\FileHandler' driver.
DEBUG - 2025-09-09 07:38:02 --> Session: Class initialized using 'CodeIgniter\Session\Handlers\FileHandler' driver.
DEBUG - 2025-09-09 07:40:13 --> Session: Class initialized using 'CodeIgniter\Session\Handlers\FileHandler' driver.
DEBUG - 2025-09-09 07:40:48 --> Session: Class initialized using 'CodeIgniter\Session\Handlers\FileHandler' driver.
DEBUG - 2025-09-09 07:42:09 --> Session: Class initialized using 'CodeIgniter\Session\Handlers\FileHandler' driver.
DEBUG - 2025-09-09 07:42:20 --> Session: Class initialized using 'CodeIgniter\Session\Handlers\FileHandler' driver.
DEBUG - 2025-09-09 07:42:22 --> Session: Class initialized using 'CodeIgniter\Session\Handlers\FileHandler' driver.
DEBUG - 2025-09-09 07:42:39 --> Session: Class initialized using 'CodeIgniter\Session\Handlers\FileHandler' driver.
DEBUG - 2025-09-09 07:45:16 --> Session: Class initialized using 'CodeIgniter\Session\Handlers\FileHandler' driver.
DEBUG - 2025-09-09 07:45:56 --> Session: Class initialized using 'CodeIgniter\Session\Handlers\FileHandler' driver.
DEBUG - 2025-09-09 07:47:41 --> Session: Class initialized using 'CodeIgniter\Session\Handlers\FileHandler' driver.
DEBUG - 2025-09-09 07:48:17 --> Session: Class initialized using 'CodeIgniter\Session\Handlers\FileHandler' driver.
DEBUG - 2025-09-09 07:49:51 --> Session: Class initialized using 'CodeIgniter\Session\Handlers\FileHandler' driver.
DEBUG - 2025-09-09 07:50:48 --> Session: Class initialized using 'CodeIgniter\Session\Handlers\FileHandler' driver.
DEBUG - 2025-09-09 07:51:12 --> Session: Class initialized using 'CodeIgniter\Session\Handlers\FileHandler' driver.
DEBUG - 2025-09-09 07:51:22 --> Session: Class initialized using 'CodeIgniter\Session\Handlers\FileHandler' driver.
DEBUG - 2025-09-09 07:51:38 --> Session: Class initialized using 'CodeIgniter\Session\Handlers\FileHandler' driver.
DEBUG - 2025-09-09 07:52:01 --> Session: Class initialized using 'CodeIgniter\Session\Handlers\FileHandler' driver.
DEBUG - 2025-09-09 07:52:50 --> Session: Class initialized using 'CodeIgniter\Session\Handlers\FileHandler' driver.
DEBUG - 2025-09-09 07:53:03 --> Session: Class initialized using 'CodeIgniter\Session\Handlers\FileHandler' driver.
DEBUG - 2025-09-09 07:53:21 --> Session: Class initialized using 'CodeIgniter\Session\Handlers\FileHandler' driver.
DEBUG - 2025-09-09 07:53:42 --> Session: Class initialized using 'CodeIgniter\Session\Handlers\FileHandler' driver.
DEBUG - 2025-09-09 07:54:11 --> Session: Class initialized using 'CodeIgniter\Session\Handlers\FileHandler' driver.
DEBUG - 2025-09-09 07:55:40 --> Session: Class initialized using 'CodeIgniter\Session\Handlers\FileHandler' driver.
CRITICAL - 2025-09-09 07:55:40 --> CodeIgniter\View\Exceptions\ViewException: Invalid file: "role_dashboard/receptionist/patientregistration.php"
[Method: GET, Route: role_dashboard/receptionist/patientregistration]
in SYSTEMPATH\Exceptions\FrameworkException.php on line 39.
 1 SYSTEMPATH\View\View.php(214): CodeIgniter\Exceptions\FrameworkException::forInvalidFile('role_dashboard/receptionist/patientregistration.php')
 2 SYSTEMPATH\Common.php(1167): CodeIgniter\View\View->render('role_dashboard/receptionist/patientregistration', [], true)
 3 APPPATH\Controllers\ReceptionistController.php(56): view('role_dashboard/receptionist/patientregistration', [...])
 4 SYSTEMPATH\CodeIgniter.php(933): App\Controllers\ReceptionistController->patientregistration()
 5 SYSTEMPATH\CodeIgniter.php(507): CodeIgniter\CodeIgniter->runController(Object(App\Controllers\ReceptionistController))
 6 SYSTEMPATH\CodeIgniter.php(354): CodeIgniter\CodeIgniter->handleRequest(null, Object(Config\Cache), false)
 7 SYSTEMPATH\Boot.php(363): CodeIgniter\CodeIgniter->run()
 8 SYSTEMPATH\Boot.php(68): CodeIgniter\Boot::runCodeIgniter(Object(CodeIgniter\CodeIgniter))
 9 FCPATH\index.php(59): CodeIgniter\Boot::bootWeb(Object(Config\Paths))
DEBUG - 2025-09-09 07:55:43 --> Session: Class initialized using 'CodeIgniter\Session\Handlers\FileHandler' driver.
DEBUG - 2025-09-09 07:55:45 --> Session: Class initialized using 'CodeIgniter\Session\Handlers\FileHandler' driver.
DEBUG - 2025-09-09 08:18:36 --> Session: Class initialized using 'CodeIgniter\Session\Handlers\FileHandler' driver.
DEBUG - 2025-09-09 08:20:32 --> Session: Class initialized using 'CodeIgniter\Session\Handlers\FileHandler' driver.
DEBUG - 2025-09-09 08:20:34 --> Session: Class initialized using 'CodeIgniter\Session\Handlers\FileHandler' driver.
DEBUG - 2025-09-09 08:20:38 --> Session: Class initialized using 'CodeIgniter\Session\Handlers\FileHandler' driver.
DEBUG - 2025-09-09 08:25:01 --> Session: Class initialized using 'CodeIgniter\Session\Handlers\FileHandler' driver.
DEBUG - 2025-09-09 08:26:37 --> Session: Class initialized using 'CodeIgniter\Session\Handlers\FileHandler' driver.
DEBUG - 2025-09-09 08:27:57 --> Session: Class initialized using 'CodeIgniter\Session\Handlers\FileHandler' driver.
DEBUG - 2025-09-09 08:29:31 --> Session: Class initialized using 'CodeIgniter\Session\Handlers\FileHandler' driver.
DEBUG - 2025-09-09 08:30:52 --> Session: Class initialized using 'CodeIgniter\Session\Handlers\FileHandler' driver.
DEBUG - 2025-09-09 08:31:04 --> Session: Class initialized using 'CodeIgniter\Session\Handlers\FileHandler' driver.
DEBUG - 2025-09-09 08:31:13 --> Session: Class initialized using 'CodeIgniter\Session\Handlers\FileHandler' driver.
DEBUG - 2025-09-09 08:31:30 --> Session: Class initialized using 'CodeIgniter\Session\Handlers\FileHandler' driver.
DEBUG - 2025-09-09 08:32:16 --> Session: Class initialized using 'CodeIgniter\Session\Handlers\FileHandler' driver.
DEBUG - 2025-09-09 08:32:31 --> Session: Class initialized using 'CodeIgniter\Session\Handlers\FileHandler' driver.
DEBUG - 2025-09-09 08:32:39 --> Session: Class initialized using 'CodeIgniter\Session\Handlers\FileHandler' driver.
DEBUG - 2025-09-09 08:32:43 --> Session: Class initialized using 'CodeIgniter\Session\Handlers\FileHandler' driver.
DEBUG - 2025-09-09 08:32:46 --> Session: Class initialized using 'CodeIgniter\Session\Handlers\FileHandler' driver.
DEBUG - 2025-09-09 08:36:27 --> Session: Class initialized using 'CodeIgniter\Session\Handlers\FileHandler' driver.
DEBUG - 2025-09-09 08:36:33 --> Session: Class initialized using 'CodeIgniter\Session\Handlers\FileHandler' driver.
DEBUG - 2025-09-09 08:36:53 --> Session: Class initialized using 'CodeIgniter\Session\Handlers\FileHandler' driver.
DEBUG - 2025-09-09 08:41:51 --> Session: Class initialized using 'CodeIgniter\Session\Handlers\FileHandler' driver.
DEBUG - 2025-09-09 08:41:53 --> Session: Class initialized using 'CodeIgniter\Session\Handlers\FileHandler' driver.
DEBUG - 2025-09-09 08:42:15 --> Session: Class initialized using 'CodeIgniter\Session\Handlers\FileHandler' driver.
DEBUG - 2025-09-09 08:45:59 --> Session: Class initialized using 'CodeIgniter\Session\Handlers\FileHandler' driver.
DEBUG - 2025-09-09 08:46:38 --> Session: Class initialized using 'CodeIgniter\Session\Handlers\FileHandler' driver.
DEBUG - 2025-09-09 08:47:07 --> Session: Class initialized using 'CodeIgniter\Session\Handlers\FileHandler' driver.
DEBUG - 2025-09-09 09:12:23 --> Session: Class initialized using 'CodeIgniter\Session\Handlers\FileHandler' driver.
CRITICAL - 2025-09-09 09:12:23 --> Error: Class "App\Controllers\AppointmentModel" not found
[Method: GET, Route: role_dashboard/receptionist/appointmentbooking]
in APPPATH\Controllers\ReceptionistController.php on line 111.
 1 SYSTEMPATH\CodeIgniter.php(933): App\Controllers\ReceptionistController->appointmentbooking()
 2 SYSTEMPATH\CodeIgniter.php(507): CodeIgniter\CodeIgniter->runController(Object(App\Controllers\ReceptionistController))
 3 SYSTEMPATH\CodeIgniter.php(354): CodeIgniter\CodeIgniter->handleRequest(null, Object(Config\Cache), false)
 4 SYSTEMPATH\Boot.php(363): CodeIgniter\CodeIgniter->run()
 5 SYSTEMPATH\Boot.php(68): CodeIgniter\Boot::runCodeIgniter(Object(CodeIgniter\CodeIgniter))
 6 FCPATH\index.php(59): CodeIgniter\Boot::bootWeb(Object(Config\Paths))
ERROR - 2025-09-09 09:44:32 --> mysqli_sql_exception: Unknown column 'contact' in 'field list' in C:\xampp\htdocs\WebSystem-ITE_Group-8\system\Database\MySQLi\Connection.php:327
Stack trace:
#0 C:\xampp\htdocs\WebSystem-ITE_Group-8\system\Database\MySQLi\Connection.php(327): mysqli->query('INSERT INTO `pa...', 0)
#1 C:\xampp\htdocs\WebSystem-ITE_Group-8\system\Database\BaseConnection.php(729): CodeIgniter\Database\MySQLi\Connection->execute('INSERT INTO `pa...')
#2 C:\xampp\htdocs\WebSystem-ITE_Group-8\system\Database\BaseConnection.php(646): CodeIgniter\Database\BaseConnection->simpleQuery('INSERT INTO `pa...')
#3 C:\xampp\htdocs\WebSystem-ITE_Group-8\system\Database\BaseBuilder.php(2345): CodeIgniter\Database\BaseConnection->query('INSERT INTO `pa...', Array, false)
#4 C:\xampp\htdocs\WebSystem-ITE_Group-8\app\Database\Seeds\ReceptionistSeeder.php(73): CodeIgniter\Database\BaseBuilder->insert(Array)
#5 C:\xampp\htdocs\WebSystem-ITE_Group-8\system\Database\Seeder.php(149): App\Database\Seeds\ReceptionistSeeder->run()
#6 C:\xampp\htdocs\WebSystem-ITE_Group-8\system\Commands\Database\Seed.php(79): CodeIgniter\Database\Seeder->call('App\\Database\\Se...')
#7 C:\xampp\htdocs\WebSystem-ITE_Group-8\system\CLI\Commands.php(74): CodeIgniter\Commands\Database\Seed->run(Array)
#8 C:\xampp\htdocs\WebSystem-ITE_Group-8\system\CLI\Console.php(47): CodeIgniter\CLI\Commands->run('db:seed', Array)
#9 C:\xampp\htdocs\WebSystem-ITE_Group-8\system\Boot.php(388): CodeIgniter\CLI\Console->run()
#10 C:\xampp\htdocs\WebSystem-ITE_Group-8\system\Boot.php(133): CodeIgniter\Boot::runCommand(Object(CodeIgniter\CLI\Console))
#11 C:\xampp\htdocs\WebSystem-ITE_Group-8\spark(87): CodeIgniter\Boot::bootSpark(Object(Config\Paths))
#12 {main}
ERROR - 2025-09-09 11:14:46 --> mysqli_sql_exception: Can't create table `hms_database`.`appointments` (errno: 150 "Foreign key constraint is incorrectly formed") in C:\xampp\htdocs\WebSystem-ITE_Group-8\system\Database\MySQLi\Connection.php:327
Stack trace:
#0 C:\xampp\htdocs\WebSystem-ITE_Group-8\system\Database\MySQLi\Connection.php(327): mysqli->query('CREATE TABLE `a...', 0)
#1 C:\xampp\htdocs\WebSystem-ITE_Group-8\system\Database\BaseConnection.php(729): CodeIgniter\Database\MySQLi\Connection->execute('CREATE TABLE `a...')
#2 C:\xampp\htdocs\WebSystem-ITE_Group-8\system\Database\BaseConnection.php(646): CodeIgniter\Database\BaseConnection->simpleQuery('CREATE TABLE `a...')
#3 C:\xampp\htdocs\WebSystem-ITE_Group-8\system\Database\Forge.php(570): CodeIgniter\Database\BaseConnection->query('CREATE TABLE `a...')
#4 C:\xampp\htdocs\WebSystem-ITE_Group-8\app\Database\Migrations\2025-09-09-084929_CreateAppointmentsTable.php(86): CodeIgniter\Database\Forge->createTable('appointments')
#5 C:\xampp\htdocs\WebSystem-ITE_Group-8\system\Database\MigrationRunner.php(876): App\Database\Migrations\CreateAppointmentsTable->up()
#6 C:\xampp\htdocs\WebSystem-ITE_Group-8\system\Database\MigrationRunner.php(182): CodeIgniter\Database\MigrationRunner->migrate('up', Object(stdClass))
#7 C:\xampp\htdocs\WebSystem-ITE_Group-8\system\Commands\Database\Migrate.php(85): CodeIgniter\Database\MigrationRunner->latest(NULL)
#8 C:\xampp\htdocs\WebSystem-ITE_Group-8\system\CLI\Commands.php(74): CodeIgniter\Commands\Database\Migrate->run(Array)
#9 C:\xampp\htdocs\WebSystem-ITE_Group-8\system\CLI\Console.php(47): CodeIgniter\CLI\Commands->run('migrate', Array)
#10 C:\xampp\htdocs\WebSystem-ITE_Group-8\system\Boot.php(388): CodeIgniter\CLI\Console->run()
#11 C:\xampp\htdocs\WebSystem-ITE_Group-8\system\Boot.php(133): CodeIgniter\Boot::runCommand(Object(CodeIgniter\CLI\Console))
#12 C:\xampp\htdocs\WebSystem-ITE_Group-8\spark(87): CodeIgniter\Boot::bootSpark(Object(Config\Paths))
#13 {main}
ERROR - 2025-09-09 11:49:44 --> mysqli_sql_exception: Can't create table `hms_database`.`contacts` (errno: 150 "Foreign key constraint is incorrectly formed") in C:\xampp\htdocs\WebSystem-ITE_Group-8\system\Database\MySQLi\Connection.php:327
Stack trace:
#0 C:\xampp\htdocs\WebSystem-ITE_Group-8\system\Database\MySQLi\Connection.php(327): mysqli->query('CREATE TABLE `c...', 0)
#1 C:\xampp\htdocs\WebSystem-ITE_Group-8\system\Database\BaseConnection.php(729): CodeIgniter\Database\MySQLi\Connection->execute('CREATE TABLE `c...')
#2 C:\xampp\htdocs\WebSystem-ITE_Group-8\system\Database\BaseConnection.php(646): CodeIgniter\Database\BaseConnection->simpleQuery('CREATE TABLE `c...')
#3 C:\xampp\htdocs\WebSystem-ITE_Group-8\system\Database\Forge.php(570): CodeIgniter\Database\BaseConnection->query('CREATE TABLE `c...')
#4 C:\xampp\htdocs\WebSystem-ITE_Group-8\app\Database\Migrations\20240101000004_CreateContactsTable.php(36): CodeIgniter\Database\Forge->createTable('contacts')
#5 C:\xampp\htdocs\WebSystem-ITE_Group-8\system\Database\MigrationRunner.php(876): App\Database\Migrations\CreateContactsTable->up()
#6 C:\xampp\htdocs\WebSystem-ITE_Group-8\system\Database\MigrationRunner.php(182): CodeIgniter\Database\MigrationRunner->migrate('up', Object(stdClass))
#7 C:\xampp\htdocs\WebSystem-ITE_Group-8\system\Commands\Database\Migrate.php(85): CodeIgniter\Database\MigrationRunner->latest(NULL)
#8 C:\xampp\htdocs\WebSystem-ITE_Group-8\system\CLI\Commands.php(74): CodeIgniter\Commands\Database\Migrate->run(Array)
#9 C:\xampp\htdocs\WebSystem-ITE_Group-8\system\CLI\Console.php(47): CodeIgniter\CLI\Commands->run('migrate', Array)
#10 C:\xampp\htdocs\WebSystem-ITE_Group-8\system\Boot.php(388): CodeIgniter\CLI\Console->run()
#11 C:\xampp\htdocs\WebSystem-ITE_Group-8\system\Boot.php(133): CodeIgniter\Boot::runCommand(Object(CodeIgniter\CLI\Console))
#12 C:\xampp\htdocs\WebSystem-ITE_Group-8\spark(87): CodeIgniter\Boot::bootSpark(Object(Config\Paths))
#13 {main}
ERROR - 2025-09-09 11:56:27 --> mysqli_sql_exception: Can't create table `hms_database`.`contacts` (errno: 150 "Foreign key constraint is incorrectly formed") in C:\xampp\htdocs\WebSystem-ITE_Group-8\system\Database\MySQLi\Connection.php:327
Stack trace:
#0 C:\xampp\htdocs\WebSystem-ITE_Group-8\system\Database\MySQLi\Connection.php(327): mysqli->query('CREATE TABLE `c...', 0)
#1 C:\xampp\htdocs\WebSystem-ITE_Group-8\system\Database\BaseConnection.php(729): CodeIgniter\Database\MySQLi\Connection->execute('CREATE TABLE `c...')
#2 C:\xampp\htdocs\WebSystem-ITE_Group-8\system\Database\BaseConnection.php(646): CodeIgniter\Database\BaseConnection->simpleQuery('CREATE TABLE `c...')
#3 C:\xampp\htdocs\WebSystem-ITE_Group-8\system\Database\Forge.php(570): CodeIgniter\Database\BaseConnection->query('CREATE TABLE `c...')
#4 C:\xampp\htdocs\WebSystem-ITE_Group-8\app\Database\Migrations\20240101000004_CreateContactsTable.php(36): CodeIgniter\Database\Forge->createTable('contacts')
#5 C:\xampp\htdocs\WebSystem-ITE_Group-8\system\Database\MigrationRunner.php(876): App\Database\Migrations\CreateContactsTable->up()
#6 C:\xampp\htdocs\WebSystem-ITE_Group-8\system\Database\MigrationRunner.php(182): CodeIgniter\Database\MigrationRunner->migrate('up', Object(stdClass))
#7 C:\xampp\htdocs\WebSystem-ITE_Group-8\system\Commands\Database\Migrate.php(85): CodeIgniter\Database\MigrationRunner->latest(NULL)
#8 C:\xampp\htdocs\WebSystem-ITE_Group-8\system\CLI\Commands.php(74): CodeIgniter\Commands\Database\Migrate->run(Array)
#9 C:\xampp\htdocs\WebSystem-ITE_Group-8\system\CLI\Console.php(47): CodeIgniter\CLI\Commands->run('migrate', Array)
#10 C:\xampp\htdocs\WebSystem-ITE_Group-8\system\Boot.php(388): CodeIgniter\CLI\Console->run()
#11 C:\xampp\htdocs\WebSystem-ITE_Group-8\system\Boot.php(133): CodeIgniter\Boot::runCommand(Object(CodeIgniter\CLI\Console))
#12 C:\xampp\htdocs\WebSystem-ITE_Group-8\spark(87): CodeIgniter\Boot::bootSpark(Object(Config\Paths))
#13 {main}
ERROR - 2025-09-09 12:11:55 --> mysqli_sql_exception: Unknown column 'dob' in 'field list' in C:\xampp\htdocs\WebSystem-ITE_Group-8\system\Database\MySQLi\Connection.php:327
Stack trace:
#0 C:\xampp\htdocs\WebSystem-ITE_Group-8\system\Database\MySQLi\Connection.php(327): mysqli->query('INSERT INTO `pa...', 0)
#1 C:\xampp\htdocs\WebSystem-ITE_Group-8\system\Database\BaseConnection.php(729): CodeIgniter\Database\MySQLi\Connection->execute('INSERT INTO `pa...')
#2 C:\xampp\htdocs\WebSystem-ITE_Group-8\system\Database\BaseConnection.php(646): CodeIgniter\Database\BaseConnection->simpleQuery('INSERT INTO `pa...')
#3 C:\xampp\htdocs\WebSystem-ITE_Group-8\system\Database\BaseBuilder.php(2345): CodeIgniter\Database\BaseConnection->query('INSERT INTO `pa...', Array, false)
#4 C:\xampp\htdocs\WebSystem-ITE_Group-8\app\Database\Seeds\ReceptionistSeeder.php(73): CodeIgniter\Database\BaseBuilder->insert(Array)
#5 C:\xampp\htdocs\WebSystem-ITE_Group-8\system\Database\Seeder.php(149): App\Database\Seeds\ReceptionistSeeder->run()
#6 C:\xampp\htdocs\WebSystem-ITE_Group-8\system\Commands\Database\Seed.php(79): CodeIgniter\Database\Seeder->call('App\\Database\\Se...')
#7 C:\xampp\htdocs\WebSystem-ITE_Group-8\system\CLI\Commands.php(74): CodeIgniter\Commands\Database\Seed->run(Array)
#8 C:\xampp\htdocs\WebSystem-ITE_Group-8\system\CLI\Console.php(47): CodeIgniter\CLI\Commands->run('db:seed', Array)
#9 C:\xampp\htdocs\WebSystem-ITE_Group-8\system\Boot.php(388): CodeIgniter\CLI\Console->run()
#10 C:\xampp\htdocs\WebSystem-ITE_Group-8\system\Boot.php(133): CodeIgniter\Boot::runCommand(Object(CodeIgniter\CLI\Console))
#11 C:\xampp\htdocs\WebSystem-ITE_Group-8\spark(87): CodeIgniter\Boot::bootSpark(Object(Config\Paths))
#12 {main}
DEBUG - 2025-09-09 12:15:23 --> Session: Class initialized using 'CodeIgniter\Session\Handlers\FileHandler' driver.
DEBUG - 2025-09-09 12:15:24 --> Session: Class initialized using 'CodeIgniter\Session\Handlers\FileHandler' driver.
DEBUG - 2025-09-09 12:15:32 --> Session: Class initialized using 'CodeIgniter\Session\Handlers\FileHandler' driver.
INFO - 2025-09-09 12:15:32 --> User receptionist logged in successfully
DEBUG - 2025-09-09 12:15:32 --> Session: Class initialized using 'CodeIgniter\Session\Handlers\FileHandler' driver.
DEBUG - 2025-09-09 12:15:38 --> Session: Class initialized using 'CodeIgniter\Session\Handlers\FileHandler' driver.
DEBUG - 2025-09-09 12:15:41 --> Session: Class initialized using 'CodeIgniter\Session\Handlers\FileHandler' driver.
CRITICAL - 2025-09-09 12:15:41 --> CodeIgniter\Exceptions\BadMethodCallException: Call to undefined method App\Models\AppointmentModel::getTodaysAppointmentsWithDetails
[Method: GET, Route: role_dashboard/receptionist/appointmentbooking]
in SYSTEMPATH\Model.php on line 927.
 1 APPPATH\Controllers\ReceptionistController.php(116): CodeIgniter\Model->__call('getTodaysAppointmentsWithDetails', [])
 2 SYSTEMPATH\CodeIgniter.php(933): App\Controllers\ReceptionistController->appointmentbooking()
 3 SYSTEMPATH\CodeIgniter.php(507): CodeIgniter\CodeIgniter->runController(Object(App\Controllers\ReceptionistController))
 4 SYSTEMPATH\CodeIgniter.php(354): CodeIgniter\CodeIgniter->handleRequest(null, Object(Config\Cache), false)
 5 SYSTEMPATH\Boot.php(363): CodeIgniter\CodeIgniter->run()
 6 SYSTEMPATH\Boot.php(68): CodeIgniter\Boot::runCodeIgniter(Object(CodeIgniter\CodeIgniter))
 7 FCPATH\index.php(59): CodeIgniter\Boot::bootWeb(Object(Config\Paths))
DEBUG - 2025-09-09 12:15:44 --> Session: Class initialized using 'CodeIgniter\Session\Handlers\FileHandler' driver.
CRITICAL - 2025-09-09 12:15:44 --> CodeIgniter\Exceptions\BadMethodCallException: Call to undefined method App\Models\AppointmentModel::getTodaysAppointmentsWithDetails
[Method: GET, Route: role_dashboard/receptionist/appointmentbooking]
in SYSTEMPATH\Model.php on line 927.
 1 APPPATH\Controllers\ReceptionistController.php(116): CodeIgniter\Model->__call('getTodaysAppointmentsWithDetails', [])
 2 SYSTEMPATH\CodeIgniter.php(933): App\Controllers\ReceptionistController->appointmentbooking()
 3 SYSTEMPATH\CodeIgniter.php(507): CodeIgniter\CodeIgniter->runController(Object(App\Controllers\ReceptionistController))
 4 SYSTEMPATH\CodeIgniter.php(354): CodeIgniter\CodeIgniter->handleRequest(null, Object(Config\Cache), false)
 5 SYSTEMPATH\Boot.php(363): CodeIgniter\CodeIgniter->run()
 6 SYSTEMPATH\Boot.php(68): CodeIgniter\Boot::runCodeIgniter(Object(CodeIgniter\CodeIgniter))
 7 FCPATH\index.php(59): CodeIgniter\Boot::bootWeb(Object(Config\Paths))
DEBUG - 2025-09-09 12:20:12 --> Session: Class initialized using 'CodeIgniter\Session\Handlers\FileHandler' driver.
ERROR - 2025-09-09 12:20:12 --> mysqli_sql_exception: Column 'status' in where clause is ambiguous in C:\xampp\htdocs\WebSystem-ITE_Group-8\system\Database\MySQLi\Connection.php:327
Stack trace:
#0 C:\xampp\htdocs\WebSystem-ITE_Group-8\system\Database\MySQLi\Connection.php(327): mysqli->query('SELECT `appoint...', 0)
#1 C:\xampp\htdocs\WebSystem-ITE_Group-8\system\Database\BaseConnection.php(729): CodeIgniter\Database\MySQLi\Connection->execute('SELECT `appoint...')
#2 C:\xampp\htdocs\WebSystem-ITE_Group-8\system\Database\BaseConnection.php(646): CodeIgniter\Database\BaseConnection->simpleQuery('SELECT `appoint...')
#3 C:\xampp\htdocs\WebSystem-ITE_Group-8\system\Database\BaseBuilder.php(1649): CodeIgniter\Database\BaseConnection->query('SELECT `appoint...', Array, false)
#4 C:\xampp\htdocs\WebSystem-ITE_Group-8\system\Model.php(286): CodeIgniter\Database\BaseBuilder->get()
#5 C:\xampp\htdocs\WebSystem-ITE_Group-8\system\BaseModel.php(677): CodeIgniter\Model->doFindAll(0, 0)
#6 C:\xampp\htdocs\WebSystem-ITE_Group-8\app\Models\AppointmentModel.php(106): CodeIgniter\BaseModel->findAll()
#7 C:\xampp\htdocs\WebSystem-ITE_Group-8\app\Controllers\ReceptionistController.php(118): App\Models\AppointmentModel->getCompletedAppointmentsWithDetails()
#8 C:\xampp\htdocs\WebSystem-ITE_Group-8\system\CodeIgniter.php(933): App\Controllers\ReceptionistController->appointmentbooking()
#9 C:\xampp\htdocs\WebSystem-ITE_Group-8\system\CodeIgniter.php(507): CodeIgniter\CodeIgniter->runController(Object(App\Controllers\ReceptionistController))
#10 C:\xampp\htdocs\WebSystem-ITE_Group-8\system\CodeIgniter.php(354): CodeIgniter\CodeIgniter->handleRequest(NULL, Object(Config\Cache), false)
#11 C:\xampp\htdocs\WebSystem-ITE_Group-8\system\Boot.php(363): CodeIgniter\CodeIgniter->run()
#12 C:\xampp\htdocs\WebSystem-ITE_Group-8\system\Boot.php(68): CodeIgniter\Boot::runCodeIgniter(Object(CodeIgniter\CodeIgniter))
#13 C:\xampp\htdocs\WebSystem-ITE_Group-8\public\index.php(59): CodeIgniter\Boot::bootWeb(Object(Config\Paths))
#14 {main}
CRITICAL - 2025-09-09 12:20:12 --> CodeIgniter\Database\Exceptions\DatabaseException: Column 'status' in where clause is ambiguous
[Method: GET, Route: role_dashboard/receptionist/appointmentbooking]
in SYSTEMPATH\Database\BaseConnection.php on line 684.
 1 SYSTEMPATH\Database\BaseBuilder.php(1649): CodeIgniter\Database\BaseConnection->query('SELECT `appointments`.*, `users`.`first_name` as `doctor_first_name`, `users`.`last_name` as `doctor_last_name`, `patients`.`first_name` as `patient_first_name`, `patients`.`last_name` as `patient_last_name`
FROM `appointments`
JOIN `users` ON `users`.`id` = `appointments`.`doctor_id`
JOIN `patients` ON `patients`.`id` = `appointments`.`patient_id`
WHERE `status` = :status:', [...], false)
 2 SYSTEMPATH\Model.php(286): CodeIgniter\Database\BaseBuilder->get()
 3 SYSTEMPATH\BaseModel.php(677): CodeIgniter\Model->doFindAll(0, 0)
 4 APPPATH\Models\AppointmentModel.php(106): CodeIgniter\BaseModel->findAll()
 5 APPPATH\Controllers\ReceptionistController.php(118): App\Models\AppointmentModel->getCompletedAppointmentsWithDetails()
 6 SYSTEMPATH\CodeIgniter.php(933): App\Controllers\ReceptionistController->appointmentbooking()
 7 SYSTEMPATH\CodeIgniter.php(507): CodeIgniter\CodeIgniter->runController(Object(App\Controllers\ReceptionistController))
 8 SYSTEMPATH\CodeIgniter.php(354): CodeIgniter\CodeIgniter->handleRequest(null, Object(Config\Cache), false)
 9 SYSTEMPATH\Boot.php(363): CodeIgniter\CodeIgniter->run()
10 SYSTEMPATH\Boot.php(68): CodeIgniter\Boot::runCodeIgniter(Object(CodeIgniter\CodeIgniter))
11 FCPATH\index.php(59): CodeIgniter\Boot::bootWeb(Object(Config\Paths))
CRITICAL - 2025-09-09 12:20:12 --> [Caused by] CodeIgniter\Database\Exceptions\DatabaseException: Column 'status' in where clause is ambiguous
in SYSTEMPATH\Database\MySQLi\Connection.php on line 332.
 1 SYSTEMPATH\Database\BaseConnection.php(729): CodeIgniter\Database\MySQLi\Connection->execute('SELECT `appointments`.*, `users`.`first_name` as `doctor_first_name`, `users`.`last_name` as `doctor_last_name`, `patients`.`first_name` as `patient_first_name`, `patients`.`last_name` as `patient_last_name`
FROM `appointments`
JOIN `users` ON `users`.`id` = `appointments`.`doctor_id`
JOIN `patients` ON `patients`.`id` = `appointments`.`patient_id`
WHERE `status` = \'Completed\'')
 2 SYSTEMPATH\Database\BaseConnection.php(646): CodeIgniter\Database\BaseConnection->simpleQuery('SELECT `appointments`.*, `users`.`first_name` as `doctor_first_name`, `users`.`last_name` as `doctor_last_name`, `patients`.`first_name` as `patient_first_name`, `patients`.`last_name` as `patient_last_name`
FROM `appointments`
JOIN `users` ON `users`.`id` = `appointments`.`doctor_id`
JOIN `patients` ON `patients`.`id` = `appointments`.`patient_id`
WHERE `status` = \'Completed\'')
 3 SYSTEMPATH\Database\BaseBuilder.php(1649): CodeIgniter\Database\BaseConnection->query('SELECT `appointments`.*, `users`.`first_name` as `doctor_first_name`, `users`.`last_name` as `doctor_last_name`, `patients`.`first_name` as `patient_first_name`, `patients`.`last_name` as `patient_last_name`
FROM `appointments`
JOIN `users` ON `users`.`id` = `appointments`.`doctor_id`
JOIN `patients` ON `patients`.`id` = `appointments`.`patient_id`
WHERE `status` = :status:', [...], false)
 4 SYSTEMPATH\Model.php(286): CodeIgniter\Database\BaseBuilder->get()
 5 SYSTEMPATH\BaseModel.php(677): CodeIgniter\Model->doFindAll(0, 0)
 6 APPPATH\Models\AppointmentModel.php(106): CodeIgniter\BaseModel->findAll()
 7 APPPATH\Controllers\ReceptionistController.php(118): App\Models\AppointmentModel->getCompletedAppointmentsWithDetails()
 8 SYSTEMPATH\CodeIgniter.php(933): App\Controllers\ReceptionistController->appointmentbooking()
 9 SYSTEMPATH\CodeIgniter.php(507): CodeIgniter\CodeIgniter->runController(Object(App\Controllers\ReceptionistController))
10 SYSTEMPATH\CodeIgniter.php(354): CodeIgniter\CodeIgniter->handleRequest(null, Object(Config\Cache), false)
11 SYSTEMPATH\Boot.php(363): CodeIgniter\CodeIgniter->run()
12 SYSTEMPATH\Boot.php(68): CodeIgniter\Boot::runCodeIgniter(Object(CodeIgniter\CodeIgniter))
13 FCPATH\index.php(59): CodeIgniter\Boot::bootWeb(Object(Config\Paths))
CRITICAL - 2025-09-09 12:20:12 --> [Caused by] mysqli_sql_exception: Column 'status' in where clause is ambiguous
in SYSTEMPATH\Database\MySQLi\Connection.php on line 327.
 1 SYSTEMPATH\Database\MySQLi\Connection.php(327): mysqli->query('SELECT `appointments`.*, `users`.`first_name` as `doctor_first_name`, `users`.`last_name` as `doctor_last_name`, `patients`.`first_name` as `patient_first_name`, `patients`.`last_name` as `patient_last_name`
FROM `appointments`
JOIN `users` ON `users`.`id` = `appointments`.`doctor_id`
JOIN `patients` ON `patients`.`id` = `appointments`.`patient_id`
WHERE `status` = \'Completed\'', 0)
 2 SYSTEMPATH\Database\BaseConnection.php(729): CodeIgniter\Database\MySQLi\Connection->execute('SELECT `appointments`.*, `users`.`first_name` as `doctor_first_name`, `users`.`last_name` as `doctor_last_name`, `patients`.`first_name` as `patient_first_name`, `patients`.`last_name` as `patient_last_name`
FROM `appointments`
JOIN `users` ON `users`.`id` = `appointments`.`doctor_id`
JOIN `patients` ON `patients`.`id` = `appointments`.`patient_id`
WHERE `status` = \'Completed\'')
 3 SYSTEMPATH\Database\BaseConnection.php(646): CodeIgniter\Database\BaseConnection->simpleQuery('SELECT `appointments`.*, `users`.`first_name` as `doctor_first_name`, `users`.`last_name` as `doctor_last_name`, `patients`.`first_name` as `patient_first_name`, `patients`.`last_name` as `patient_last_name`
FROM `appointments`
JOIN `users` ON `users`.`id` = `appointments`.`doctor_id`
JOIN `patients` ON `patients`.`id` = `appointments`.`patient_id`
WHERE `status` = \'Completed\'')
 4 SYSTEMPATH\Database\BaseBuilder.php(1649): CodeIgniter\Database\BaseConnection->query('SELECT `appointments`.*, `users`.`first_name` as `doctor_first_name`, `users`.`last_name` as `doctor_last_name`, `patients`.`first_name` as `patient_first_name`, `patients`.`last_name` as `patient_last_name`
FROM `appointments`
JOIN `users` ON `users`.`id` = `appointments`.`doctor_id`
JOIN `patients` ON `patients`.`id` = `appointments`.`patient_id`
WHERE `status` = :status:', [...], false)
 5 SYSTEMPATH\Model.php(286): CodeIgniter\Database\BaseBuilder->get()
 6 SYSTEMPATH\BaseModel.php(677): CodeIgniter\Model->doFindAll(0, 0)
 7 APPPATH\Models\AppointmentModel.php(106): CodeIgniter\BaseModel->findAll()
 8 APPPATH\Controllers\ReceptionistController.php(118): App\Models\AppointmentModel->getCompletedAppointmentsWithDetails()
 9 SYSTEMPATH\CodeIgniter.php(933): App\Controllers\ReceptionistController->appointmentbooking()
10 SYSTEMPATH\CodeIgniter.php(507): CodeIgniter\CodeIgniter->runController(Object(App\Controllers\ReceptionistController))
11 SYSTEMPATH\CodeIgniter.php(354): CodeIgniter\CodeIgniter->handleRequest(null, Object(Config\Cache), false)
12 SYSTEMPATH\Boot.php(363): CodeIgniter\CodeIgniter->run()
13 SYSTEMPATH\Boot.php(68): CodeIgniter\Boot::runCodeIgniter(Object(CodeIgniter\CodeIgniter))
14 FCPATH\index.php(59): CodeIgniter\Boot::bootWeb(Object(Config\Paths))
DEBUG - 2025-09-09 12:20:15 --> Session: Class initialized using 'CodeIgniter\Session\Handlers\FileHandler' driver.
ERROR - 2025-09-09 12:20:15 --> mysqli_sql_exception: Column 'status' in where clause is ambiguous in C:\xampp\htdocs\WebSystem-ITE_Group-8\system\Database\MySQLi\Connection.php:327
Stack trace:
#0 C:\xampp\htdocs\WebSystem-ITE_Group-8\system\Database\MySQLi\Connection.php(327): mysqli->query('SELECT `appoint...', 0)
#1 C:\xampp\htdocs\WebSystem-ITE_Group-8\system\Database\BaseConnection.php(729): CodeIgniter\Database\MySQLi\Connection->execute('SELECT `appoint...')
#2 C:\xampp\htdocs\WebSystem-ITE_Group-8\system\Database\BaseConnection.php(646): CodeIgniter\Database\BaseConnection->simpleQuery('SELECT `appoint...')
#3 C:\xampp\htdocs\WebSystem-ITE_Group-8\system\Database\BaseBuilder.php(1649): CodeIgniter\Database\BaseConnection->query('SELECT `appoint...', Array, false)
#4 C:\xampp\htdocs\WebSystem-ITE_Group-8\system\Model.php(286): CodeIgniter\Database\BaseBuilder->get()
#5 C:\xampp\htdocs\WebSystem-ITE_Group-8\system\BaseModel.php(677): CodeIgniter\Model->doFindAll(0, 0)
#6 C:\xampp\htdocs\WebSystem-ITE_Group-8\app\Models\AppointmentModel.php(106): CodeIgniter\BaseModel->findAll()
#7 C:\xampp\htdocs\WebSystem-ITE_Group-8\app\Controllers\ReceptionistController.php(118): App\Models\AppointmentModel->getCompletedAppointmentsWithDetails()
#8 C:\xampp\htdocs\WebSystem-ITE_Group-8\system\CodeIgniter.php(933): App\Controllers\ReceptionistController->appointmentbooking()
#9 C:\xampp\htdocs\WebSystem-ITE_Group-8\system\CodeIgniter.php(507): CodeIgniter\CodeIgniter->runController(Object(App\Controllers\ReceptionistController))
#10 C:\xampp\htdocs\WebSystem-ITE_Group-8\system\CodeIgniter.php(354): CodeIgniter\CodeIgniter->handleRequest(NULL, Object(Config\Cache), false)
#11 C:\xampp\htdocs\WebSystem-ITE_Group-8\system\Boot.php(363): CodeIgniter\CodeIgniter->run()
#12 C:\xampp\htdocs\WebSystem-ITE_Group-8\system\Boot.php(68): CodeIgniter\Boot::runCodeIgniter(Object(CodeIgniter\CodeIgniter))
#13 C:\xampp\htdocs\WebSystem-ITE_Group-8\public\index.php(59): CodeIgniter\Boot::bootWeb(Object(Config\Paths))
#14 {main}
CRITICAL - 2025-09-09 12:20:15 --> CodeIgniter\Database\Exceptions\DatabaseException: Column 'status' in where clause is ambiguous
[Method: GET, Route: role_dashboard/receptionist/appointmentbooking]
in SYSTEMPATH\Database\BaseConnection.php on line 684.
 1 SYSTEMPATH\Database\BaseBuilder.php(1649): CodeIgniter\Database\BaseConnection->query('SELECT `appointments`.*, `users`.`first_name` as `doctor_first_name`, `users`.`last_name` as `doctor_last_name`, `patients`.`first_name` as `patient_first_name`, `patients`.`last_name` as `patient_last_name`
FROM `appointments`
JOIN `users` ON `users`.`id` = `appointments`.`doctor_id`
JOIN `patients` ON `patients`.`id` = `appointments`.`patient_id`
WHERE `status` = :status:', [...], false)
 2 SYSTEMPATH\Model.php(286): CodeIgniter\Database\BaseBuilder->get()
 3 SYSTEMPATH\BaseModel.php(677): CodeIgniter\Model->doFindAll(0, 0)
 4 APPPATH\Models\AppointmentModel.php(106): CodeIgniter\BaseModel->findAll()
 5 APPPATH\Controllers\ReceptionistController.php(118): App\Models\AppointmentModel->getCompletedAppointmentsWithDetails()
 6 SYSTEMPATH\CodeIgniter.php(933): App\Controllers\ReceptionistController->appointmentbooking()
 7 SYSTEMPATH\CodeIgniter.php(507): CodeIgniter\CodeIgniter->runController(Object(App\Controllers\ReceptionistController))
 8 SYSTEMPATH\CodeIgniter.php(354): CodeIgniter\CodeIgniter->handleRequest(null, Object(Config\Cache), false)
 9 SYSTEMPATH\Boot.php(363): CodeIgniter\CodeIgniter->run()
10 SYSTEMPATH\Boot.php(68): CodeIgniter\Boot::runCodeIgniter(Object(CodeIgniter\CodeIgniter))
11 FCPATH\index.php(59): CodeIgniter\Boot::bootWeb(Object(Config\Paths))
CRITICAL - 2025-09-09 12:20:15 --> [Caused by] CodeIgniter\Database\Exceptions\DatabaseException: Column 'status' in where clause is ambiguous
in SYSTEMPATH\Database\MySQLi\Connection.php on line 332.
 1 SYSTEMPATH\Database\BaseConnection.php(729): CodeIgniter\Database\MySQLi\Connection->execute('SELECT `appointments`.*, `users`.`first_name` as `doctor_first_name`, `users`.`last_name` as `doctor_last_name`, `patients`.`first_name` as `patient_first_name`, `patients`.`last_name` as `patient_last_name`
FROM `appointments`
JOIN `users` ON `users`.`id` = `appointments`.`doctor_id`
JOIN `patients` ON `patients`.`id` = `appointments`.`patient_id`
WHERE `status` = \'Completed\'')
 2 SYSTEMPATH\Database\BaseConnection.php(646): CodeIgniter\Database\BaseConnection->simpleQuery('SELECT `appointments`.*, `users`.`first_name` as `doctor_first_name`, `users`.`last_name` as `doctor_last_name`, `patients`.`first_name` as `patient_first_name`, `patients`.`last_name` as `patient_last_name`
FROM `appointments`
JOIN `users` ON `users`.`id` = `appointments`.`doctor_id`
JOIN `patients` ON `patients`.`id` = `appointments`.`patient_id`
WHERE `status` = \'Completed\'')
 3 SYSTEMPATH\Database\BaseBuilder.php(1649): CodeIgniter\Database\BaseConnection->query('SELECT `appointments`.*, `users`.`first_name` as `doctor_first_name`, `users`.`last_name` as `doctor_last_name`, `patients`.`first_name` as `patient_first_name`, `patients`.`last_name` as `patient_last_name`
FROM `appointments`
JOIN `users` ON `users`.`id` = `appointments`.`doctor_id`
JOIN `patients` ON `patients`.`id` = `appointments`.`patient_id`
WHERE `status` = :status:', [...], false)
 4 SYSTEMPATH\Model.php(286): CodeIgniter\Database\BaseBuilder->get()
 5 SYSTEMPATH\BaseModel.php(677): CodeIgniter\Model->doFindAll(0, 0)
 6 APPPATH\Models\AppointmentModel.php(106): CodeIgniter\BaseModel->findAll()
 7 APPPATH\Controllers\ReceptionistController.php(118): App\Models\AppointmentModel->getCompletedAppointmentsWithDetails()
 8 SYSTEMPATH\CodeIgniter.php(933): App\Controllers\ReceptionistController->appointmentbooking()
 9 SYSTEMPATH\CodeIgniter.php(507): CodeIgniter\CodeIgniter->runController(Object(App\Controllers\ReceptionistController))
10 SYSTEMPATH\CodeIgniter.php(354): CodeIgniter\CodeIgniter->handleRequest(null, Object(Config\Cache), false)
11 SYSTEMPATH\Boot.php(363): CodeIgniter\CodeIgniter->run()
12 SYSTEMPATH\Boot.php(68): CodeIgniter\Boot::runCodeIgniter(Object(CodeIgniter\CodeIgniter))
13 FCPATH\index.php(59): CodeIgniter\Boot::bootWeb(Object(Config\Paths))
CRITICAL - 2025-09-09 12:20:15 --> [Caused by] mysqli_sql_exception: Column 'status' in where clause is ambiguous
in SYSTEMPATH\Database\MySQLi\Connection.php on line 327.
 1 SYSTEMPATH\Database\MySQLi\Connection.php(327): mysqli->query('SELECT `appointments`.*, `users`.`first_name` as `doctor_first_name`, `users`.`last_name` as `doctor_last_name`, `patients`.`first_name` as `patient_first_name`, `patients`.`last_name` as `patient_last_name`
FROM `appointments`
JOIN `users` ON `users`.`id` = `appointments`.`doctor_id`
JOIN `patients` ON `patients`.`id` = `appointments`.`patient_id`
WHERE `status` = \'Completed\'', 0)
 2 SYSTEMPATH\Database\BaseConnection.php(729): CodeIgniter\Database\MySQLi\Connection->execute('SELECT `appointments`.*, `users`.`first_name` as `doctor_first_name`, `users`.`last_name` as `doctor_last_name`, `patients`.`first_name` as `patient_first_name`, `patients`.`last_name` as `patient_last_name`
FROM `appointments`
JOIN `users` ON `users`.`id` = `appointments`.`doctor_id`
JOIN `patients` ON `patients`.`id` = `appointments`.`patient_id`
WHERE `status` = \'Completed\'')
 3 SYSTEMPATH\Database\BaseConnection.php(646): CodeIgniter\Database\BaseConnection->simpleQuery('SELECT `appointments`.*, `users`.`first_name` as `doctor_first_name`, `users`.`last_name` as `doctor_last_name`, `patients`.`first_name` as `patient_first_name`, `patients`.`last_name` as `patient_last_name`
FROM `appointments`
JOIN `users` ON `users`.`id` = `appointments`.`doctor_id`
JOIN `patients` ON `patients`.`id` = `appointments`.`patient_id`
WHERE `status` = \'Completed\'')
 4 SYSTEMPATH\Database\BaseBuilder.php(1649): CodeIgniter\Database\BaseConnection->query('SELECT `appointments`.*, `users`.`first_name` as `doctor_first_name`, `users`.`last_name` as `doctor_last_name`, `patients`.`first_name` as `patient_first_name`, `patients`.`last_name` as `patient_last_name`
FROM `appointments`
JOIN `users` ON `users`.`id` = `appointments`.`doctor_id`
JOIN `patients` ON `patients`.`id` = `appointments`.`patient_id`
WHERE `status` = :status:', [...], false)
 5 SYSTEMPATH\Model.php(286): CodeIgniter\Database\BaseBuilder->get()
 6 SYSTEMPATH\BaseModel.php(677): CodeIgniter\Model->doFindAll(0, 0)
 7 APPPATH\Models\AppointmentModel.php(106): CodeIgniter\BaseModel->findAll()
 8 APPPATH\Controllers\ReceptionistController.php(118): App\Models\AppointmentModel->getCompletedAppointmentsWithDetails()
 9 SYSTEMPATH\CodeIgniter.php(933): App\Controllers\ReceptionistController->appointmentbooking()
10 SYSTEMPATH\CodeIgniter.php(507): CodeIgniter\CodeIgniter->runController(Object(App\Controllers\ReceptionistController))
11 SYSTEMPATH\CodeIgniter.php(354): CodeIgniter\CodeIgniter->handleRequest(null, Object(Config\Cache), false)
12 SYSTEMPATH\Boot.php(363): CodeIgniter\CodeIgniter->run()
13 SYSTEMPATH\Boot.php(68): CodeIgniter\Boot::runCodeIgniter(Object(CodeIgniter\CodeIgniter))
14 FCPATH\index.php(59): CodeIgniter\Boot::bootWeb(Object(Config\Paths))
DEBUG - 2025-09-09 12:22:05 --> Session: Class initialized using 'CodeIgniter\Session\Handlers\FileHandler' driver.
CRITICAL - 2025-09-09 12:22:05 --> ErrorException: Undefined array key "patient_first"
[Method: GET, Route: role_dashboard/receptionist/appointmentbooking]
in APPPATH\Views\role_dashboard\receptionist\appointmentbooking.php on line 70.
 1 APPPATH\Views\role_dashboard\receptionist\appointmentbooking.php(70): CodeIgniter\Debug\Exceptions->errorHandler(2, 'Undefined array key "patient_first"', 'C:\\xampp\\htdocs\\WebSystem-ITE_Group-8\\app\\Views\\role_dashboard\\receptionist\\appointmentbooking.php', 70)
 2 SYSTEMPATH\View\View.php(226): include('C:\\xampp\\htdocs\\WebSystem-ITE_Group-8\\app\\Views\\role_dashboard\\receptionist\\appointmentbooking.php')
 3 SYSTEMPATH\View\View.php(229): CodeIgniter\View\View->CodeIgniter\View\{closure}()
 4 SYSTEMPATH\Common.php(1167): CodeIgniter\View\View->render('role_dashboard/receptionist/appointmentbooking', [], true)
 5 APPPATH\Controllers\ReceptionistController.php(122): view('role_dashboard/receptionist/appointmentbooking', [...])
 6 SYSTEMPATH\CodeIgniter.php(933): App\Controllers\ReceptionistController->appointmentbooking()
 7 SYSTEMPATH\CodeIgniter.php(507): CodeIgniter\CodeIgniter->runController(Object(App\Controllers\ReceptionistController))
 8 SYSTEMPATH\CodeIgniter.php(354): CodeIgniter\CodeIgniter->handleRequest(null, Object(Config\Cache), false)
 9 SYSTEMPATH\Boot.php(363): CodeIgniter\CodeIgniter->run()
10 SYSTEMPATH\Boot.php(68): CodeIgniter\Boot::runCodeIgniter(Object(CodeIgniter\CodeIgniter))
11 FCPATH\index.php(59): CodeIgniter\Boot::bootWeb(Object(Config\Paths))
DEBUG - 2025-09-09 12:24:08 --> Session: Class initialized using 'CodeIgniter\Session\Handlers\FileHandler' driver.
CRITICAL - 2025-09-09 12:24:08 --> ErrorException: Undefined array key "first_name"
[Method: GET, Route: role_dashboard/receptionist/appointmentbooking]
in APPPATH\Views\role_dashboard\receptionist\appointmentbooking.php on line 99.
 1 APPPATH\Views\role_dashboard\receptionist\appointmentbooking.php(99): CodeIgniter\Debug\Exceptions->errorHandler(2, 'Undefined array key "first_name"', 'C:\\xampp\\htdocs\\WebSystem-ITE_Group-8\\app\\Views\\role_dashboard\\receptionist\\appointmentbooking.php', 99)
 2 SYSTEMPATH\View\View.php(226): include('C:\\xampp\\htdocs\\WebSystem-ITE_Group-8\\app\\Views\\role_dashboard\\receptionist\\appointmentbooking.php')
 3 SYSTEMPATH\View\View.php(229): CodeIgniter\View\View->CodeIgniter\View\{closure}()
 4 SYSTEMPATH\Common.php(1167): CodeIgniter\View\View->render('role_dashboard/receptionist/appointmentbooking', [], true)
 5 APPPATH\Controllers\ReceptionistController.php(122): view('role_dashboard/receptionist/appointmentbooking', [...])
 6 SYSTEMPATH\CodeIgniter.php(933): App\Controllers\ReceptionistController->appointmentbooking()
 7 SYSTEMPATH\CodeIgniter.php(507): CodeIgniter\CodeIgniter->runController(Object(App\Controllers\ReceptionistController))
 8 SYSTEMPATH\CodeIgniter.php(354): CodeIgniter\CodeIgniter->handleRequest(null, Object(Config\Cache), false)
 9 SYSTEMPATH\Boot.php(363): CodeIgniter\CodeIgniter->run()
10 SYSTEMPATH\Boot.php(68): CodeIgniter\Boot::runCodeIgniter(Object(CodeIgniter\CodeIgniter))
11 FCPATH\index.php(59): CodeIgniter\Boot::bootWeb(Object(Config\Paths))
DEBUG - 2025-09-09 12:25:27 --> Session: Class initialized using 'CodeIgniter\Session\Handlers\FileHandler' driver.
CRITICAL - 2025-09-09 12:25:27 --> ErrorException: Undefined variable $user
[Method: GET, Route: role_dashboard/receptionist/appointmentbooking]
in APPPATH\Views\role_dashboard\receptionist\layout.php on line 317.
 1 APPPATH\Views\role_dashboard\receptionist\layout.php(317): CodeIgniter\Debug\Exceptions->errorHandler(2, 'Undefined variable $user', 'C:\\xampp\\htdocs\\WebSystem-ITE_Group-8\\app\\Views\\role_dashboard\\receptionist\\layout.php', 317)
 2 SYSTEMPATH\View\View.php(226): include('C:\\xampp\\htdocs\\WebSystem-ITE_Group-8\\app\\Views\\role_dashboard\\receptionist\\layout.php')
 3 SYSTEMPATH\View\View.php(229): CodeIgniter\View\View->CodeIgniter\View\{closure}()
 4 SYSTEMPATH\View\View.php(242): CodeIgniter\View\View->render('role_dashboard/receptionist/layout', [], true)
 5 SYSTEMPATH\Common.php(1167): CodeIgniter\View\View->render('role_dashboard/receptionist/appointmentbooking', [], true)
 6 APPPATH\Controllers\ReceptionistController.php(122): view('role_dashboard/receptionist/appointmentbooking', [...])
 7 SYSTEMPATH\CodeIgniter.php(933): App\Controllers\ReceptionistController->appointmentbooking()
 8 SYSTEMPATH\CodeIgniter.php(507): CodeIgniter\CodeIgniter->runController(Object(App\Controllers\ReceptionistController))
 9 SYSTEMPATH\CodeIgniter.php(354): CodeIgniter\CodeIgniter->handleRequest(null, Object(Config\Cache), false)
10 SYSTEMPATH\Boot.php(363): CodeIgniter\CodeIgniter->run()
11 SYSTEMPATH\Boot.php(68): CodeIgniter\Boot::runCodeIgniter(Object(CodeIgniter\CodeIgniter))
12 FCPATH\index.php(59): CodeIgniter\Boot::bootWeb(Object(Config\Paths))
DEBUG - 2025-09-09 12:25:29 --> Session: Class initialized using 'CodeIgniter\Session\Handlers\FileHandler' driver.
CRITICAL - 2025-09-09 12:25:29 --> ErrorException: Undefined variable $user
[Method: GET, Route: role_dashboard/receptionist/appointmentbooking]
in APPPATH\Views\role_dashboard\receptionist\layout.php on line 317.
 1 APPPATH\Views\role_dashboard\receptionist\layout.php(317): CodeIgniter\Debug\Exceptions->errorHandler(2, 'Undefined variable $user', 'C:\\xampp\\htdocs\\WebSystem-ITE_Group-8\\app\\Views\\role_dashboard\\receptionist\\layout.php', 317)
 2 SYSTEMPATH\View\View.php(226): include('C:\\xampp\\htdocs\\WebSystem-ITE_Group-8\\app\\Views\\role_dashboard\\receptionist\\layout.php')
 3 SYSTEMPATH\View\View.php(229): CodeIgniter\View\View->CodeIgniter\View\{closure}()
 4 SYSTEMPATH\View\View.php(242): CodeIgniter\View\View->render('role_dashboard/receptionist/layout', [], true)
 5 SYSTEMPATH\Common.php(1167): CodeIgniter\View\View->render('role_dashboard/receptionist/appointmentbooking', [], true)
 6 APPPATH\Controllers\ReceptionistController.php(122): view('role_dashboard/receptionist/appointmentbooking', [...])
 7 SYSTEMPATH\CodeIgniter.php(933): App\Controllers\ReceptionistController->appointmentbooking()
 8 SYSTEMPATH\CodeIgniter.php(507): CodeIgniter\CodeIgniter->runController(Object(App\Controllers\ReceptionistController))
 9 SYSTEMPATH\CodeIgniter.php(354): CodeIgniter\CodeIgniter->handleRequest(null, Object(Config\Cache), false)
10 SYSTEMPATH\Boot.php(363): CodeIgniter\CodeIgniter->run()
11 SYSTEMPATH\Boot.php(68): CodeIgniter\Boot::runCodeIgniter(Object(CodeIgniter\CodeIgniter))
12 FCPATH\index.php(59): CodeIgniter\Boot::bootWeb(Object(Config\Paths))
DEBUG - 2025-09-09 12:29:21 --> Session: Class initialized using 'CodeIgniter\Session\Handlers\FileHandler' driver.
DEBUG - 2025-09-09 12:29:24 --> Session: Class initialized using 'CodeIgniter\Session\Handlers\FileHandler' driver.
DEBUG - 2025-09-09 12:29:26 --> Session: Class initialized using 'CodeIgniter\Session\Handlers\FileHandler' driver.
DEBUG - 2025-09-09 12:29:28 --> Session: Class initialized using 'CodeIgniter\Session\Handlers\FileHandler' driver.
