DEBUG - 2025-09-11 09:11:51 --> Session: Class initialized using 'CodeIgniter\Session\Handlers\FileHandler' driver.
DEBUG - 2025-09-11 09:11:52 --> Session: Class initialized using 'CodeIgniter\Session\Handlers\FileHandler' driver.
DEBUG - 2025-09-11 09:12:05 --> Session: Class initialized using 'CodeIgniter\Session\Handlers\FileHandler' driver.
INFO - 2025-09-11 09:12:05 --> User receptionist logged in successfully
DEBUG - 2025-09-11 09:12:06 --> Session: Class initialized using 'CodeIgniter\Session\Handlers\FileHandler' driver.
DEBUG - 2025-09-11 09:12:43 --> Session: Class initialized using 'CodeIgniter\Session\Handlers\FileHandler' driver.
DEBUG - 2025-09-11 09:12:46 --> Session: Class initialized using 'CodeIgniter\Session\Handlers\FileHandler' driver.
DEBUG - 2025-09-11 09:12:57 --> Session: Class initialized using 'CodeIgniter\Session\Handlers\FileHandler' driver.
DEBUG - 2025-09-11 09:13:25 --> Session: Class initialized using 'CodeIgniter\Session\Handlers\FileHandler' driver.
DEBUG - 2025-09-11 09:13:34 --> Session: Class initialized using 'CodeIgniter\Session\Handlers\FileHandler' driver.
DEBUG - 2025-09-11 09:13:43 --> Session: Class initialized using 'CodeIgniter\Session\Handlers\FileHandler' driver.
DEBUG - 2025-09-11 09:13:56 --> Session: Class initialized using 'CodeIgniter\Session\Handlers\FileHandler' driver.
DEBUG - 2025-09-11 09:14:01 --> Session: Class initialized using 'CodeIgniter\Session\Handlers\FileHandler' driver.
DEBUG - 2025-09-11 09:14:03 --> Session: Class initialized using 'CodeIgniter\Session\Handlers\FileHandler' driver.
DEBUG - 2025-09-11 09:14:04 --> Session: Class initialized using 'CodeIgniter\Session\Handlers\FileHandler' driver.
DEBUG - 2025-09-11 09:14:08 --> Session: Class initialized using 'CodeIgniter\Session\Handlers\FileHandler' driver.
DEBUG - 2025-09-11 09:14:12 --> Session: Class initialized using 'CodeIgniter\Session\Handlers\FileHandler' driver.
DEBUG - 2025-09-11 09:22:14 --> Session: Class initialized using 'CodeIgniter\Session\Handlers\FileHandler' driver.
DEBUG - 2025-09-11 09:22:16 --> Session: Class initialized using 'CodeIgniter\Session\Handlers\FileHandler' driver.
DEBUG - 2025-09-11 09:30:26 --> Session: Class initialized using 'CodeIgniter\Session\Handlers\FileHandler' driver.
CRITICAL - 2025-09-11 09:30:53 --> Error: Class "App\Controllers\AppointmentModel" not found
[Method: POST, Route: role_dashboard/receptionist/saveAppointment]
in APPPATH\Controllers\ReceptionistController.php on line 124.
 1 SYSTEMPATH\CodeIgniter.php(933): App\Controllers\ReceptionistController->saveAppointment()
 2 SYSTEMPATH\CodeIgniter.php(507): CodeIgniter\CodeIgniter->runController(Object(App\Controllers\ReceptionistController))
 3 SYSTEMPATH\CodeIgniter.php(354): CodeIgniter\CodeIgniter->handleRequest(null, Object(Config\Cache), false)
 4 SYSTEMPATH\Boot.php(363): CodeIgniter\CodeIgniter->run()
 5 SYSTEMPATH\Boot.php(68): CodeIgniter\Boot::runCodeIgniter(Object(CodeIgniter\CodeIgniter))
 6 FCPATH\index.php(59): CodeIgniter\Boot::bootWeb(Object(Config\Paths))
DEBUG - 2025-09-11 09:32:46 --> Session: Class initialized using 'CodeIgniter\Session\Handlers\FileHandler' driver.
ERROR - 2025-09-11 09:32:46 --> mysqli_sql_exception: Column 'created_by' cannot be null in C:\xampp\htdocs\WebSystem-ITE_Group-8\system\Database\MySQLi\Connection.php:327
Stack trace:
#0 C:\xampp\htdocs\WebSystem-ITE_Group-8\system\Database\MySQLi\Connection.php(327): mysqli->query('INSERT INTO `ap...', 0)
#1 C:\xampp\htdocs\WebSystem-ITE_Group-8\system\Database\BaseConnection.php(729): CodeIgniter\Database\MySQLi\Connection->execute('INSERT INTO `ap...')
#2 C:\xampp\htdocs\WebSystem-ITE_Group-8\system\Database\BaseConnection.php(646): CodeIgniter\Database\BaseConnection->simpleQuery('INSERT INTO `ap...')
#3 C:\xampp\htdocs\WebSystem-ITE_Group-8\system\Database\BaseBuilder.php(2345): CodeIgniter\Database\BaseConnection->query('INSERT INTO `ap...', Array, false)
#4 C:\xampp\htdocs\WebSystem-ITE_Group-8\system\Model.php(394): CodeIgniter\Database\BaseBuilder->insert()
#5 C:\xampp\htdocs\WebSystem-ITE_Group-8\system\BaseModel.php(838): CodeIgniter\Model->doInsert(Array)
#6 C:\xampp\htdocs\WebSystem-ITE_Group-8\system\Model.php(797): CodeIgniter\BaseModel->insert(Array, false)
#7 C:\xampp\htdocs\WebSystem-ITE_Group-8\system\BaseModel.php(751): CodeIgniter\Model->insert(Array, false)
#8 C:\xampp\htdocs\WebSystem-ITE_Group-8\app\Controllers\ReceptionistController.php(139): CodeIgniter\BaseModel->save(Array)
#9 C:\xampp\htdocs\WebSystem-ITE_Group-8\system\CodeIgniter.php(933): App\Controllers\ReceptionistController->saveAppointment()
#10 C:\xampp\htdocs\WebSystem-ITE_Group-8\system\CodeIgniter.php(507): CodeIgniter\CodeIgniter->runController(Object(App\Controllers\ReceptionistController))
#11 C:\xampp\htdocs\WebSystem-ITE_Group-8\system\CodeIgniter.php(354): CodeIgniter\CodeIgniter->handleRequest(NULL, Object(Config\Cache), false)
#12 C:\xampp\htdocs\WebSystem-ITE_Group-8\system\Boot.php(363): CodeIgniter\CodeIgniter->run()
#13 C:\xampp\htdocs\WebSystem-ITE_Group-8\system\Boot.php(68): CodeIgniter\Boot::runCodeIgniter(Object(CodeIgniter\CodeIgniter))
#14 C:\xampp\htdocs\WebSystem-ITE_Group-8\public\index.php(59): CodeIgniter\Boot::bootWeb(Object(Config\Paths))
#15 {main}
CRITICAL - 2025-09-11 09:32:46 --> CodeIgniter\Database\Exceptions\DatabaseException: Column 'created_by' cannot be null
[Method: POST, Route: role_dashboard/receptionist/saveAppointment]
in SYSTEMPATH\Database\BaseConnection.php on line 684.
 1 SYSTEMPATH\Database\BaseBuilder.php(2345): CodeIgniter\Database\BaseConnection->query('INSERT INTO `appointments` (`patient_id`, `doctor_id`, `appointment_date`, `appointment_time`, `appointment_type`, `status`, `notes`, `created_by`, `created_at`, `updated_at`) VALUES (:patient_id:, :doctor_id:, :appointment_date:, :appointment_time:, :appointment_type:, :status:, :notes:, :created_by:, :created_at:, :updated_at:)', [...], false)
 2 SYSTEMPATH\Model.php(394): CodeIgniter\Database\BaseBuilder->insert()
 3 SYSTEMPATH\BaseModel.php(838): CodeIgniter\Model->doInsert([...])
 4 SYSTEMPATH\Model.php(797): CodeIgniter\BaseModel->insert([...], false)
 5 SYSTEMPATH\BaseModel.php(751): CodeIgniter\Model->insert([...], false)
 6 APPPATH\Controllers\ReceptionistController.php(139): CodeIgniter\BaseModel->save([...])
 7 SYSTEMPATH\CodeIgniter.php(933): App\Controllers\ReceptionistController->saveAppointment()
 8 SYSTEMPATH\CodeIgniter.php(507): CodeIgniter\CodeIgniter->runController(Object(App\Controllers\ReceptionistController))
 9 SYSTEMPATH\CodeIgniter.php(354): CodeIgniter\CodeIgniter->handleRequest(null, Object(Config\Cache), false)
10 SYSTEMPATH\Boot.php(363): CodeIgniter\CodeIgniter->run()
11 SYSTEMPATH\Boot.php(68): CodeIgniter\Boot::runCodeIgniter(Object(CodeIgniter\CodeIgniter))
12 FCPATH\index.php(59): CodeIgniter\Boot::bootWeb(Object(Config\Paths))
CRITICAL - 2025-09-11 09:32:46 --> [Caused by] CodeIgniter\Database\Exceptions\DatabaseException: Column 'created_by' cannot be null
in SYSTEMPATH\Database\MySQLi\Connection.php on line 332.
 1 SYSTEMPATH\Database\BaseConnection.php(729): CodeIgniter\Database\MySQLi\Connection->execute('INSERT INTO `appointments` (`patient_id`, `doctor_id`, `appointment_date`, `appointment_time`, `appointment_type`, `status`, `notes`, `created_by`, `created_at`, `updated_at`) VALUES (\'5\', \'2\', \'2025-09-12\', \'09:30\', \'Surgery\', \'Scheduled\', \'vip\', NULL, \'2025-09-11 09:32:46\', \'2025-09-11 09:32:46\')')
 2 SYSTEMPATH\Database\BaseConnection.php(646): CodeIgniter\Database\BaseConnection->simpleQuery('INSERT INTO `appointments` (`patient_id`, `doctor_id`, `appointment_date`, `appointment_time`, `appointment_type`, `status`, `notes`, `created_by`, `created_at`, `updated_at`) VALUES (\'5\', \'2\', \'2025-09-12\', \'09:30\', \'Surgery\', \'Scheduled\', \'vip\', NULL, \'2025-09-11 09:32:46\', \'2025-09-11 09:32:46\')')
 3 SYSTEMPATH\Database\BaseBuilder.php(2345): CodeIgniter\Database\BaseConnection->query('INSERT INTO `appointments` (`patient_id`, `doctor_id`, `appointment_date`, `appointment_time`, `appointment_type`, `status`, `notes`, `created_by`, `created_at`, `updated_at`) VALUES (:patient_id:, :doctor_id:, :appointment_date:, :appointment_time:, :appointment_type:, :status:, :notes:, :created_by:, :created_at:, :updated_at:)', [...], false)
 4 SYSTEMPATH\Model.php(394): CodeIgniter\Database\BaseBuilder->insert()
 5 SYSTEMPATH\BaseModel.php(838): CodeIgniter\Model->doInsert([...])
 6 SYSTEMPATH\Model.php(797): CodeIgniter\BaseModel->insert([...], false)
 7 SYSTEMPATH\BaseModel.php(751): CodeIgniter\Model->insert([...], false)
 8 APPPATH\Controllers\ReceptionistController.php(139): CodeIgniter\BaseModel->save([...])
 9 SYSTEMPATH\CodeIgniter.php(933): App\Controllers\ReceptionistController->saveAppointment()
10 SYSTEMPATH\CodeIgniter.php(507): CodeIgniter\CodeIgniter->runController(Object(App\Controllers\ReceptionistController))
11 SYSTEMPATH\CodeIgniter.php(354): CodeIgniter\CodeIgniter->handleRequest(null, Object(Config\Cache), false)
12 SYSTEMPATH\Boot.php(363): CodeIgniter\CodeIgniter->run()
13 SYSTEMPATH\Boot.php(68): CodeIgniter\Boot::runCodeIgniter(Object(CodeIgniter\CodeIgniter))
14 FCPATH\index.php(59): CodeIgniter\Boot::bootWeb(Object(Config\Paths))
CRITICAL - 2025-09-11 09:32:46 --> [Caused by] mysqli_sql_exception: Column 'created_by' cannot be null
in SYSTEMPATH\Database\MySQLi\Connection.php on line 327.
 1 SYSTEMPATH\Database\MySQLi\Connection.php(327): mysqli->query('INSERT INTO `appointments` (`patient_id`, `doctor_id`, `appointment_date`, `appointment_time`, `appointment_type`, `status`, `notes`, `created_by`, `created_at`, `updated_at`) VALUES (\'5\', \'2\', \'2025-09-12\', \'09:30\', \'Surgery\', \'Scheduled\', \'vip\', NULL, \'2025-09-11 09:32:46\', \'2025-09-11 09:32:46\')', 0)
 2 SYSTEMPATH\Database\BaseConnection.php(729): CodeIgniter\Database\MySQLi\Connection->execute('INSERT INTO `appointments` (`patient_id`, `doctor_id`, `appointment_date`, `appointment_time`, `appointment_type`, `status`, `notes`, `created_by`, `created_at`, `updated_at`) VALUES (\'5\', \'2\', \'2025-09-12\', \'09:30\', \'Surgery\', \'Scheduled\', \'vip\', NULL, \'2025-09-11 09:32:46\', \'2025-09-11 09:32:46\')')
 3 SYSTEMPATH\Database\BaseConnection.php(646): CodeIgniter\Database\BaseConnection->simpleQuery('INSERT INTO `appointments` (`patient_id`, `doctor_id`, `appointment_date`, `appointment_time`, `appointment_type`, `status`, `notes`, `created_by`, `created_at`, `updated_at`) VALUES (\'5\', \'2\', \'2025-09-12\', \'09:30\', \'Surgery\', \'Scheduled\', \'vip\', NULL, \'2025-09-11 09:32:46\', \'2025-09-11 09:32:46\')')
 4 SYSTEMPATH\Database\BaseBuilder.php(2345): CodeIgniter\Database\BaseConnection->query('INSERT INTO `appointments` (`patient_id`, `doctor_id`, `appointment_date`, `appointment_time`, `appointment_type`, `status`, `notes`, `created_by`, `created_at`, `updated_at`) VALUES (:patient_id:, :doctor_id:, :appointment_date:, :appointment_time:, :appointment_type:, :status:, :notes:, :created_by:, :created_at:, :updated_at:)', [...], false)
 5 SYSTEMPATH\Model.php(394): CodeIgniter\Database\BaseBuilder->insert()
 6 SYSTEMPATH\BaseModel.php(838): CodeIgniter\Model->doInsert([...])
 7 SYSTEMPATH\Model.php(797): CodeIgniter\BaseModel->insert([...], false)
 8 SYSTEMPATH\BaseModel.php(751): CodeIgniter\Model->insert([...], false)
 9 APPPATH\Controllers\ReceptionistController.php(139): CodeIgniter\BaseModel->save([...])
10 SYSTEMPATH\CodeIgniter.php(933): App\Controllers\ReceptionistController->saveAppointment()
11 SYSTEMPATH\CodeIgniter.php(507): CodeIgniter\CodeIgniter->runController(Object(App\Controllers\ReceptionistController))
12 SYSTEMPATH\CodeIgniter.php(354): CodeIgniter\CodeIgniter->handleRequest(null, Object(Config\Cache), false)
13 SYSTEMPATH\Boot.php(363): CodeIgniter\CodeIgniter->run()
14 SYSTEMPATH\Boot.php(68): CodeIgniter\Boot::runCodeIgniter(Object(CodeIgniter\CodeIgniter))
15 FCPATH\index.php(59): CodeIgniter\Boot::bootWeb(Object(Config\Paths))
DEBUG - 2025-09-11 09:43:30 --> Session: Class initialized using 'CodeIgniter\Session\Handlers\FileHandler' driver.
DEBUG - 2025-09-11 09:43:33 --> Session: Class initialized using 'CodeIgniter\Session\Handlers\FileHandler' driver.
ERROR - 2025-09-11 09:43:33 --> mysqli_sql_exception: Column 'created_by' cannot be null in C:\xampp\htdocs\WebSystem-ITE_Group-8\system\Database\MySQLi\Connection.php:327
Stack trace:
#0 C:\xampp\htdocs\WebSystem-ITE_Group-8\system\Database\MySQLi\Connection.php(327): mysqli->query('INSERT INTO `ap...', 0)
#1 C:\xampp\htdocs\WebSystem-ITE_Group-8\system\Database\BaseConnection.php(729): CodeIgniter\Database\MySQLi\Connection->execute('INSERT INTO `ap...')
#2 C:\xampp\htdocs\WebSystem-ITE_Group-8\system\Database\BaseConnection.php(646): CodeIgniter\Database\BaseConnection->simpleQuery('INSERT INTO `ap...')
#3 C:\xampp\htdocs\WebSystem-ITE_Group-8\system\Database\BaseBuilder.php(2345): CodeIgniter\Database\BaseConnection->query('INSERT INTO `ap...', Array, false)
#4 C:\xampp\htdocs\WebSystem-ITE_Group-8\system\Model.php(394): CodeIgniter\Database\BaseBuilder->insert()
#5 C:\xampp\htdocs\WebSystem-ITE_Group-8\system\BaseModel.php(838): CodeIgniter\Model->doInsert(Array)
#6 C:\xampp\htdocs\WebSystem-ITE_Group-8\system\Model.php(797): CodeIgniter\BaseModel->insert(Array, false)
#7 C:\xampp\htdocs\WebSystem-ITE_Group-8\system\BaseModel.php(751): CodeIgniter\Model->insert(Array, false)
#8 C:\xampp\htdocs\WebSystem-ITE_Group-8\app\Controllers\ReceptionistController.php(139): CodeIgniter\BaseModel->save(Array)
#9 C:\xampp\htdocs\WebSystem-ITE_Group-8\system\CodeIgniter.php(933): App\Controllers\ReceptionistController->saveAppointment()
#10 C:\xampp\htdocs\WebSystem-ITE_Group-8\system\CodeIgniter.php(507): CodeIgniter\CodeIgniter->runController(Object(App\Controllers\ReceptionistController))
#11 C:\xampp\htdocs\WebSystem-ITE_Group-8\system\CodeIgniter.php(354): CodeIgniter\CodeIgniter->handleRequest(NULL, Object(Config\Cache), false)
#12 C:\xampp\htdocs\WebSystem-ITE_Group-8\system\Boot.php(363): CodeIgniter\CodeIgniter->run()
#13 C:\xampp\htdocs\WebSystem-ITE_Group-8\system\Boot.php(68): CodeIgniter\Boot::runCodeIgniter(Object(CodeIgniter\CodeIgniter))
#14 C:\xampp\htdocs\WebSystem-ITE_Group-8\public\index.php(59): CodeIgniter\Boot::bootWeb(Object(Config\Paths))
#15 {main}
CRITICAL - 2025-09-11 09:43:33 --> CodeIgniter\Database\Exceptions\DatabaseException: Column 'created_by' cannot be null
[Method: POST, Route: role_dashboard/receptionist/saveAppointment]
in SYSTEMPATH\Database\BaseConnection.php on line 684.
 1 SYSTEMPATH\Database\BaseBuilder.php(2345): CodeIgniter\Database\BaseConnection->query('INSERT INTO `appointments` (`patient_id`, `doctor_id`, `appointment_date`, `appointment_time`, `appointment_type`, `status`, `notes`, `created_by`, `created_at`, `updated_at`) VALUES (:patient_id:, :doctor_id:, :appointment_date:, :appointment_time:, :appointment_type:, :status:, :notes:, :created_by:, :created_at:, :updated_at:)', [...], false)
 2 SYSTEMPATH\Model.php(394): CodeIgniter\Database\BaseBuilder->insert()
 3 SYSTEMPATH\BaseModel.php(838): CodeIgniter\Model->doInsert([...])
 4 SYSTEMPATH\Model.php(797): CodeIgniter\BaseModel->insert([...], false)
 5 SYSTEMPATH\BaseModel.php(751): CodeIgniter\Model->insert([...], false)
 6 APPPATH\Controllers\ReceptionistController.php(139): CodeIgniter\BaseModel->save([...])
 7 SYSTEMPATH\CodeIgniter.php(933): App\Controllers\ReceptionistController->saveAppointment()
 8 SYSTEMPATH\CodeIgniter.php(507): CodeIgniter\CodeIgniter->runController(Object(App\Controllers\ReceptionistController))
 9 SYSTEMPATH\CodeIgniter.php(354): CodeIgniter\CodeIgniter->handleRequest(null, Object(Config\Cache), false)
10 SYSTEMPATH\Boot.php(363): CodeIgniter\CodeIgniter->run()
11 SYSTEMPATH\Boot.php(68): CodeIgniter\Boot::runCodeIgniter(Object(CodeIgniter\CodeIgniter))
12 FCPATH\index.php(59): CodeIgniter\Boot::bootWeb(Object(Config\Paths))
CRITICAL - 2025-09-11 09:43:33 --> [Caused by] CodeIgniter\Database\Exceptions\DatabaseException: Column 'created_by' cannot be null
in SYSTEMPATH\Database\MySQLi\Connection.php on line 332.
 1 SYSTEMPATH\Database\BaseConnection.php(729): CodeIgniter\Database\MySQLi\Connection->execute('INSERT INTO `appointments` (`patient_id`, `doctor_id`, `appointment_date`, `appointment_time`, `appointment_type`, `status`, `notes`, `created_by`, `created_at`, `updated_at`) VALUES (\'5\', \'2\', \'2025-09-12\', \'09:30\', \'Surgery\', \'Scheduled\', \'vip\', NULL, \'2025-09-11 09:43:33\', \'2025-09-11 09:43:33\')')
 2 SYSTEMPATH\Database\BaseConnection.php(646): CodeIgniter\Database\BaseConnection->simpleQuery('INSERT INTO `appointments` (`patient_id`, `doctor_id`, `appointment_date`, `appointment_time`, `appointment_type`, `status`, `notes`, `created_by`, `created_at`, `updated_at`) VALUES (\'5\', \'2\', \'2025-09-12\', \'09:30\', \'Surgery\', \'Scheduled\', \'vip\', NULL, \'2025-09-11 09:43:33\', \'2025-09-11 09:43:33\')')
 3 SYSTEMPATH\Database\BaseBuilder.php(2345): CodeIgniter\Database\BaseConnection->query('INSERT INTO `appointments` (`patient_id`, `doctor_id`, `appointment_date`, `appointment_time`, `appointment_type`, `status`, `notes`, `created_by`, `created_at`, `updated_at`) VALUES (:patient_id:, :doctor_id:, :appointment_date:, :appointment_time:, :appointment_type:, :status:, :notes:, :created_by:, :created_at:, :updated_at:)', [...], false)
 4 SYSTEMPATH\Model.php(394): CodeIgniter\Database\BaseBuilder->insert()
 5 SYSTEMPATH\BaseModel.php(838): CodeIgniter\Model->doInsert([...])
 6 SYSTEMPATH\Model.php(797): CodeIgniter\BaseModel->insert([...], false)
 7 SYSTEMPATH\BaseModel.php(751): CodeIgniter\Model->insert([...], false)
 8 APPPATH\Controllers\ReceptionistController.php(139): CodeIgniter\BaseModel->save([...])
 9 SYSTEMPATH\CodeIgniter.php(933): App\Controllers\ReceptionistController->saveAppointment()
10 SYSTEMPATH\CodeIgniter.php(507): CodeIgniter\CodeIgniter->runController(Object(App\Controllers\ReceptionistController))
11 SYSTEMPATH\CodeIgniter.php(354): CodeIgniter\CodeIgniter->handleRequest(null, Object(Config\Cache), false)
12 SYSTEMPATH\Boot.php(363): CodeIgniter\CodeIgniter->run()
13 SYSTEMPATH\Boot.php(68): CodeIgniter\Boot::runCodeIgniter(Object(CodeIgniter\CodeIgniter))
14 FCPATH\index.php(59): CodeIgniter\Boot::bootWeb(Object(Config\Paths))
CRITICAL - 2025-09-11 09:43:33 --> [Caused by] mysqli_sql_exception: Column 'created_by' cannot be null
in SYSTEMPATH\Database\MySQLi\Connection.php on line 327.
 1 SYSTEMPATH\Database\MySQLi\Connection.php(327): mysqli->query('INSERT INTO `appointments` (`patient_id`, `doctor_id`, `appointment_date`, `appointment_time`, `appointment_type`, `status`, `notes`, `created_by`, `created_at`, `updated_at`) VALUES (\'5\', \'2\', \'2025-09-12\', \'09:30\', \'Surgery\', \'Scheduled\', \'vip\', NULL, \'2025-09-11 09:43:33\', \'2025-09-11 09:43:33\')', 0)
 2 SYSTEMPATH\Database\BaseConnection.php(729): CodeIgniter\Database\MySQLi\Connection->execute('INSERT INTO `appointments` (`patient_id`, `doctor_id`, `appointment_date`, `appointment_time`, `appointment_type`, `status`, `notes`, `created_by`, `created_at`, `updated_at`) VALUES (\'5\', \'2\', \'2025-09-12\', \'09:30\', \'Surgery\', \'Scheduled\', \'vip\', NULL, \'2025-09-11 09:43:33\', \'2025-09-11 09:43:33\')')
 3 SYSTEMPATH\Database\BaseConnection.php(646): CodeIgniter\Database\BaseConnection->simpleQuery('INSERT INTO `appointments` (`patient_id`, `doctor_id`, `appointment_date`, `appointment_time`, `appointment_type`, `status`, `notes`, `created_by`, `created_at`, `updated_at`) VALUES (\'5\', \'2\', \'2025-09-12\', \'09:30\', \'Surgery\', \'Scheduled\', \'vip\', NULL, \'2025-09-11 09:43:33\', \'2025-09-11 09:43:33\')')
 4 SYSTEMPATH\Database\BaseBuilder.php(2345): CodeIgniter\Database\BaseConnection->query('INSERT INTO `appointments` (`patient_id`, `doctor_id`, `appointment_date`, `appointment_time`, `appointment_type`, `status`, `notes`, `created_by`, `created_at`, `updated_at`) VALUES (:patient_id:, :doctor_id:, :appointment_date:, :appointment_time:, :appointment_type:, :status:, :notes:, :created_by:, :created_at:, :updated_at:)', [...], false)
 5 SYSTEMPATH\Model.php(394): CodeIgniter\Database\BaseBuilder->insert()
 6 SYSTEMPATH\BaseModel.php(838): CodeIgniter\Model->doInsert([...])
 7 SYSTEMPATH\Model.php(797): CodeIgniter\BaseModel->insert([...], false)
 8 SYSTEMPATH\BaseModel.php(751): CodeIgniter\Model->insert([...], false)
 9 APPPATH\Controllers\ReceptionistController.php(139): CodeIgniter\BaseModel->save([...])
10 SYSTEMPATH\CodeIgniter.php(933): App\Controllers\ReceptionistController->saveAppointment()
11 SYSTEMPATH\CodeIgniter.php(507): CodeIgniter\CodeIgniter->runController(Object(App\Controllers\ReceptionistController))
12 SYSTEMPATH\CodeIgniter.php(354): CodeIgniter\CodeIgniter->handleRequest(null, Object(Config\Cache), false)
13 SYSTEMPATH\Boot.php(363): CodeIgniter\CodeIgniter->run()
14 SYSTEMPATH\Boot.php(68): CodeIgniter\Boot::runCodeIgniter(Object(CodeIgniter\CodeIgniter))
15 FCPATH\index.php(59): CodeIgniter\Boot::bootWeb(Object(Config\Paths))
DEBUG - 2025-09-11 10:19:23 --> Session: Class initialized using 'CodeIgniter\Session\Handlers\FileHandler' driver.
DEBUG - 2025-09-11 10:22:20 --> Session: Class initialized using 'CodeIgniter\Session\Handlers\FileHandler' driver.
DEBUG - 2025-09-11 10:22:23 --> Session: Class initialized using 'CodeIgniter\Session\Handlers\FileHandler' driver.
ERROR - 2025-09-11 10:22:23 --> mysqli_sql_exception: Duplicate entry '2-2025-09-12-09:30:00' for key 'unique_doctor_schedule' in C:\xampp\htdocs\WebSystem-ITE_Group-8\system\Database\MySQLi\Connection.php:327
Stack trace:
#0 C:\xampp\htdocs\WebSystem-ITE_Group-8\system\Database\MySQLi\Connection.php(327): mysqli->query('INSERT INTO `ap...', 0)
#1 C:\xampp\htdocs\WebSystem-ITE_Group-8\system\Database\BaseConnection.php(729): CodeIgniter\Database\MySQLi\Connection->execute('INSERT INTO `ap...')
#2 C:\xampp\htdocs\WebSystem-ITE_Group-8\system\Database\BaseConnection.php(646): CodeIgniter\Database\BaseConnection->simpleQuery('INSERT INTO `ap...')
#3 C:\xampp\htdocs\WebSystem-ITE_Group-8\system\Database\BaseBuilder.php(2345): CodeIgniter\Database\BaseConnection->query('INSERT INTO `ap...', Array, false)
#4 C:\xampp\htdocs\WebSystem-ITE_Group-8\system\Model.php(394): CodeIgniter\Database\BaseBuilder->insert()
#5 C:\xampp\htdocs\WebSystem-ITE_Group-8\system\BaseModel.php(838): CodeIgniter\Model->doInsert(Array)
#6 C:\xampp\htdocs\WebSystem-ITE_Group-8\system\Model.php(797): CodeIgniter\BaseModel->insert(Array, false)
#7 C:\xampp\htdocs\WebSystem-ITE_Group-8\system\BaseModel.php(751): CodeIgniter\Model->insert(Array, false)
#8 C:\xampp\htdocs\WebSystem-ITE_Group-8\app\Controllers\ReceptionistController.php(139): CodeIgniter\BaseModel->save(Array)
#9 C:\xampp\htdocs\WebSystem-ITE_Group-8\system\CodeIgniter.php(933): App\Controllers\ReceptionistController->saveAppointment()
#10 C:\xampp\htdocs\WebSystem-ITE_Group-8\system\CodeIgniter.php(507): CodeIgniter\CodeIgniter->runController(Object(App\Controllers\ReceptionistController))
#11 C:\xampp\htdocs\WebSystem-ITE_Group-8\system\CodeIgniter.php(354): CodeIgniter\CodeIgniter->handleRequest(NULL, Object(Config\Cache), false)
#12 C:\xampp\htdocs\WebSystem-ITE_Group-8\system\Boot.php(363): CodeIgniter\CodeIgniter->run()
#13 C:\xampp\htdocs\WebSystem-ITE_Group-8\system\Boot.php(68): CodeIgniter\Boot::runCodeIgniter(Object(CodeIgniter\CodeIgniter))
#14 C:\xampp\htdocs\WebSystem-ITE_Group-8\public\index.php(59): CodeIgniter\Boot::bootWeb(Object(Config\Paths))
#15 {main}
CRITICAL - 2025-09-11 10:22:23 --> CodeIgniter\Database\Exceptions\DatabaseException: Duplicate entry '2-2025-09-12-09:30:00' for key 'unique_doctor_schedule'
[Method: POST, Route: role_dashboard/receptionist/saveAppointment]
in SYSTEMPATH\Database\BaseConnection.php on line 684.
 1 SYSTEMPATH\Database\BaseBuilder.php(2345): CodeIgniter\Database\BaseConnection->query('INSERT INTO `appointments` (`patient_id`, `doctor_id`, `appointment_date`, `appointment_time`, `appointment_type`, `status`, `notes`, `created_by`, `created_at`, `updated_at`) VALUES (:patient_id:, :doctor_id:, :appointment_date:, :appointment_time:, :appointment_type:, :status:, :notes:, :created_by:, :created_at:, :updated_at:)', [...], false)
 2 SYSTEMPATH\Model.php(394): CodeIgniter\Database\BaseBuilder->insert()
 3 SYSTEMPATH\BaseModel.php(838): CodeIgniter\Model->doInsert([...])
 4 SYSTEMPATH\Model.php(797): CodeIgniter\BaseModel->insert([...], false)
 5 SYSTEMPATH\BaseModel.php(751): CodeIgniter\Model->insert([...], false)
 6 APPPATH\Controllers\ReceptionistController.php(139): CodeIgniter\BaseModel->save([...])
 7 SYSTEMPATH\CodeIgniter.php(933): App\Controllers\ReceptionistController->saveAppointment()
 8 SYSTEMPATH\CodeIgniter.php(507): CodeIgniter\CodeIgniter->runController(Object(App\Controllers\ReceptionistController))
 9 SYSTEMPATH\CodeIgniter.php(354): CodeIgniter\CodeIgniter->handleRequest(null, Object(Config\Cache), false)
10 SYSTEMPATH\Boot.php(363): CodeIgniter\CodeIgniter->run()
11 SYSTEMPATH\Boot.php(68): CodeIgniter\Boot::runCodeIgniter(Object(CodeIgniter\CodeIgniter))
12 FCPATH\index.php(59): CodeIgniter\Boot::bootWeb(Object(Config\Paths))
CRITICAL - 2025-09-11 10:22:23 --> [Caused by] CodeIgniter\Database\Exceptions\DatabaseException: Duplicate entry '2-2025-09-12-09:30:00' for key 'unique_doctor_schedule'
in SYSTEMPATH\Database\MySQLi\Connection.php on line 332.
 1 SYSTEMPATH\Database\BaseConnection.php(729): CodeIgniter\Database\MySQLi\Connection->execute('INSERT INTO `appointments` (`patient_id`, `doctor_id`, `appointment_date`, `appointment_time`, `appointment_type`, `status`, `notes`, `created_by`, `created_at`, `updated_at`) VALUES (\'5\', \'2\', \'2025-09-12\', \'09:30\', \'Surgery\', \'Scheduled\', \'vip\', \'1\', \'2025-09-11 10:22:23\', \'2025-09-11 10:22:23\')')
 2 SYSTEMPATH\Database\BaseConnection.php(646): CodeIgniter\Database\BaseConnection->simpleQuery('INSERT INTO `appointments` (`patient_id`, `doctor_id`, `appointment_date`, `appointment_time`, `appointment_type`, `status`, `notes`, `created_by`, `created_at`, `updated_at`) VALUES (\'5\', \'2\', \'2025-09-12\', \'09:30\', \'Surgery\', \'Scheduled\', \'vip\', \'1\', \'2025-09-11 10:22:23\', \'2025-09-11 10:22:23\')')
 3 SYSTEMPATH\Database\BaseBuilder.php(2345): CodeIgniter\Database\BaseConnection->query('INSERT INTO `appointments` (`patient_id`, `doctor_id`, `appointment_date`, `appointment_time`, `appointment_type`, `status`, `notes`, `created_by`, `created_at`, `updated_at`) VALUES (:patient_id:, :doctor_id:, :appointment_date:, :appointment_time:, :appointment_type:, :status:, :notes:, :created_by:, :created_at:, :updated_at:)', [...], false)
 4 SYSTEMPATH\Model.php(394): CodeIgniter\Database\BaseBuilder->insert()
 5 SYSTEMPATH\BaseModel.php(838): CodeIgniter\Model->doInsert([...])
 6 SYSTEMPATH\Model.php(797): CodeIgniter\BaseModel->insert([...], false)
 7 SYSTEMPATH\BaseModel.php(751): CodeIgniter\Model->insert([...], false)
 8 APPPATH\Controllers\ReceptionistController.php(139): CodeIgniter\BaseModel->save([...])
 9 SYSTEMPATH\CodeIgniter.php(933): App\Controllers\ReceptionistController->saveAppointment()
10 SYSTEMPATH\CodeIgniter.php(507): CodeIgniter\CodeIgniter->runController(Object(App\Controllers\ReceptionistController))
11 SYSTEMPATH\CodeIgniter.php(354): CodeIgniter\CodeIgniter->handleRequest(null, Object(Config\Cache), false)
12 SYSTEMPATH\Boot.php(363): CodeIgniter\CodeIgniter->run()
13 SYSTEMPATH\Boot.php(68): CodeIgniter\Boot::runCodeIgniter(Object(CodeIgniter\CodeIgniter))
14 FCPATH\index.php(59): CodeIgniter\Boot::bootWeb(Object(Config\Paths))
CRITICAL - 2025-09-11 10:22:23 --> [Caused by] mysqli_sql_exception: Duplicate entry '2-2025-09-12-09:30:00' for key 'unique_doctor_schedule'
in SYSTEMPATH\Database\MySQLi\Connection.php on line 327.
 1 SYSTEMPATH\Database\MySQLi\Connection.php(327): mysqli->query('INSERT INTO `appointments` (`patient_id`, `doctor_id`, `appointment_date`, `appointment_time`, `appointment_type`, `status`, `notes`, `created_by`, `created_at`, `updated_at`) VALUES (\'5\', \'2\', \'2025-09-12\', \'09:30\', \'Surgery\', \'Scheduled\', \'vip\', \'1\', \'2025-09-11 10:22:23\', \'2025-09-11 10:22:23\')', 0)
 2 SYSTEMPATH\Database\BaseConnection.php(729): CodeIgniter\Database\MySQLi\Connection->execute('INSERT INTO `appointments` (`patient_id`, `doctor_id`, `appointment_date`, `appointment_time`, `appointment_type`, `status`, `notes`, `created_by`, `created_at`, `updated_at`) VALUES (\'5\', \'2\', \'2025-09-12\', \'09:30\', \'Surgery\', \'Scheduled\', \'vip\', \'1\', \'2025-09-11 10:22:23\', \'2025-09-11 10:22:23\')')
 3 SYSTEMPATH\Database\BaseConnection.php(646): CodeIgniter\Database\BaseConnection->simpleQuery('INSERT INTO `appointments` (`patient_id`, `doctor_id`, `appointment_date`, `appointment_time`, `appointment_type`, `status`, `notes`, `created_by`, `created_at`, `updated_at`) VALUES (\'5\', \'2\', \'2025-09-12\', \'09:30\', \'Surgery\', \'Scheduled\', \'vip\', \'1\', \'2025-09-11 10:22:23\', \'2025-09-11 10:22:23\')')
 4 SYSTEMPATH\Database\BaseBuilder.php(2345): CodeIgniter\Database\BaseConnection->query('INSERT INTO `appointments` (`patient_id`, `doctor_id`, `appointment_date`, `appointment_time`, `appointment_type`, `status`, `notes`, `created_by`, `created_at`, `updated_at`) VALUES (:patient_id:, :doctor_id:, :appointment_date:, :appointment_time:, :appointment_type:, :status:, :notes:, :created_by:, :created_at:, :updated_at:)', [...], false)
 5 SYSTEMPATH\Model.php(394): CodeIgniter\Database\BaseBuilder->insert()
 6 SYSTEMPATH\BaseModel.php(838): CodeIgniter\Model->doInsert([...])
 7 SYSTEMPATH\Model.php(797): CodeIgniter\BaseModel->insert([...], false)
 8 SYSTEMPATH\BaseModel.php(751): CodeIgniter\Model->insert([...], false)
 9 APPPATH\Controllers\ReceptionistController.php(139): CodeIgniter\BaseModel->save([...])
10 SYSTEMPATH\CodeIgniter.php(933): App\Controllers\ReceptionistController->saveAppointment()
11 SYSTEMPATH\CodeIgniter.php(507): CodeIgniter\CodeIgniter->runController(Object(App\Controllers\ReceptionistController))
12 SYSTEMPATH\CodeIgniter.php(354): CodeIgniter\CodeIgniter->handleRequest(null, Object(Config\Cache), false)
13 SYSTEMPATH\Boot.php(363): CodeIgniter\CodeIgniter->run()
14 SYSTEMPATH\Boot.php(68): CodeIgniter\Boot::runCodeIgniter(Object(CodeIgniter\CodeIgniter))
15 FCPATH\index.php(59): CodeIgniter\Boot::bootWeb(Object(Config\Paths))
DEBUG - 2025-09-11 10:27:30 --> Session: Class initialized using 'CodeIgniter\Session\Handlers\FileHandler' driver.
DEBUG - 2025-09-11 10:40:16 --> Session: Class initialized using 'CodeIgniter\Session\Handlers\FileHandler' driver.
DEBUG - 2025-09-11 10:43:44 --> Session: Class initialized using 'CodeIgniter\Session\Handlers\FileHandler' driver.
DEBUG - 2025-09-11 10:43:44 --> Session: Class initialized using 'CodeIgniter\Session\Handlers\FileHandler' driver.
DEBUG - 2025-09-11 10:44:36 --> Session: Class initialized using 'CodeIgniter\Session\Handlers\FileHandler' driver.
DEBUG - 2025-09-11 10:45:22 --> Session: Class initialized using 'CodeIgniter\Session\Handlers\FileHandler' driver.
DEBUG - 2025-09-11 10:45:22 --> Session: Class initialized using 'CodeIgniter\Session\Handlers\FileHandler' driver.
DEBUG - 2025-09-11 10:46:11 --> Session: Class initialized using 'CodeIgniter\Session\Handlers\FileHandler' driver.
DEBUG - 2025-09-11 10:46:12 --> Session: Class initialized using 'CodeIgniter\Session\Handlers\FileHandler' driver.
DEBUG - 2025-09-11 10:47:01 --> Session: Class initialized using 'CodeIgniter\Session\Handlers\FileHandler' driver.
DEBUG - 2025-09-11 10:47:01 --> Session: Class initialized using 'CodeIgniter\Session\Handlers\FileHandler' driver.
DEBUG - 2025-09-11 11:01:41 --> Session: Class initialized using 'CodeIgniter\Session\Handlers\FileHandler' driver.
DEBUG - 2025-09-11 11:02:01 --> Session: Class initialized using 'CodeIgniter\Session\Handlers\FileHandler' driver.
DEBUG - 2025-09-11 11:02:01 --> Session: Class initialized using 'CodeIgniter\Session\Handlers\FileHandler' driver.
DEBUG - 2025-09-11 11:05:55 --> Session: Class initialized using 'CodeIgniter\Session\Handlers\FileHandler' driver.
DEBUG - 2025-09-11 11:05:55 --> Session: Class initialized using 'CodeIgniter\Session\Handlers\FileHandler' driver.
DEBUG - 2025-09-11 11:16:33 --> Session: Class initialized using 'CodeIgniter\Session\Handlers\FileHandler' driver.
DEBUG - 2025-09-11 11:18:32 --> Session: Class initialized using 'CodeIgniter\Session\Handlers\FileHandler' driver.
DEBUG - 2025-09-11 11:18:32 --> Session: Class initialized using 'CodeIgniter\Session\Handlers\FileHandler' driver.
DEBUG - 2025-09-11 11:23:06 --> Session: Class initialized using 'CodeIgniter\Session\Handlers\FileHandler' driver.
DEBUG - 2025-09-11 11:23:33 --> Session: Class initialized using 'CodeIgniter\Session\Handlers\FileHandler' driver.
DEBUG - 2025-09-11 11:23:33 --> Session: Class initialized using 'CodeIgniter\Session\Handlers\FileHandler' driver.
DEBUG - 2025-09-11 11:23:59 --> Session: Class initialized using 'CodeIgniter\Session\Handlers\FileHandler' driver.
DEBUG - 2025-09-11 11:23:59 --> Session: Class initialized using 'CodeIgniter\Session\Handlers\FileHandler' driver.
DEBUG - 2025-09-11 11:24:16 --> Session: Class initialized using 'CodeIgniter\Session\Handlers\FileHandler' driver.
DEBUG - 2025-09-11 11:24:19 --> Session: Class initialized using 'CodeIgniter\Session\Handlers\FileHandler' driver.
DEBUG - 2025-09-11 11:24:43 --> Session: Class initialized using 'CodeIgniter\Session\Handlers\FileHandler' driver.
DEBUG - 2025-09-11 11:25:10 --> Session: Class initialized using 'CodeIgniter\Session\Handlers\FileHandler' driver.
ERROR - 2025-09-11 11:25:10 --> mysqli_sql_exception: Duplicate entry '3-2025-09-11-23:00:00' for key 'unique_doctor_schedule' in C:\xampp\htdocs\WebSystem-ITE_Group-8\system\Database\MySQLi\Connection.php:327
Stack trace:
#0 C:\xampp\htdocs\WebSystem-ITE_Group-8\system\Database\MySQLi\Connection.php(327): mysqli->query('INSERT INTO `ap...', 0)
#1 C:\xampp\htdocs\WebSystem-ITE_Group-8\system\Database\BaseConnection.php(729): CodeIgniter\Database\MySQLi\Connection->execute('INSERT INTO `ap...')
#2 C:\xampp\htdocs\WebSystem-ITE_Group-8\system\Database\BaseConnection.php(646): CodeIgniter\Database\BaseConnection->simpleQuery('INSERT INTO `ap...')
#3 C:\xampp\htdocs\WebSystem-ITE_Group-8\system\Database\BaseBuilder.php(2345): CodeIgniter\Database\BaseConnection->query('INSERT INTO `ap...', Array, false)
#4 C:\xampp\htdocs\WebSystem-ITE_Group-8\system\Model.php(394): CodeIgniter\Database\BaseBuilder->insert()
#5 C:\xampp\htdocs\WebSystem-ITE_Group-8\system\BaseModel.php(838): CodeIgniter\Model->doInsert(Array)
#6 C:\xampp\htdocs\WebSystem-ITE_Group-8\system\Model.php(797): CodeIgniter\BaseModel->insert(Array, false)
#7 C:\xampp\htdocs\WebSystem-ITE_Group-8\system\BaseModel.php(751): CodeIgniter\Model->insert(Array, false)
#8 C:\xampp\htdocs\WebSystem-ITE_Group-8\app\Controllers\ReceptionistController.php(139): CodeIgniter\BaseModel->save(Array)
#9 C:\xampp\htdocs\WebSystem-ITE_Group-8\system\CodeIgniter.php(933): App\Controllers\ReceptionistController->saveAppointment()
#10 C:\xampp\htdocs\WebSystem-ITE_Group-8\system\CodeIgniter.php(507): CodeIgniter\CodeIgniter->runController(Object(App\Controllers\ReceptionistController))
#11 C:\xampp\htdocs\WebSystem-ITE_Group-8\system\CodeIgniter.php(354): CodeIgniter\CodeIgniter->handleRequest(NULL, Object(Config\Cache), false)
#12 C:\xampp\htdocs\WebSystem-ITE_Group-8\system\Boot.php(363): CodeIgniter\CodeIgniter->run()
#13 C:\xampp\htdocs\WebSystem-ITE_Group-8\system\Boot.php(68): CodeIgniter\Boot::runCodeIgniter(Object(CodeIgniter\CodeIgniter))
#14 C:\xampp\htdocs\WebSystem-ITE_Group-8\public\index.php(59): CodeIgniter\Boot::bootWeb(Object(Config\Paths))
#15 {main}
CRITICAL - 2025-09-11 11:25:10 --> CodeIgniter\Database\Exceptions\DatabaseException: Duplicate entry '3-2025-09-11-23:00:00' for key 'unique_doctor_schedule'
[Method: POST, Route: role_dashboard/receptionist/saveAppointment]
in SYSTEMPATH\Database\BaseConnection.php on line 684.
 1 SYSTEMPATH\Database\BaseBuilder.php(2345): CodeIgniter\Database\BaseConnection->query('INSERT INTO `appointments` (`patient_id`, `doctor_id`, `appointment_date`, `appointment_time`, `appointment_type`, `status`, `notes`, `created_by`, `created_at`, `updated_at`) VALUES (:patient_id:, :doctor_id:, :appointment_date:, :appointment_time:, :appointment_type:, :status:, :notes:, :created_by:, :created_at:, :updated_at:)', [...], false)
 2 SYSTEMPATH\Model.php(394): CodeIgniter\Database\BaseBuilder->insert()
 3 SYSTEMPATH\BaseModel.php(838): CodeIgniter\Model->doInsert([...])
 4 SYSTEMPATH\Model.php(797): CodeIgniter\BaseModel->insert([...], false)
 5 SYSTEMPATH\BaseModel.php(751): CodeIgniter\Model->insert([...], false)
 6 APPPATH\Controllers\ReceptionistController.php(139): CodeIgniter\BaseModel->save([...])
 7 SYSTEMPATH\CodeIgniter.php(933): App\Controllers\ReceptionistController->saveAppointment()
 8 SYSTEMPATH\CodeIgniter.php(507): CodeIgniter\CodeIgniter->runController(Object(App\Controllers\ReceptionistController))
 9 SYSTEMPATH\CodeIgniter.php(354): CodeIgniter\CodeIgniter->handleRequest(null, Object(Config\Cache), false)
10 SYSTEMPATH\Boot.php(363): CodeIgniter\CodeIgniter->run()
11 SYSTEMPATH\Boot.php(68): CodeIgniter\Boot::runCodeIgniter(Object(CodeIgniter\CodeIgniter))
12 FCPATH\index.php(59): CodeIgniter\Boot::bootWeb(Object(Config\Paths))
CRITICAL - 2025-09-11 11:25:10 --> [Caused by] CodeIgniter\Database\Exceptions\DatabaseException: Duplicate entry '3-2025-09-11-23:00:00' for key 'unique_doctor_schedule'
in SYSTEMPATH\Database\MySQLi\Connection.php on line 332.
 1 SYSTEMPATH\Database\BaseConnection.php(729): CodeIgniter\Database\MySQLi\Connection->execute('INSERT INTO `appointments` (`patient_id`, `doctor_id`, `appointment_date`, `appointment_time`, `appointment_type`, `status`, `notes`, `created_by`, `created_at`, `updated_at`) VALUES (\'5\', \'3\', \'2025-09-11\', \'23:00\', \'Surgery\', \'Scheduled\', \'\', \'1\', \'2025-09-11 11:25:10\', \'2025-09-11 11:25:10\')')
 2 SYSTEMPATH\Database\BaseConnection.php(646): CodeIgniter\Database\BaseConnection->simpleQuery('INSERT INTO `appointments` (`patient_id`, `doctor_id`, `appointment_date`, `appointment_time`, `appointment_type`, `status`, `notes`, `created_by`, `created_at`, `updated_at`) VALUES (\'5\', \'3\', \'2025-09-11\', \'23:00\', \'Surgery\', \'Scheduled\', \'\', \'1\', \'2025-09-11 11:25:10\', \'2025-09-11 11:25:10\')')
 3 SYSTEMPATH\Database\BaseBuilder.php(2345): CodeIgniter\Database\BaseConnection->query('INSERT INTO `appointments` (`patient_id`, `doctor_id`, `appointment_date`, `appointment_time`, `appointment_type`, `status`, `notes`, `created_by`, `created_at`, `updated_at`) VALUES (:patient_id:, :doctor_id:, :appointment_date:, :appointment_time:, :appointment_type:, :status:, :notes:, :created_by:, :created_at:, :updated_at:)', [...], false)
 4 SYSTEMPATH\Model.php(394): CodeIgniter\Database\BaseBuilder->insert()
 5 SYSTEMPATH\BaseModel.php(838): CodeIgniter\Model->doInsert([...])
 6 SYSTEMPATH\Model.php(797): CodeIgniter\BaseModel->insert([...], false)
 7 SYSTEMPATH\BaseModel.php(751): CodeIgniter\Model->insert([...], false)
 8 APPPATH\Controllers\ReceptionistController.php(139): CodeIgniter\BaseModel->save([...])
 9 SYSTEMPATH\CodeIgniter.php(933): App\Controllers\ReceptionistController->saveAppointment()
10 SYSTEMPATH\CodeIgniter.php(507): CodeIgniter\CodeIgniter->runController(Object(App\Controllers\ReceptionistController))
11 SYSTEMPATH\CodeIgniter.php(354): CodeIgniter\CodeIgniter->handleRequest(null, Object(Config\Cache), false)
12 SYSTEMPATH\Boot.php(363): CodeIgniter\CodeIgniter->run()
13 SYSTEMPATH\Boot.php(68): CodeIgniter\Boot::runCodeIgniter(Object(CodeIgniter\CodeIgniter))
14 FCPATH\index.php(59): CodeIgniter\Boot::bootWeb(Object(Config\Paths))
CRITICAL - 2025-09-11 11:25:10 --> [Caused by] mysqli_sql_exception: Duplicate entry '3-2025-09-11-23:00:00' for key 'unique_doctor_schedule'
in SYSTEMPATH\Database\MySQLi\Connection.php on line 327.
 1 SYSTEMPATH\Database\MySQLi\Connection.php(327): mysqli->query('INSERT INTO `appointments` (`patient_id`, `doctor_id`, `appointment_date`, `appointment_time`, `appointment_type`, `status`, `notes`, `created_by`, `created_at`, `updated_at`) VALUES (\'5\', \'3\', \'2025-09-11\', \'23:00\', \'Surgery\', \'Scheduled\', \'\', \'1\', \'2025-09-11 11:25:10\', \'2025-09-11 11:25:10\')', 0)
 2 SYSTEMPATH\Database\BaseConnection.php(729): CodeIgniter\Database\MySQLi\Connection->execute('INSERT INTO `appointments` (`patient_id`, `doctor_id`, `appointment_date`, `appointment_time`, `appointment_type`, `status`, `notes`, `created_by`, `created_at`, `updated_at`) VALUES (\'5\', \'3\', \'2025-09-11\', \'23:00\', \'Surgery\', \'Scheduled\', \'\', \'1\', \'2025-09-11 11:25:10\', \'2025-09-11 11:25:10\')')
 3 SYSTEMPATH\Database\BaseConnection.php(646): CodeIgniter\Database\BaseConnection->simpleQuery('INSERT INTO `appointments` (`patient_id`, `doctor_id`, `appointment_date`, `appointment_time`, `appointment_type`, `status`, `notes`, `created_by`, `created_at`, `updated_at`) VALUES (\'5\', \'3\', \'2025-09-11\', \'23:00\', \'Surgery\', \'Scheduled\', \'\', \'1\', \'2025-09-11 11:25:10\', \'2025-09-11 11:25:10\')')
 4 SYSTEMPATH\Database\BaseBuilder.php(2345): CodeIgniter\Database\BaseConnection->query('INSERT INTO `appointments` (`patient_id`, `doctor_id`, `appointment_date`, `appointment_time`, `appointment_type`, `status`, `notes`, `created_by`, `created_at`, `updated_at`) VALUES (:patient_id:, :doctor_id:, :appointment_date:, :appointment_time:, :appointment_type:, :status:, :notes:, :created_by:, :created_at:, :updated_at:)', [...], false)
 5 SYSTEMPATH\Model.php(394): CodeIgniter\Database\BaseBuilder->insert()
 6 SYSTEMPATH\BaseModel.php(838): CodeIgniter\Model->doInsert([...])
 7 SYSTEMPATH\Model.php(797): CodeIgniter\BaseModel->insert([...], false)
 8 SYSTEMPATH\BaseModel.php(751): CodeIgniter\Model->insert([...], false)
 9 APPPATH\Controllers\ReceptionistController.php(139): CodeIgniter\BaseModel->save([...])
10 SYSTEMPATH\CodeIgniter.php(933): App\Controllers\ReceptionistController->saveAppointment()
11 SYSTEMPATH\CodeIgniter.php(507): CodeIgniter\CodeIgniter->runController(Object(App\Controllers\ReceptionistController))
12 SYSTEMPATH\CodeIgniter.php(354): CodeIgniter\CodeIgniter->handleRequest(null, Object(Config\Cache), false)
13 SYSTEMPATH\Boot.php(363): CodeIgniter\CodeIgniter->run()
14 SYSTEMPATH\Boot.php(68): CodeIgniter\Boot::runCodeIgniter(Object(CodeIgniter\CodeIgniter))
15 FCPATH\index.php(59): CodeIgniter\Boot::bootWeb(Object(Config\Paths))
DEBUG - 2025-09-11 11:28:37 --> Session: Class initialized using 'CodeIgniter\Session\Handlers\FileHandler' driver.
DEBUG - 2025-09-11 11:28:37 --> Session: Class initialized using 'CodeIgniter\Session\Handlers\FileHandler' driver.
DEBUG - 2025-09-11 11:28:51 --> Session: Class initialized using 'CodeIgniter\Session\Handlers\FileHandler' driver.
DEBUG - 2025-09-11 11:29:12 --> Session: Class initialized using 'CodeIgniter\Session\Handlers\FileHandler' driver.
CRITICAL - 2025-09-11 11:29:12 --> CodeIgniter\View\Exceptions\ViewException: Invalid file: "role_dashboard/receptionist/patientregistration.php"
[Method: GET, Route: role_dashboard/receptionist/patientregistration]
in SYSTEMPATH\Exceptions\FrameworkException.php on line 39.
 1 SYSTEMPATH\View\View.php(214): CodeIgniter\Exceptions\FrameworkException::forInvalidFile('role_dashboard/receptionist/patientregistration.php')
 2 SYSTEMPATH\Common.php(1167): CodeIgniter\View\View->render('role_dashboard/receptionist/patientregistration', [], true)
 3 APPPATH\Controllers\ReceptionistController.php(89): view('role_dashboard/receptionist/patientregistration', [...])
 4 SYSTEMPATH\CodeIgniter.php(933): App\Controllers\ReceptionistController->patientregistration()
 5 SYSTEMPATH\CodeIgniter.php(507): CodeIgniter\CodeIgniter->runController(Object(App\Controllers\ReceptionistController))
 6 SYSTEMPATH\CodeIgniter.php(354): CodeIgniter\CodeIgniter->handleRequest(null, Object(Config\Cache), false)
 7 SYSTEMPATH\Boot.php(363): CodeIgniter\CodeIgniter->run()
 8 SYSTEMPATH\Boot.php(68): CodeIgniter\Boot::runCodeIgniter(Object(CodeIgniter\CodeIgniter))
 9 FCPATH\index.php(59): CodeIgniter\Boot::bootWeb(Object(Config\Paths))
DEBUG - 2025-09-11 11:35:48 --> Session: Class initialized using 'CodeIgniter\Session\Handlers\FileHandler' driver.
DEBUG - 2025-09-11 11:40:23 --> Session: Class initialized using 'CodeIgniter\Session\Handlers\FileHandler' driver.
DEBUG - 2025-09-11 11:42:09 --> Session: Class initialized using 'CodeIgniter\Session\Handlers\FileHandler' driver.
DEBUG - 2025-09-11 11:47:50 --> Session: Class initialized using 'CodeIgniter\Session\Handlers\FileHandler' driver.
DEBUG - 2025-09-11 11:48:14 --> Session: Class initialized using 'CodeIgniter\Session\Handlers\FileHandler' driver.
DEBUG - 2025-09-11 11:48:43 --> Session: Class initialized using 'CodeIgniter\Session\Handlers\FileHandler' driver.
DEBUG - 2025-09-11 11:48:58 --> Session: Class initialized using 'CodeIgniter\Session\Handlers\FileHandler' driver.
DEBUG - 2025-09-11 11:49:25 --> Session: Class initialized using 'CodeIgniter\Session\Handlers\FileHandler' driver.
DEBUG - 2025-09-11 11:49:33 --> Session: Class initialized using 'CodeIgniter\Session\Handlers\FileHandler' driver.
DEBUG - 2025-09-11 11:49:36 --> Session: Class initialized using 'CodeIgniter\Session\Handlers\FileHandler' driver.
DEBUG - 2025-09-11 11:49:41 --> Session: Class initialized using 'CodeIgniter\Session\Handlers\FileHandler' driver.
DEBUG - 2025-09-11 11:51:01 --> Session: Class initialized using 'CodeIgniter\Session\Handlers\FileHandler' driver.
DEBUG - 2025-09-11 11:51:33 --> Session: Class initialized using 'CodeIgniter\Session\Handlers\FileHandler' driver.
DEBUG - 2025-09-11 11:51:35 --> Session: Class initialized using 'CodeIgniter\Session\Handlers\FileHandler' driver.
DEBUG - 2025-09-11 11:52:21 --> Session: Class initialized using 'CodeIgniter\Session\Handlers\FileHandler' driver.
DEBUG - 2025-09-11 11:52:38 --> Session: Class initialized using 'CodeIgniter\Session\Handlers\FileHandler' driver.
DEBUG - 2025-09-11 11:52:45 --> Session: Class initialized using 'CodeIgniter\Session\Handlers\FileHandler' driver.
DEBUG - 2025-09-11 12:21:20 --> Session: Class initialized using 'CodeIgniter\Session\Handlers\FileHandler' driver.
DEBUG - 2025-09-11 12:22:22 --> Session: Class initialized using 'CodeIgniter\Session\Handlers\FileHandler' driver.
DEBUG - 2025-09-11 12:22:35 --> Session: Class initialized using 'CodeIgniter\Session\Handlers\FileHandler' driver.
DEBUG - 2025-09-11 12:22:40 --> Session: Class initialized using 'CodeIgniter\Session\Handlers\FileHandler' driver.
DEBUG - 2025-09-11 12:22:42 --> Session: Class initialized using 'CodeIgniter\Session\Handlers\FileHandler' driver.
DEBUG - 2025-09-11 12:22:46 --> Session: Class initialized using 'CodeIgniter\Session\Handlers\FileHandler' driver.
DEBUG - 2025-09-11 12:22:47 --> Session: Class initialized using 'CodeIgniter\Session\Handlers\FileHandler' driver.
DEBUG - 2025-09-11 12:22:52 --> Session: Class initialized using 'CodeIgniter\Session\Handlers\FileHandler' driver.
DEBUG - 2025-09-11 12:22:53 --> Session: Class initialized using 'CodeIgniter\Session\Handlers\FileHandler' driver.
DEBUG - 2025-09-11 12:24:25 --> Session: Class initialized using 'CodeIgniter\Session\Handlers\FileHandler' driver.
DEBUG - 2025-09-11 12:24:46 --> Session: Class initialized using 'CodeIgniter\Session\Handlers\FileHandler' driver.
DEBUG - 2025-09-11 12:25:23 --> Session: Class initialized using 'CodeIgniter\Session\Handlers\FileHandler' driver.
DEBUG - 2025-09-11 12:25:35 --> Session: Class initialized using 'CodeIgniter\Session\Handlers\FileHandler' driver.
DEBUG - 2025-09-11 12:25:52 --> Session: Class initialized using 'CodeIgniter\Session\Handlers\FileHandler' driver.
DEBUG - 2025-09-11 12:26:56 --> Session: Class initialized using 'CodeIgniter\Session\Handlers\FileHandler' driver.
DEBUG - 2025-09-11 12:30:05 --> Session: Class initialized using 'CodeIgniter\Session\Handlers\FileHandler' driver.
DEBUG - 2025-09-11 12:33:54 --> Session: Class initialized using 'CodeIgniter\Session\Handlers\FileHandler' driver.
DEBUG - 2025-09-11 12:35:34 --> Session: Class initialized using 'CodeIgniter\Session\Handlers\FileHandler' driver.
DEBUG - 2025-09-11 12:35:53 --> Session: Class initialized using 'CodeIgniter\Session\Handlers\FileHandler' driver.
DEBUG - 2025-09-11 12:35:55 --> Session: Class initialized using 'CodeIgniter\Session\Handlers\FileHandler' driver.
DEBUG - 2025-09-11 12:36:24 --> Session: Class initialized using 'CodeIgniter\Session\Handlers\FileHandler' driver.
DEBUG - 2025-09-11 12:38:45 --> Session: Class initialized using 'CodeIgniter\Session\Handlers\FileHandler' driver.
DEBUG - 2025-09-11 12:38:50 --> Session: Class initialized using 'CodeIgniter\Session\Handlers\FileHandler' driver.
DEBUG - 2025-09-11 12:42:16 --> Session: Class initialized using 'CodeIgniter\Session\Handlers\FileHandler' driver.
DEBUG - 2025-09-11 12:42:18 --> Session: Class initialized using 'CodeIgniter\Session\Handlers\FileHandler' driver.
DEBUG - 2025-09-11 12:43:20 --> Session: Class initialized using 'CodeIgniter\Session\Handlers\FileHandler' driver.
DEBUG - 2025-09-11 12:46:12 --> Session: Class initialized using 'CodeIgniter\Session\Handlers\FileHandler' driver.
DEBUG - 2025-09-11 12:49:18 --> Session: Class initialized using 'CodeIgniter\Session\Handlers\FileHandler' driver.
DEBUG - 2025-09-11 12:49:37 --> Session: Class initialized using 'CodeIgniter\Session\Handlers\FileHandler' driver.
DEBUG - 2025-09-11 12:53:12 --> Session: Class initialized using 'CodeIgniter\Session\Handlers\FileHandler' driver.
DEBUG - 2025-09-11 12:54:38 --> Session: Class initialized using 'CodeIgniter\Session\Handlers\FileHandler' driver.
DEBUG - 2025-09-11 12:55:13 --> Session: Class initialized using 'CodeIgniter\Session\Handlers\FileHandler' driver.
DEBUG - 2025-09-11 12:58:04 --> Session: Class initialized using 'CodeIgniter\Session\Handlers\FileHandler' driver.
CRITICAL - 2025-09-11 12:58:04 --> ParseError: syntax error, unexpected token ";"
[Method: GET, Route: role_dashboard/receptionist/dashboard]
in APPPATH\Views\role_dashboard\receptionist\dashboard.php on line 169.
 1 SYSTEMPATH\View\View.php(229): CodeIgniter\View\View->CodeIgniter\View\{closure}()
 2 SYSTEMPATH\Common.php(1167): CodeIgniter\View\View->render('role_dashboard/receptionist/dashboard', [], true)
 3 APPPATH\Controllers\ReceptionistController.php(74): view('role_dashboard/receptionist/dashboard', [...])
 4 SYSTEMPATH\CodeIgniter.php(933): App\Controllers\ReceptionistController->index()
 5 SYSTEMPATH\CodeIgniter.php(507): CodeIgniter\CodeIgniter->runController(Object(App\Controllers\ReceptionistController))
 6 SYSTEMPATH\CodeIgniter.php(354): CodeIgniter\CodeIgniter->handleRequest(null, Object(Config\Cache), false)
 7 SYSTEMPATH\Boot.php(363): CodeIgniter\CodeIgniter->run()
 8 SYSTEMPATH\Boot.php(68): CodeIgniter\Boot::runCodeIgniter(Object(CodeIgniter\CodeIgniter))
 9 FCPATH\index.php(59): CodeIgniter\Boot::bootWeb(Object(Config\Paths))
DEBUG - 2025-09-11 12:58:30 --> Session: Class initialized using 'CodeIgniter\Session\Handlers\FileHandler' driver.
CRITICAL - 2025-09-11 12:58:30 --> ErrorException: Undefined array key "weeklyPatients"
[Method: GET, Route: role_dashboard/receptionist/dashboard]
in APPPATH\Views\role_dashboard\receptionist\dashboard.php on line 169.
 1 APPPATH\Views\role_dashboard\receptionist\dashboard.php(169): CodeIgniter\Debug\Exceptions->errorHandler(2, 'Undefined array key "weeklyPatients"', 'C:\\xampp\\htdocs\\WebSystem-ITE_Group-8\\app\\Views\\role_dashboard\\receptionist\\dashboard.php', 169)
 2 SYSTEMPATH\View\View.php(226): include('C:\\xampp\\htdocs\\WebSystem-ITE_Group-8\\app\\Views\\role_dashboard\\receptionist\\dashboard.php')
 3 SYSTEMPATH\View\View.php(229): CodeIgniter\View\View->CodeIgniter\View\{closure}()
 4 SYSTEMPATH\Common.php(1167): CodeIgniter\View\View->render('role_dashboard/receptionist/dashboard', [], true)
 5 APPPATH\Controllers\ReceptionistController.php(74): view('role_dashboard/receptionist/dashboard', [...])
 6 SYSTEMPATH\CodeIgniter.php(933): App\Controllers\ReceptionistController->index()
 7 SYSTEMPATH\CodeIgniter.php(507): CodeIgniter\CodeIgniter->runController(Object(App\Controllers\ReceptionistController))
 8 SYSTEMPATH\CodeIgniter.php(354): CodeIgniter\CodeIgniter->handleRequest(null, Object(Config\Cache), false)
 9 SYSTEMPATH\Boot.php(363): CodeIgniter\CodeIgniter->run()
10 SYSTEMPATH\Boot.php(68): CodeIgniter\Boot::runCodeIgniter(Object(CodeIgniter\CodeIgniter))
11 FCPATH\index.php(59): CodeIgniter\Boot::bootWeb(Object(Config\Paths))
DEBUG - 2025-09-11 12:58:44 --> Session: Class initialized using 'CodeIgniter\Session\Handlers\FileHandler' driver.
DEBUG - 2025-09-11 13:01:12 --> Session: Class initialized using 'CodeIgniter\Session\Handlers\FileHandler' driver.
DEBUG - 2025-09-11 13:05:58 --> Session: Class initialized using 'CodeIgniter\Session\Handlers\FileHandler' driver.
DEBUG - 2025-09-11 13:06:06 --> Session: Class initialized using 'CodeIgniter\Session\Handlers\FileHandler' driver.
DEBUG - 2025-09-11 13:06:08 --> Session: Class initialized using 'CodeIgniter\Session\Handlers\FileHandler' driver.
DEBUG - 2025-09-11 13:06:10 --> Session: Class initialized using 'CodeIgniter\Session\Handlers\FileHandler' driver.
DEBUG - 2025-09-11 13:06:12 --> Session: Class initialized using 'CodeIgniter\Session\Handlers\FileHandler' driver.
DEBUG - 2025-09-11 13:06:13 --> Session: Class initialized using 'CodeIgniter\Session\Handlers\FileHandler' driver.
DEBUG - 2025-09-11 13:06:17 --> Session: Class initialized using 'CodeIgniter\Session\Handlers\FileHandler' driver.
DEBUG - 2025-09-11 13:07:00 --> Session: Class initialized using 'CodeIgniter\Session\Handlers\FileHandler' driver.
DEBUG - 2025-09-11 13:07:01 --> Session: Class initialized using 'CodeIgniter\Session\Handlers\FileHandler' driver.
DEBUG - 2025-09-11 13:09:53 --> Session: Class initialized using 'CodeIgniter\Session\Handlers\FileHandler' driver.
DEBUG - 2025-09-11 13:09:58 --> Session: Class initialized using 'CodeIgniter\Session\Handlers\FileHandler' driver.
DEBUG - 2025-09-11 13:10:00 --> Session: Class initialized using 'CodeIgniter\Session\Handlers\FileHandler' driver.
DEBUG - 2025-09-11 13:10:57 --> Session: Class initialized using 'CodeIgniter\Session\Handlers\FileHandler' driver.
DEBUG - 2025-09-11 13:16:10 --> Session: Class initialized using 'CodeIgniter\Session\Handlers\FileHandler' driver.
DEBUG - 2025-09-11 13:21:38 --> Session: Class initialized using 'CodeIgniter\Session\Handlers\FileHandler' driver.
DEBUG - 2025-09-11 13:23:05 --> Session: Class initialized using 'CodeIgniter\Session\Handlers\FileHandler' driver.
DEBUG - 2025-09-11 13:23:42 --> Session: Class initialized using 'CodeIgniter\Session\Handlers\FileHandler' driver.
DEBUG - 2025-09-11 13:23:48 --> Session: Class initialized using 'CodeIgniter\Session\Handlers\FileHandler' driver.
DEBUG - 2025-09-11 13:25:25 --> Session: Class initialized using 'CodeIgniter\Session\Handlers\FileHandler' driver.
DEBUG - 2025-09-11 13:25:31 --> Session: Class initialized using 'CodeIgniter\Session\Handlers\FileHandler' driver.
DEBUG - 2025-09-11 13:25:32 --> Session: Class initialized using 'CodeIgniter\Session\Handlers\FileHandler' driver.
DEBUG - 2025-09-11 13:25:34 --> Session: Class initialized using 'CodeIgniter\Session\Handlers\FileHandler' driver.
DEBUG - 2025-09-11 13:25:36 --> Session: Class initialized using 'CodeIgniter\Session\Handlers\FileHandler' driver.
DEBUG - 2025-09-11 13:25:37 --> Session: Class initialized using 'CodeIgniter\Session\Handlers\FileHandler' driver.
DEBUG - 2025-09-11 13:25:39 --> Session: Class initialized using 'CodeIgniter\Session\Handlers\FileHandler' driver.
DEBUG - 2025-09-11 13:25:41 --> Session: Class initialized using 'CodeIgniter\Session\Handlers\FileHandler' driver.
DEBUG - 2025-09-11 13:25:43 --> Session: Class initialized using 'CodeIgniter\Session\Handlers\FileHandler' driver.
DEBUG - 2025-09-11 13:26:33 --> Session: Class initialized using 'CodeIgniter\Session\Handlers\FileHandler' driver.
DEBUG - 2025-09-11 13:35:32 --> Session: Class initialized using 'CodeIgniter\Session\Handlers\FileHandler' driver.
DEBUG - 2025-09-11 13:35:37 --> Session: Class initialized using 'CodeIgniter\Session\Handlers\FileHandler' driver.
ERROR - 2025-09-11 13:36:06 --> mysqli_sql_exception: Cannot add or update a child row: a foreign key constraint fails (`hms_database`.`appointments`, CONSTRAINT `appointments_patient_id_foreign` FOREIGN KEY (`patient_id`) REFERENCES `patients` (`id`) ON DELETE CASCADE ON UPDATE CASCADE) in C:\xampp\htdocs\WebSystem-ITE_Group-8\system\Database\MySQLi\Connection.php:327
Stack trace:
#0 C:\xampp\htdocs\WebSystem-ITE_Group-8\system\Database\MySQLi\Connection.php(327): mysqli->query('INSERT INTO `ap...', 0)
#1 C:\xampp\htdocs\WebSystem-ITE_Group-8\system\Database\BaseConnection.php(729): CodeIgniter\Database\MySQLi\Connection->execute('INSERT INTO `ap...')
#2 C:\xampp\htdocs\WebSystem-ITE_Group-8\system\Database\BaseConnection.php(646): CodeIgniter\Database\BaseConnection->simpleQuery('INSERT INTO `ap...')
#3 C:\xampp\htdocs\WebSystem-ITE_Group-8\system\Database\BaseBuilder.php(2345): CodeIgniter\Database\BaseConnection->query('INSERT INTO `ap...', Array, false)
#4 C:\xampp\htdocs\WebSystem-ITE_Group-8\app\Database\Seeds\ReceptionistSeeder.php(129): CodeIgniter\Database\BaseBuilder->insert(Array)
#5 C:\xampp\htdocs\WebSystem-ITE_Group-8\system\Database\Seeder.php(149): App\Database\Seeds\ReceptionistSeeder->run()
#6 C:\xampp\htdocs\WebSystem-ITE_Group-8\system\Commands\Database\Seed.php(79): CodeIgniter\Database\Seeder->call('App\\Database\\Se...')
#7 C:\xampp\htdocs\WebSystem-ITE_Group-8\system\CLI\Commands.php(74): CodeIgniter\Commands\Database\Seed->run(Array)
#8 C:\xampp\htdocs\WebSystem-ITE_Group-8\system\CLI\Console.php(47): CodeIgniter\CLI\Commands->run('db:seed', Array)
#9 C:\xampp\htdocs\WebSystem-ITE_Group-8\system\Boot.php(388): CodeIgniter\CLI\Console->run()
#10 C:\xampp\htdocs\WebSystem-ITE_Group-8\system\Boot.php(133): CodeIgniter\Boot::runCommand(Object(CodeIgniter\CLI\Console))
#11 C:\xampp\htdocs\WebSystem-ITE_Group-8\spark(87): CodeIgniter\Boot::bootSpark(Object(Config\Paths))
#12 {main}
DEBUG - 2025-09-11 13:41:41 --> Session: Class initialized using 'CodeIgniter\Session\Handlers\FileHandler' driver.
DEBUG - 2025-09-11 13:41:43 --> Session: Class initialized using 'CodeIgniter\Session\Handlers\FileHandler' driver.
DEBUG - 2025-09-11 13:41:48 --> Session: Class initialized using 'CodeIgniter\Session\Handlers\FileHandler' driver.
ERROR - 2025-09-11 13:46:11 --> mysqli_sql_exception: Cannot add or update a child row: a foreign key constraint fails (`hms_database`.`appointments`, CONSTRAINT `appointments_created_by_foreign` FOREIGN KEY (`created_by`) REFERENCES `users` (`id`) ON DELETE CASCADE ON UPDATE CASCADE) in C:\xampp\htdocs\WebSystem-ITE_Group-8\system\Database\MySQLi\Connection.php:327
Stack trace:
#0 C:\xampp\htdocs\WebSystem-ITE_Group-8\system\Database\MySQLi\Connection.php(327): mysqli->query('INSERT INTO `ap...', 0)
#1 C:\xampp\htdocs\WebSystem-ITE_Group-8\system\Database\BaseConnection.php(729): CodeIgniter\Database\MySQLi\Connection->execute('INSERT INTO `ap...')
#2 C:\xampp\htdocs\WebSystem-ITE_Group-8\system\Database\BaseConnection.php(646): CodeIgniter\Database\BaseConnection->simpleQuery('INSERT INTO `ap...')
#3 C:\xampp\htdocs\WebSystem-ITE_Group-8\system\Database\BaseBuilder.php(2345): CodeIgniter\Database\BaseConnection->query('INSERT INTO `ap...', Array, false)
#4 C:\xampp\htdocs\WebSystem-ITE_Group-8\app\Database\Seeds\ReceptionistSeeder.php(130): CodeIgniter\Database\BaseBuilder->insert(Array)
#5 C:\xampp\htdocs\WebSystem-ITE_Group-8\system\Database\Seeder.php(149): App\Database\Seeds\ReceptionistSeeder->run()
#6 C:\xampp\htdocs\WebSystem-ITE_Group-8\system\Commands\Database\Seed.php(79): CodeIgniter\Database\Seeder->call('App\\Database\\Se...')
#7 C:\xampp\htdocs\WebSystem-ITE_Group-8\system\CLI\Commands.php(74): CodeIgniter\Commands\Database\Seed->run(Array)
#8 C:\xampp\htdocs\WebSystem-ITE_Group-8\system\CLI\Console.php(47): CodeIgniter\CLI\Commands->run('db:seed', Array)
#9 C:\xampp\htdocs\WebSystem-ITE_Group-8\system\Boot.php(388): CodeIgniter\CLI\Console->run()
#10 C:\xampp\htdocs\WebSystem-ITE_Group-8\system\Boot.php(133): CodeIgniter\Boot::runCommand(Object(CodeIgniter\CLI\Console))
#11 C:\xampp\htdocs\WebSystem-ITE_Group-8\spark(87): CodeIgniter\Boot::bootSpark(Object(Config\Paths))
#12 {main}
DEBUG - 2025-09-11 13:48:36 --> Session: Class initialized using 'CodeIgniter\Session\Handlers\FileHandler' driver.
ERROR - 2025-09-11 13:50:16 --> mysqli_sql_exception: Duplicate entry '3-2025-09-11-09:30:00' for key 'unique_doctor_schedule' in C:\xampp\htdocs\WebSystem-ITE_Group-8\system\Database\MySQLi\Connection.php:327
Stack trace:
#0 C:\xampp\htdocs\WebSystem-ITE_Group-8\system\Database\MySQLi\Connection.php(327): mysqli->query('INSERT INTO `ap...', 0)
#1 C:\xampp\htdocs\WebSystem-ITE_Group-8\system\Database\BaseConnection.php(729): CodeIgniter\Database\MySQLi\Connection->execute('INSERT INTO `ap...')
#2 C:\xampp\htdocs\WebSystem-ITE_Group-8\system\Database\BaseConnection.php(646): CodeIgniter\Database\BaseConnection->simpleQuery('INSERT INTO `ap...')
#3 C:\xampp\htdocs\WebSystem-ITE_Group-8\system\Database\BaseBuilder.php(2345): CodeIgniter\Database\BaseConnection->query('INSERT INTO `ap...', Array, false)
#4 C:\xampp\htdocs\WebSystem-ITE_Group-8\app\Database\Seeds\ReceptionistSeeder.php(129): CodeIgniter\Database\BaseBuilder->insert(Array)
#5 C:\xampp\htdocs\WebSystem-ITE_Group-8\system\Database\Seeder.php(149): App\Database\Seeds\ReceptionistSeeder->run()
#6 C:\xampp\htdocs\WebSystem-ITE_Group-8\system\Commands\Database\Seed.php(79): CodeIgniter\Database\Seeder->call('App\\Database\\Se...')
#7 C:\xampp\htdocs\WebSystem-ITE_Group-8\system\CLI\Commands.php(74): CodeIgniter\Commands\Database\Seed->run(Array)
#8 C:\xampp\htdocs\WebSystem-ITE_Group-8\system\CLI\Console.php(47): CodeIgniter\CLI\Commands->run('db:seed', Array)
#9 C:\xampp\htdocs\WebSystem-ITE_Group-8\system\Boot.php(388): CodeIgniter\CLI\Console->run()
#10 C:\xampp\htdocs\WebSystem-ITE_Group-8\system\Boot.php(133): CodeIgniter\Boot::runCommand(Object(CodeIgniter\CLI\Console))
#11 C:\xampp\htdocs\WebSystem-ITE_Group-8\spark(87): CodeIgniter\Boot::bootSpark(Object(Config\Paths))
#12 {main}
DEBUG - 2025-09-11 13:50:36 --> Session: Class initialized using 'CodeIgniter\Session\Handlers\FileHandler' driver.
DEBUG - 2025-09-11 13:51:17 --> Session: Class initialized using 'CodeIgniter\Session\Handlers\FileHandler' driver.
DEBUG - 2025-09-11 13:51:17 --> Session: Class initialized using 'CodeIgniter\Session\Handlers\FileHandler' driver.
DEBUG - 2025-09-11 13:51:28 --> Session: Class initialized using 'CodeIgniter\Session\Handlers\FileHandler' driver.
