ERROR - 2025-08-26 03:00:58 --> mysqli_sql_exception: Unknown column 'date_of_birth' in 'field list' in C:\xampp\htdocs\WebSystem-ITE_Group-8\system\Database\MySQLi\Connection.php:327
Stack trace:
#0 C:\xampp\htdocs\WebSystem-ITE_Group-8\system\Database\MySQLi\Connection.php(327): mysqli->query('INSERT INTO `pa...', 0)
#1 C:\xampp\htdocs\WebSystem-ITE_Group-8\system\Database\BaseConnection.php(729): CodeIgniter\Database\MySQLi\Connection->execute('INSERT INTO `pa...')
#2 C:\xampp\htdocs\WebSystem-ITE_Group-8\system\Database\BaseConnection.php(646): CodeIgniter\Database\BaseConnection->simpleQuery('INSERT INTO `pa...')
#3 C:\xampp\htdocs\WebSystem-ITE_Group-8\system\Database\BaseBuilder.php(2345): CodeIgniter\Database\BaseConnection->query('INSERT INTO `pa...', Array, false)
#4 C:\xampp\htdocs\WebSystem-ITE_Group-8\system\Model.php(394): CodeIgniter\Database\BaseBuilder->insert()
#5 C:\xampp\htdocs\WebSystem-ITE_Group-8\system\BaseModel.php(838): CodeIgniter\Model->doInsert(Array)
#6 C:\xampp\htdocs\WebSystem-ITE_Group-8\system\Model.php(797): CodeIgniter\BaseModel->insert(Array, true)
#7 C:\xampp\htdocs\WebSystem-ITE_Group-8\app\Controllers\PatientController.php(73): CodeIgniter\Model->insert(Array)
#8 C:\xampp\htdocs\WebSystem-ITE_Group-8\system\CodeIgniter.php(933): App\Controllers\PatientController->store()
#9 C:\xampp\htdocs\WebSystem-ITE_Group-8\system\CodeIgniter.php(507): CodeIgniter\CodeIgniter->runController(Object(App\Controllers\PatientController))
#10 C:\xampp\htdocs\WebSystem-ITE_Group-8\system\CodeIgniter.php(354): CodeIgniter\CodeIgniter->handleRequest(NULL, Object(Config\Cache), false)
#11 C:\xampp\htdocs\WebSystem-ITE_Group-8\system\Boot.php(363): CodeIgniter\CodeIgniter->run()
#12 C:\xampp\htdocs\WebSystem-ITE_Group-8\system\Boot.php(68): CodeIgniter\Boot::runCodeIgniter(Object(CodeIgniter\CodeIgniter))
#13 C:\xampp\htdocs\WebSystem-ITE_Group-8\public\index.php(59): CodeIgniter\Boot::bootWeb(Object(Config\Paths))
#14 {main}
CRITICAL - 2025-08-26 03:00:58 --> CodeIgniter\Database\Exceptions\DatabaseException: Unknown column 'date_of_birth' in 'field list'
[Method: POST, Route: patients/store]
in SYSTEMPATH\Database\BaseConnection.php on line 684.
 1 SYSTEMPATH\Database\BaseBuilder.php(2345): CodeIgniter\Database\BaseConnection->query('INSERT INTO `patients` (`first_name`, `middle_name`, `last_name`, `date_of_birth`, `gender`, `phone`, `email`, `address`, `status`, `room`, `medical_notes`, `created_at`, `updated_at`) VALUES (:first_name:, :middle_name:, :last_name:, :date_of_birth:, :gender:, :phone:, :email:, :address:, :status:, :room:, :medical_notes:, :created_at:, :updated_at:)', [...], false)
 2 SYSTEMPATH\Model.php(394): CodeIgniter\Database\BaseBuilder->insert()
 3 SYSTEMPATH\BaseModel.php(838): CodeIgniter\Model->doInsert([...])
 4 SYSTEMPATH\Model.php(797): CodeIgniter\BaseModel->insert([...], true)
 5 APPPATH\Controllers\PatientController.php(73): CodeIgniter\Model->insert([...])
 6 SYSTEMPATH\CodeIgniter.php(933): App\Controllers\PatientController->store()
 7 SYSTEMPATH\CodeIgniter.php(507): CodeIgniter\CodeIgniter->runController(Object(App\Controllers\PatientController))
 8 SYSTEMPATH\CodeIgniter.php(354): CodeIgniter\CodeIgniter->handleRequest(null, Object(Config\Cache), false)
 9 SYSTEMPATH\Boot.php(363): CodeIgniter\CodeIgniter->run()
10 SYSTEMPATH\Boot.php(68): CodeIgniter\Boot::runCodeIgniter(Object(CodeIgniter\CodeIgniter))
11 FCPATH\index.php(59): CodeIgniter\Boot::bootWeb(Object(Config\Paths))
CRITICAL - 2025-08-26 03:00:58 --> [Caused by] CodeIgniter\Database\Exceptions\DatabaseException: Unknown column 'date_of_birth' in 'field list'
in SYSTEMPATH\Database\MySQLi\Connection.php on line 332.
 1 SYSTEMPATH\Database\BaseConnection.php(729): CodeIgniter\Database\MySQLi\Connection->execute('INSERT INTO `patients` (`first_name`, `middle_name`, `last_name`, `date_of_birth`, `gender`, `phone`, `email`, `address`, `status`, `room`, `medical_notes`, `created_at`, `updated_at`) VALUES (\'Ella Erica\', \'Jamero\', \'Al-Alawi\', \'2025-08-26\', \'Male\', \'09112233442\', \'preciouspearl.autida@gmail.com\', \'South Nokia\', \'Active\', \'ICU-A\', \'Abnormal na \\r\\n\', \'2025-08-26 03:00:58\', \'2025-08-26 03:00:58\')')
 2 SYSTEMPATH\Database\BaseConnection.php(646): CodeIgniter\Database\BaseConnection->simpleQuery('INSERT INTO `patients` (`first_name`, `middle_name`, `last_name`, `date_of_birth`, `gender`, `phone`, `email`, `address`, `status`, `room`, `medical_notes`, `created_at`, `updated_at`) VALUES (\'Ella Erica\', \'Jamero\', \'Al-Alawi\', \'2025-08-26\', \'Male\', \'09112233442\', \'preciouspearl.autida@gmail.com\', \'South Nokia\', \'Active\', \'ICU-A\', \'Abnormal na \\r\\n\', \'2025-08-26 03:00:58\', \'2025-08-26 03:00:58\')')
 3 SYSTEMPATH\Database\BaseBuilder.php(2345): CodeIgniter\Database\BaseConnection->query('INSERT INTO `patients` (`first_name`, `middle_name`, `last_name`, `date_of_birth`, `gender`, `phone`, `email`, `address`, `status`, `room`, `medical_notes`, `created_at`, `updated_at`) VALUES (:first_name:, :middle_name:, :last_name:, :date_of_birth:, :gender:, :phone:, :email:, :address:, :status:, :room:, :medical_notes:, :created_at:, :updated_at:)', [...], false)
 4 SYSTEMPATH\Model.php(394): CodeIgniter\Database\BaseBuilder->insert()
 5 SYSTEMPATH\BaseModel.php(838): CodeIgniter\Model->doInsert([...])
 6 SYSTEMPATH\Model.php(797): CodeIgniter\BaseModel->insert([...], true)
 7 APPPATH\Controllers\PatientController.php(73): CodeIgniter\Model->insert([...])
 8 SYSTEMPATH\CodeIgniter.php(933): App\Controllers\PatientController->store()
 9 SYSTEMPATH\CodeIgniter.php(507): CodeIgniter\CodeIgniter->runController(Object(App\Controllers\PatientController))
10 SYSTEMPATH\CodeIgniter.php(354): CodeIgniter\CodeIgniter->handleRequest(null, Object(Config\Cache), false)
11 SYSTEMPATH\Boot.php(363): CodeIgniter\CodeIgniter->run()
12 SYSTEMPATH\Boot.php(68): CodeIgniter\Boot::runCodeIgniter(Object(CodeIgniter\CodeIgniter))
13 FCPATH\index.php(59): CodeIgniter\Boot::bootWeb(Object(Config\Paths))
CRITICAL - 2025-08-26 03:00:58 --> [Caused by] mysqli_sql_exception: Unknown column 'date_of_birth' in 'field list'
in SYSTEMPATH\Database\MySQLi\Connection.php on line 327.
 1 SYSTEMPATH\Database\MySQLi\Connection.php(327): mysqli->query('INSERT INTO `patients` (`first_name`, `middle_name`, `last_name`, `date_of_birth`, `gender`, `phone`, `email`, `address`, `status`, `room`, `medical_notes`, `created_at`, `updated_at`) VALUES (\'Ella Erica\', \'Jamero\', \'Al-Alawi\', \'2025-08-26\', \'Male\', \'09112233442\', \'preciouspearl.autida@gmail.com\', \'South Nokia\', \'Active\', \'ICU-A\', \'Abnormal na \\r\\n\', \'2025-08-26 03:00:58\', \'2025-08-26 03:00:58\')', 0)
 2 SYSTEMPATH\Database\BaseConnection.php(729): CodeIgniter\Database\MySQLi\Connection->execute('INSERT INTO `patients` (`first_name`, `middle_name`, `last_name`, `date_of_birth`, `gender`, `phone`, `email`, `address`, `status`, `room`, `medical_notes`, `created_at`, `updated_at`) VALUES (\'Ella Erica\', \'Jamero\', \'Al-Alawi\', \'2025-08-26\', \'Male\', \'09112233442\', \'preciouspearl.autida@gmail.com\', \'South Nokia\', \'Active\', \'ICU-A\', \'Abnormal na \\r\\n\', \'2025-08-26 03:00:58\', \'2025-08-26 03:00:58\')')
 3 SYSTEMPATH\Database\BaseConnection.php(646): CodeIgniter\Database\BaseConnection->simpleQuery('INSERT INTO `patients` (`first_name`, `middle_name`, `last_name`, `date_of_birth`, `gender`, `phone`, `email`, `address`, `status`, `room`, `medical_notes`, `created_at`, `updated_at`) VALUES (\'Ella Erica\', \'Jamero\', \'Al-Alawi\', \'2025-08-26\', \'Male\', \'09112233442\', \'preciouspearl.autida@gmail.com\', \'South Nokia\', \'Active\', \'ICU-A\', \'Abnormal na \\r\\n\', \'2025-08-26 03:00:58\', \'2025-08-26 03:00:58\')')
 4 SYSTEMPATH\Database\BaseBuilder.php(2345): CodeIgniter\Database\BaseConnection->query('INSERT INTO `patients` (`first_name`, `middle_name`, `last_name`, `date_of_birth`, `gender`, `phone`, `email`, `address`, `status`, `room`, `medical_notes`, `created_at`, `updated_at`) VALUES (:first_name:, :middle_name:, :last_name:, :date_of_birth:, :gender:, :phone:, :email:, :address:, :status:, :room:, :medical_notes:, :created_at:, :updated_at:)', [...], false)
 5 SYSTEMPATH\Model.php(394): CodeIgniter\Database\BaseBuilder->insert()
 6 SYSTEMPATH\BaseModel.php(838): CodeIgniter\Model->doInsert([...])
 7 SYSTEMPATH\Model.php(797): CodeIgniter\BaseModel->insert([...], true)
 8 APPPATH\Controllers\PatientController.php(73): CodeIgniter\Model->insert([...])
 9 SYSTEMPATH\CodeIgniter.php(933): App\Controllers\PatientController->store()
10 SYSTEMPATH\CodeIgniter.php(507): CodeIgniter\CodeIgniter->runController(Object(App\Controllers\PatientController))
11 SYSTEMPATH\CodeIgniter.php(354): CodeIgniter\CodeIgniter->handleRequest(null, Object(Config\Cache), false)
12 SYSTEMPATH\Boot.php(363): CodeIgniter\CodeIgniter->run()
13 SYSTEMPATH\Boot.php(68): CodeIgniter\Boot::runCodeIgniter(Object(CodeIgniter\CodeIgniter))
14 FCPATH\index.php(59): CodeIgniter\Boot::bootWeb(Object(Config\Paths))
