ERROR - 2025-09-03 07:04:05 --> Error fetching patients: Invalid file: "patient_list.php"
CRITICAL - 2025-09-03 07:04:05 --> CodeIgniter\View\Exceptions\ViewException: Invalid file: "patient_list.php"
[Method: GET, Route: patients]
in SYSTEMPATH\Exceptions\FrameworkException.php on line 39.
 1 SYSTEMPATH\View\View.php(214): CodeIgniter\Exceptions\FrameworkException::forInvalidFile('patient_list.php')
 2 SYSTEMPATH\Common.php(1167): CodeIgniter\View\View->render('patient_list', [], true)
 3 APPPATH\Controllers\PatientController.php(42): view('patient_list', [...])
 4 SYSTEMPATH\CodeIgniter.php(933): App\Controllers\PatientController->index()
 5 SYSTEMPATH\CodeIgniter.php(507): CodeIgniter\CodeIgniter->runController(Object(App\Controllers\PatientController))
 6 SYSTEMPATH\CodeIgniter.php(354): CodeIgniter\CodeIgniter->handleRequest(null, Object(Config\Cache), false)
 7 SYSTEMPATH\Boot.php(363): CodeIgniter\CodeIgniter->run()
 8 SYSTEMPATH\Boot.php(68): CodeIgniter\Boot::runCodeIgniter(Object(CodeIgniter\CodeIgniter))
 9 FCPATH\index.php(59): CodeIgniter\Boot::bootWeb(Object(Config\Paths))
ERROR - 2025-09-03 07:04:07 --> Error fetching patients: Invalid file: "patient_list.php"
CRITICAL - 2025-09-03 07:04:07 --> CodeIgniter\View\Exceptions\ViewException: Invalid file: "patient_list.php"
[Method: GET, Route: patients]
in SYSTEMPATH\Exceptions\FrameworkException.php on line 39.
 1 SYSTEMPATH\View\View.php(214): CodeIgniter\Exceptions\FrameworkException::forInvalidFile('patient_list.php')
 2 SYSTEMPATH\Common.php(1167): CodeIgniter\View\View->render('patient_list', [], true)
 3 APPPATH\Controllers\PatientController.php(42): view('patient_list', [...])
 4 SYSTEMPATH\CodeIgniter.php(933): App\Controllers\PatientController->index()
 5 SYSTEMPATH\CodeIgniter.php(507): CodeIgniter\CodeIgniter->runController(Object(App\Controllers\PatientController))
 6 SYSTEMPATH\CodeIgniter.php(354): CodeIgniter\CodeIgniter->handleRequest(null, Object(Config\Cache), false)
 7 SYSTEMPATH\Boot.php(363): CodeIgniter\CodeIgniter->run()
 8 SYSTEMPATH\Boot.php(68): CodeIgniter\Boot::runCodeIgniter(Object(CodeIgniter\CodeIgniter))
 9 FCPATH\index.php(59): CodeIgniter\Boot::bootWeb(Object(Config\Paths))
ERROR - 2025-09-03 07:04:07 --> Error fetching patients: Invalid file: "patient_list.php"
CRITICAL - 2025-09-03 07:04:07 --> CodeIgniter\View\Exceptions\ViewException: Invalid file: "patient_list.php"
[Method: GET, Route: patients]
in SYSTEMPATH\Exceptions\FrameworkException.php on line 39.
 1 SYSTEMPATH\View\View.php(214): CodeIgniter\Exceptions\FrameworkException::forInvalidFile('patient_list.php')
 2 SYSTEMPATH\Common.php(1167): CodeIgniter\View\View->render('patient_list', [], true)
 3 APPPATH\Controllers\PatientController.php(42): view('patient_list', [...])
 4 SYSTEMPATH\CodeIgniter.php(933): App\Controllers\PatientController->index()
 5 SYSTEMPATH\CodeIgniter.php(507): CodeIgniter\CodeIgniter->runController(Object(App\Controllers\PatientController))
 6 SYSTEMPATH\CodeIgniter.php(354): CodeIgniter\CodeIgniter->handleRequest(null, Object(Config\Cache), false)
 7 SYSTEMPATH\Boot.php(363): CodeIgniter\CodeIgniter->run()
 8 SYSTEMPATH\Boot.php(68): CodeIgniter\Boot::runCodeIgniter(Object(CodeIgniter\CodeIgniter))
 9 FCPATH\index.php(59): CodeIgniter\Boot::bootWeb(Object(Config\Paths))
ERROR - 2025-09-03 07:09:52 --> Error fetching patients: Invalid file: "patient_list.php"
CRITICAL - 2025-09-03 07:09:52 --> CodeIgniter\View\Exceptions\ViewException: Invalid file: "patient_list.php"
[Method: GET, Route: patients]
in SYSTEMPATH\Exceptions\FrameworkException.php on line 39.
 1 SYSTEMPATH\View\View.php(214): CodeIgniter\Exceptions\FrameworkException::forInvalidFile('patient_list.php')
 2 SYSTEMPATH\Common.php(1167): CodeIgniter\View\View->render('patient_list', [], true)
 3 APPPATH\Controllers\PatientController.php(42): view('patient_list', [...])
 4 SYSTEMPATH\CodeIgniter.php(933): App\Controllers\PatientController->index()
 5 SYSTEMPATH\CodeIgniter.php(507): CodeIgniter\CodeIgniter->runController(Object(App\Controllers\PatientController))
 6 SYSTEMPATH\CodeIgniter.php(354): CodeIgniter\CodeIgniter->handleRequest(null, Object(Config\Cache), false)
 7 SYSTEMPATH\Boot.php(363): CodeIgniter\CodeIgniter->run()
 8 SYSTEMPATH\Boot.php(68): CodeIgniter\Boot::runCodeIgniter(Object(CodeIgniter\CodeIgniter))
 9 FCPATH\index.php(59): CodeIgniter\Boot::bootWeb(Object(Config\Paths))
ERROR - 2025-09-03 07:09:58 --> Error fetching patients: Invalid file: "patient_list.php"
CRITICAL - 2025-09-03 07:09:58 --> CodeIgniter\View\Exceptions\ViewException: Invalid file: "patient_list.php"
[Method: GET, Route: patients]
in SYSTEMPATH\Exceptions\FrameworkException.php on line 39.
 1 SYSTEMPATH\View\View.php(214): CodeIgniter\Exceptions\FrameworkException::forInvalidFile('patient_list.php')
 2 SYSTEMPATH\Common.php(1167): CodeIgniter\View\View->render('patient_list', [], true)
 3 APPPATH\Controllers\PatientController.php(42): view('patient_list', [...])
 4 SYSTEMPATH\CodeIgniter.php(933): App\Controllers\PatientController->index()
 5 SYSTEMPATH\CodeIgniter.php(507): CodeIgniter\CodeIgniter->runController(Object(App\Controllers\PatientController))
 6 SYSTEMPATH\CodeIgniter.php(354): CodeIgniter\CodeIgniter->handleRequest(null, Object(Config\Cache), false)
 7 SYSTEMPATH\Boot.php(363): CodeIgniter\CodeIgniter->run()
 8 SYSTEMPATH\Boot.php(68): CodeIgniter\Boot::runCodeIgniter(Object(CodeIgniter\CodeIgniter))
 9 FCPATH\index.php(59): CodeIgniter\Boot::bootWeb(Object(Config\Paths))
ERROR - 2025-09-03 07:12:59 --> Error fetching patients: Invalid file: "patient_list.php"
CRITICAL - 2025-09-03 07:12:59 --> CodeIgniter\View\Exceptions\ViewException: Invalid file: "patient_list.php"
[Method: GET, Route: patients]
in SYSTEMPATH\Exceptions\FrameworkException.php on line 39.
 1 SYSTEMPATH\View\View.php(214): CodeIgniter\Exceptions\FrameworkException::forInvalidFile('patient_list.php')
 2 SYSTEMPATH\Common.php(1167): CodeIgniter\View\View->render('patient_list', [], true)
 3 APPPATH\Controllers\PatientController.php(42): view('patient_list', [...])
 4 SYSTEMPATH\CodeIgniter.php(933): App\Controllers\PatientController->index()
 5 SYSTEMPATH\CodeIgniter.php(507): CodeIgniter\CodeIgniter->runController(Object(App\Controllers\PatientController))
 6 SYSTEMPATH\CodeIgniter.php(354): CodeIgniter\CodeIgniter->handleRequest(null, Object(Config\Cache), false)
 7 SYSTEMPATH\Boot.php(363): CodeIgniter\CodeIgniter->run()
 8 SYSTEMPATH\Boot.php(68): CodeIgniter\Boot::runCodeIgniter(Object(CodeIgniter\CodeIgniter))
 9 FCPATH\index.php(59): CodeIgniter\Boot::bootWeb(Object(Config\Paths))
ERROR - 2025-09-03 07:21:55 --> Error fetching patients: Invalid file: "patient_list.php"
CRITICAL - 2025-09-03 07:21:55 --> CodeIgniter\View\Exceptions\ViewException: Invalid file: "patient_list.php"
[Method: GET, Route: patients]
in SYSTEMPATH\Exceptions\FrameworkException.php on line 39.
 1 SYSTEMPATH\View\View.php(214): CodeIgniter\Exceptions\FrameworkException::forInvalidFile('patient_list.php')
 2 SYSTEMPATH\Common.php(1167): CodeIgniter\View\View->render('patient_list', [], true)
 3 APPPATH\Controllers\PatientController.php(42): view('patient_list', [...])
 4 SYSTEMPATH\CodeIgniter.php(933): App\Controllers\PatientController->index()
 5 SYSTEMPATH\CodeIgniter.php(507): CodeIgniter\CodeIgniter->runController(Object(App\Controllers\PatientController))
 6 SYSTEMPATH\CodeIgniter.php(354): CodeIgniter\CodeIgniter->handleRequest(null, Object(Config\Cache), false)
 7 SYSTEMPATH\Boot.php(363): CodeIgniter\CodeIgniter->run()
 8 SYSTEMPATH\Boot.php(68): CodeIgniter\Boot::runCodeIgniter(Object(CodeIgniter\CodeIgniter))
 9 FCPATH\index.php(59): CodeIgniter\Boot::bootWeb(Object(Config\Paths))
ERROR - 2025-09-03 07:22:27 --> Error fetching patients: Invalid file: "patient_list.php"
CRITICAL - 2025-09-03 07:22:27 --> CodeIgniter\View\Exceptions\ViewException: Invalid file: "patient_list.php"
[Method: GET, Route: patients]
in SYSTEMPATH\Exceptions\FrameworkException.php on line 39.
 1 SYSTEMPATH\View\View.php(214): CodeIgniter\Exceptions\FrameworkException::forInvalidFile('patient_list.php')
 2 SYSTEMPATH\Common.php(1167): CodeIgniter\View\View->render('patient_list', [], true)
 3 APPPATH\Controllers\PatientController.php(42): view('patient_list', [...])
 4 SYSTEMPATH\CodeIgniter.php(933): App\Controllers\PatientController->index()
 5 SYSTEMPATH\CodeIgniter.php(507): CodeIgniter\CodeIgniter->runController(Object(App\Controllers\PatientController))
 6 SYSTEMPATH\CodeIgniter.php(354): CodeIgniter\CodeIgniter->handleRequest(null, Object(Config\Cache), false)
 7 SYSTEMPATH\Boot.php(363): CodeIgniter\CodeIgniter->run()
 8 SYSTEMPATH\Boot.php(68): CodeIgniter\Boot::runCodeIgniter(Object(CodeIgniter\CodeIgniter))
 9 FCPATH\index.php(59): CodeIgniter\Boot::bootWeb(Object(Config\Paths))
ERROR - 2025-09-03 07:34:24 --> Error fetching patients: Invalid file: "patient_list.php"
CRITICAL - 2025-09-03 07:34:24 --> CodeIgniter\View\Exceptions\ViewException: Invalid file: "patient_list.php"
[Method: GET, Route: patients]
in SYSTEMPATH\Exceptions\FrameworkException.php on line 39.
 1 SYSTEMPATH\View\View.php(214): CodeIgniter\Exceptions\FrameworkException::forInvalidFile('patient_list.php')
 2 SYSTEMPATH\Common.php(1167): CodeIgniter\View\View->render('patient_list', [], true)
 3 APPPATH\Controllers\PatientController.php(42): view('patient_list', [...])
 4 SYSTEMPATH\CodeIgniter.php(933): App\Controllers\PatientController->index()
 5 SYSTEMPATH\CodeIgniter.php(507): CodeIgniter\CodeIgniter->runController(Object(App\Controllers\PatientController))
 6 SYSTEMPATH\CodeIgniter.php(354): CodeIgniter\CodeIgniter->handleRequest(null, Object(Config\Cache), false)
 7 SYSTEMPATH\Boot.php(363): CodeIgniter\CodeIgniter->run()
 8 SYSTEMPATH\Boot.php(68): CodeIgniter\Boot::runCodeIgniter(Object(CodeIgniter\CodeIgniter))
 9 FCPATH\index.php(59): CodeIgniter\Boot::bootWeb(Object(Config\Paths))
ERROR - 2025-09-03 07:34:27 --> Error fetching patients: Invalid file: "patient_list.php"
CRITICAL - 2025-09-03 07:34:27 --> CodeIgniter\View\Exceptions\ViewException: Invalid file: "patient_list.php"
[Method: GET, Route: patients]
in SYSTEMPATH\Exceptions\FrameworkException.php on line 39.
 1 SYSTEMPATH\View\View.php(214): CodeIgniter\Exceptions\FrameworkException::forInvalidFile('patient_list.php')
 2 SYSTEMPATH\Common.php(1167): CodeIgniter\View\View->render('patient_list', [], true)
 3 APPPATH\Controllers\PatientController.php(42): view('patient_list', [...])
 4 SYSTEMPATH\CodeIgniter.php(933): App\Controllers\PatientController->index()
 5 SYSTEMPATH\CodeIgniter.php(507): CodeIgniter\CodeIgniter->runController(Object(App\Controllers\PatientController))
 6 SYSTEMPATH\CodeIgniter.php(354): CodeIgniter\CodeIgniter->handleRequest(null, Object(Config\Cache), false)
 7 SYSTEMPATH\Boot.php(363): CodeIgniter\CodeIgniter->run()
 8 SYSTEMPATH\Boot.php(68): CodeIgniter\Boot::runCodeIgniter(Object(CodeIgniter\CodeIgniter))
 9 FCPATH\index.php(59): CodeIgniter\Boot::bootWeb(Object(Config\Paths))
ERROR - 2025-09-03 07:34:30 --> Error fetching patients: Invalid file: "patient_list.php"
CRITICAL - 2025-09-03 07:34:30 --> CodeIgniter\View\Exceptions\ViewException: Invalid file: "patient_list.php"
[Method: GET, Route: patients]
in SYSTEMPATH\Exceptions\FrameworkException.php on line 39.
 1 SYSTEMPATH\View\View.php(214): CodeIgniter\Exceptions\FrameworkException::forInvalidFile('patient_list.php')
 2 SYSTEMPATH\Common.php(1167): CodeIgniter\View\View->render('patient_list', [], true)
 3 APPPATH\Controllers\PatientController.php(42): view('patient_list', [...])
 4 SYSTEMPATH\CodeIgniter.php(933): App\Controllers\PatientController->index()
 5 SYSTEMPATH\CodeIgniter.php(507): CodeIgniter\CodeIgniter->runController(Object(App\Controllers\PatientController))
 6 SYSTEMPATH\CodeIgniter.php(354): CodeIgniter\CodeIgniter->handleRequest(null, Object(Config\Cache), false)
 7 SYSTEMPATH\Boot.php(363): CodeIgniter\CodeIgniter->run()
 8 SYSTEMPATH\Boot.php(68): CodeIgniter\Boot::runCodeIgniter(Object(CodeIgniter\CodeIgniter))
 9 FCPATH\index.php(59): CodeIgniter\Boot::bootWeb(Object(Config\Paths))
ERROR - 2025-09-03 07:38:17 --> Error fetching patients: Undefined variable $content
CRITICAL - 2025-09-03 07:38:17 --> ErrorException: Undefined variable $content
[Method: GET, Route: patients]
in APPPATH\Views\dashboard\_layout.php on line 471.
 1 APPPATH\Views\dashboard\_layout.php(471): CodeIgniter\Debug\Exceptions->errorHandler(2, 'Undefined variable $content', 'C:\\xampp\\htdocs\\WebSystem-ITE_Group-8\\app\\Views\\dashboard\\_layout.php', 471)
 2 SYSTEMPATH\View\View.php(226): include('C:\\xampp\\htdocs\\WebSystem-ITE_Group-8\\app\\Views\\dashboard\\_layout.php')
 3 SYSTEMPATH\View\View.php(229): CodeIgniter\View\View->CodeIgniter\View\{closure}()
 4 SYSTEMPATH\View\View.php(475): CodeIgniter\View\View->render('dashboard/_layout', [...], true)
 5 APPPATH\Views\dashboard\patient_list.php(12): CodeIgniter\View\View->include('dashboard/_layout', [...])
 6 SYSTEMPATH\View\View.php(226): include('C:\\xampp\\htdocs\\WebSystem-ITE_Group-8\\app\\Views\\dashboard\\patient_list.php')
 7 SYSTEMPATH\View\View.php(229): CodeIgniter\View\View->CodeIgniter\View\{closure}()
 8 SYSTEMPATH\Common.php(1167): CodeIgniter\View\View->render('dashboard/patient_list', [], true)
 9 APPPATH\Controllers\PatientController.php(42): view('dashboard/patient_list', [...])
10 SYSTEMPATH\CodeIgniter.php(933): App\Controllers\PatientController->index()
11 SYSTEMPATH\CodeIgniter.php(507): CodeIgniter\CodeIgniter->runController(Object(App\Controllers\PatientController))
12 SYSTEMPATH\CodeIgniter.php(354): CodeIgniter\CodeIgniter->handleRequest(null, Object(Config\Cache), false)
13 SYSTEMPATH\Boot.php(363): CodeIgniter\CodeIgniter->run()
14 SYSTEMPATH\Boot.php(68): CodeIgniter\Boot::runCodeIgniter(Object(CodeIgniter\CodeIgniter))
15 FCPATH\index.php(59): CodeIgniter\Boot::bootWeb(Object(Config\Paths))
ERROR - 2025-09-03 07:38:32 --> Error fetching patients: Undefined variable $content
CRITICAL - 2025-09-03 07:38:32 --> ErrorException: Undefined variable $content
[Method: GET, Route: patients]
in APPPATH\Views\dashboard\_layout.php on line 471.
 1 APPPATH\Views\dashboard\_layout.php(471): CodeIgniter\Debug\Exceptions->errorHandler(2, 'Undefined variable $content', 'C:\\xampp\\htdocs\\WebSystem-ITE_Group-8\\app\\Views\\dashboard\\_layout.php', 471)
 2 SYSTEMPATH\View\View.php(226): include('C:\\xampp\\htdocs\\WebSystem-ITE_Group-8\\app\\Views\\dashboard\\_layout.php')
 3 SYSTEMPATH\View\View.php(229): CodeIgniter\View\View->CodeIgniter\View\{closure}()
 4 SYSTEMPATH\View\View.php(475): CodeIgniter\View\View->render('dashboard/_layout', [...], true)
 5 APPPATH\Views\dashboard\patient_list.php(12): CodeIgniter\View\View->include('dashboard/_layout', [...])
 6 SYSTEMPATH\View\View.php(226): include('C:\\xampp\\htdocs\\WebSystem-ITE_Group-8\\app\\Views\\dashboard\\patient_list.php')
 7 SYSTEMPATH\View\View.php(229): CodeIgniter\View\View->CodeIgniter\View\{closure}()
 8 SYSTEMPATH\Common.php(1167): CodeIgniter\View\View->render('dashboard/patient_list', [], true)
 9 APPPATH\Controllers\PatientController.php(42): view('dashboard/patient_list', [...])
10 SYSTEMPATH\CodeIgniter.php(933): App\Controllers\PatientController->index()
11 SYSTEMPATH\CodeIgniter.php(507): CodeIgniter\CodeIgniter->runController(Object(App\Controllers\PatientController))
12 SYSTEMPATH\CodeIgniter.php(354): CodeIgniter\CodeIgniter->handleRequest(null, Object(Config\Cache), false)
13 SYSTEMPATH\Boot.php(363): CodeIgniter\CodeIgniter->run()
14 SYSTEMPATH\Boot.php(68): CodeIgniter\Boot::runCodeIgniter(Object(CodeIgniter\CodeIgniter))
15 FCPATH\index.php(59): CodeIgniter\Boot::bootWeb(Object(Config\Paths))
ERROR - 2025-09-03 07:38:35 --> Error fetching patients: Undefined variable $content
CRITICAL - 2025-09-03 07:38:35 --> ErrorException: Undefined variable $content
[Method: GET, Route: patients]
in APPPATH\Views\dashboard\_layout.php on line 471.
 1 APPPATH\Views\dashboard\_layout.php(471): CodeIgniter\Debug\Exceptions->errorHandler(2, 'Undefined variable $content', 'C:\\xampp\\htdocs\\WebSystem-ITE_Group-8\\app\\Views\\dashboard\\_layout.php', 471)
 2 SYSTEMPATH\View\View.php(226): include('C:\\xampp\\htdocs\\WebSystem-ITE_Group-8\\app\\Views\\dashboard\\_layout.php')
 3 SYSTEMPATH\View\View.php(229): CodeIgniter\View\View->CodeIgniter\View\{closure}()
 4 SYSTEMPATH\View\View.php(475): CodeIgniter\View\View->render('dashboard/_layout', [...], true)
 5 APPPATH\Views\dashboard\patient_list.php(12): CodeIgniter\View\View->include('dashboard/_layout', [...])
 6 SYSTEMPATH\View\View.php(226): include('C:\\xampp\\htdocs\\WebSystem-ITE_Group-8\\app\\Views\\dashboard\\patient_list.php')
 7 SYSTEMPATH\View\View.php(229): CodeIgniter\View\View->CodeIgniter\View\{closure}()
 8 SYSTEMPATH\Common.php(1167): CodeIgniter\View\View->render('dashboard/patient_list', [], true)
 9 APPPATH\Controllers\PatientController.php(42): view('dashboard/patient_list', [...])
10 SYSTEMPATH\CodeIgniter.php(933): App\Controllers\PatientController->index()
11 SYSTEMPATH\CodeIgniter.php(507): CodeIgniter\CodeIgniter->runController(Object(App\Controllers\PatientController))
12 SYSTEMPATH\CodeIgniter.php(354): CodeIgniter\CodeIgniter->handleRequest(null, Object(Config\Cache), false)
13 SYSTEMPATH\Boot.php(363): CodeIgniter\CodeIgniter->run()
14 SYSTEMPATH\Boot.php(68): CodeIgniter\Boot::runCodeIgniter(Object(CodeIgniter\CodeIgniter))
15 FCPATH\index.php(59): CodeIgniter\Boot::bootWeb(Object(Config\Paths))
ERROR - 2025-09-03 07:47:10 --> Error fetching patients: Undefined variable $content
CRITICAL - 2025-09-03 07:47:10 --> ErrorException: Undefined variable $content
[Method: GET, Route: patients]
in APPPATH\Views\dashboard\_layout.php on line 471.
 1 APPPATH\Views\dashboard\_layout.php(471): CodeIgniter\Debug\Exceptions->errorHandler(2, 'Undefined variable $content', 'C:\\xampp\\htdocs\\WebSystem-ITE_Group-8\\app\\Views\\dashboard\\_layout.php', 471)
 2 SYSTEMPATH\View\View.php(226): include('C:\\xampp\\htdocs\\WebSystem-ITE_Group-8\\app\\Views\\dashboard\\_layout.php')
 3 SYSTEMPATH\View\View.php(229): CodeIgniter\View\View->CodeIgniter\View\{closure}()
 4 SYSTEMPATH\View\View.php(475): CodeIgniter\View\View->render('dashboard/_layout', [...], true)
 5 APPPATH\Views\dashboard\patient_list.php(12): CodeIgniter\View\View->include('dashboard/_layout', [...])
 6 SYSTEMPATH\View\View.php(226): include('C:\\xampp\\htdocs\\WebSystem-ITE_Group-8\\app\\Views\\dashboard\\patient_list.php')
 7 SYSTEMPATH\View\View.php(229): CodeIgniter\View\View->CodeIgniter\View\{closure}()
 8 SYSTEMPATH\Common.php(1167): CodeIgniter\View\View->render('dashboard/patient_list', [], true)
 9 APPPATH\Controllers\PatientController.php(42): view('dashboard/patient_list', [...])
10 SYSTEMPATH\CodeIgniter.php(933): App\Controllers\PatientController->index()
11 SYSTEMPATH\CodeIgniter.php(507): CodeIgniter\CodeIgniter->runController(Object(App\Controllers\PatientController))
12 SYSTEMPATH\CodeIgniter.php(354): CodeIgniter\CodeIgniter->handleRequest(null, Object(Config\Cache), false)
13 SYSTEMPATH\Boot.php(363): CodeIgniter\CodeIgniter->run()
14 SYSTEMPATH\Boot.php(68): CodeIgniter\Boot::runCodeIgniter(Object(CodeIgniter\CodeIgniter))
15 FCPATH\index.php(59): CodeIgniter\Boot::bootWeb(Object(Config\Paths))
ERROR - 2025-09-03 07:47:14 --> Error fetching patients: Undefined variable $content
CRITICAL - 2025-09-03 07:47:14 --> ErrorException: Undefined variable $content
[Method: GET, Route: patients]
in APPPATH\Views\dashboard\_layout.php on line 471.
 1 APPPATH\Views\dashboard\_layout.php(471): CodeIgniter\Debug\Exceptions->errorHandler(2, 'Undefined variable $content', 'C:\\xampp\\htdocs\\WebSystem-ITE_Group-8\\app\\Views\\dashboard\\_layout.php', 471)
 2 SYSTEMPATH\View\View.php(226): include('C:\\xampp\\htdocs\\WebSystem-ITE_Group-8\\app\\Views\\dashboard\\_layout.php')
 3 SYSTEMPATH\View\View.php(229): CodeIgniter\View\View->CodeIgniter\View\{closure}()
 4 SYSTEMPATH\View\View.php(475): CodeIgniter\View\View->render('dashboard/_layout', [...], true)
 5 APPPATH\Views\dashboard\patient_list.php(12): CodeIgniter\View\View->include('dashboard/_layout', [...])
 6 SYSTEMPATH\View\View.php(226): include('C:\\xampp\\htdocs\\WebSystem-ITE_Group-8\\app\\Views\\dashboard\\patient_list.php')
 7 SYSTEMPATH\View\View.php(229): CodeIgniter\View\View->CodeIgniter\View\{closure}()
 8 SYSTEMPATH\Common.php(1167): CodeIgniter\View\View->render('dashboard/patient_list', [], true)
 9 APPPATH\Controllers\PatientController.php(42): view('dashboard/patient_list', [...])
10 SYSTEMPATH\CodeIgniter.php(933): App\Controllers\PatientController->index()
11 SYSTEMPATH\CodeIgniter.php(507): CodeIgniter\CodeIgniter->runController(Object(App\Controllers\PatientController))
12 SYSTEMPATH\CodeIgniter.php(354): CodeIgniter\CodeIgniter->handleRequest(null, Object(Config\Cache), false)
13 SYSTEMPATH\Boot.php(363): CodeIgniter\CodeIgniter->run()
14 SYSTEMPATH\Boot.php(68): CodeIgniter\Boot::runCodeIgniter(Object(CodeIgniter\CodeIgniter))
15 FCPATH\index.php(59): CodeIgniter\Boot::bootWeb(Object(Config\Paths))
ERROR - 2025-09-03 07:52:59 --> Error fetching patients: Undefined variable $content
CRITICAL - 2025-09-03 07:52:59 --> ErrorException: Undefined variable $content
[Method: GET, Route: patients]
in APPPATH\Views\dashboard\_layout.php on line 471.
 1 APPPATH\Views\dashboard\_layout.php(471): CodeIgniter\Debug\Exceptions->errorHandler(2, 'Undefined variable $content', 'C:\\xampp\\htdocs\\WebSystem-ITE_Group-8\\app\\Views\\dashboard\\_layout.php', 471)
 2 SYSTEMPATH\View\View.php(226): include('C:\\xampp\\htdocs\\WebSystem-ITE_Group-8\\app\\Views\\dashboard\\_layout.php')
 3 SYSTEMPATH\View\View.php(229): CodeIgniter\View\View->CodeIgniter\View\{closure}()
 4 SYSTEMPATH\View\View.php(475): CodeIgniter\View\View->render('dashboard/_layout', [...], true)
 5 APPPATH\Views\dashboard\patient_list.php(12): CodeIgniter\View\View->include('dashboard/_layout', [...])
 6 SYSTEMPATH\View\View.php(226): include('C:\\xampp\\htdocs\\WebSystem-ITE_Group-8\\app\\Views\\dashboard\\patient_list.php')
 7 SYSTEMPATH\View\View.php(229): CodeIgniter\View\View->CodeIgniter\View\{closure}()
 8 SYSTEMPATH\Common.php(1167): CodeIgniter\View\View->render('dashboard/patient_list', [...], true)
 9 APPPATH\Controllers\PatientController.php(43): view('dashboard/patient_list', [...], [...])
10 SYSTEMPATH\CodeIgniter.php(933): App\Controllers\PatientController->index()
11 SYSTEMPATH\CodeIgniter.php(507): CodeIgniter\CodeIgniter->runController(Object(App\Controllers\PatientController))
12 SYSTEMPATH\CodeIgniter.php(354): CodeIgniter\CodeIgniter->handleRequest(null, Object(Config\Cache), false)
13 SYSTEMPATH\Boot.php(363): CodeIgniter\CodeIgniter->run()
14 SYSTEMPATH\Boot.php(68): CodeIgniter\Boot::runCodeIgniter(Object(CodeIgniter\CodeIgniter))
15 FCPATH\index.php(59): CodeIgniter\Boot::bootWeb(Object(Config\Paths))
ERROR - 2025-09-03 07:53:02 --> Error fetching patients: Undefined variable $content
CRITICAL - 2025-09-03 07:53:02 --> ErrorException: Undefined variable $content
[Method: GET, Route: patients]
in APPPATH\Views\dashboard\_layout.php on line 471.
 1 APPPATH\Views\dashboard\_layout.php(471): CodeIgniter\Debug\Exceptions->errorHandler(2, 'Undefined variable $content', 'C:\\xampp\\htdocs\\WebSystem-ITE_Group-8\\app\\Views\\dashboard\\_layout.php', 471)
 2 SYSTEMPATH\View\View.php(226): include('C:\\xampp\\htdocs\\WebSystem-ITE_Group-8\\app\\Views\\dashboard\\_layout.php')
 3 SYSTEMPATH\View\View.php(229): CodeIgniter\View\View->CodeIgniter\View\{closure}()
 4 SYSTEMPATH\View\View.php(475): CodeIgniter\View\View->render('dashboard/_layout', [...], true)
 5 APPPATH\Views\dashboard\patient_list.php(12): CodeIgniter\View\View->include('dashboard/_layout', [...])
 6 SYSTEMPATH\View\View.php(226): include('C:\\xampp\\htdocs\\WebSystem-ITE_Group-8\\app\\Views\\dashboard\\patient_list.php')
 7 SYSTEMPATH\View\View.php(229): CodeIgniter\View\View->CodeIgniter\View\{closure}()
 8 SYSTEMPATH\Common.php(1167): CodeIgniter\View\View->render('dashboard/patient_list', [...], true)
 9 APPPATH\Controllers\PatientController.php(43): view('dashboard/patient_list', [...], [...])
10 SYSTEMPATH\CodeIgniter.php(933): App\Controllers\PatientController->index()
11 SYSTEMPATH\CodeIgniter.php(507): CodeIgniter\CodeIgniter->runController(Object(App\Controllers\PatientController))
12 SYSTEMPATH\CodeIgniter.php(354): CodeIgniter\CodeIgniter->handleRequest(null, Object(Config\Cache), false)
13 SYSTEMPATH\Boot.php(363): CodeIgniter\CodeIgniter->run()
14 SYSTEMPATH\Boot.php(68): CodeIgniter\Boot::runCodeIgniter(Object(CodeIgniter\CodeIgniter))
15 FCPATH\index.php(59): CodeIgniter\Boot::bootWeb(Object(Config\Paths))
ERROR - 2025-09-03 07:53:07 --> Error fetching patients: Undefined variable $content
CRITICAL - 2025-09-03 07:53:07 --> ErrorException: Undefined variable $content
[Method: GET, Route: patients]
in APPPATH\Views\dashboard\_layout.php on line 471.
 1 APPPATH\Views\dashboard\_layout.php(471): CodeIgniter\Debug\Exceptions->errorHandler(2, 'Undefined variable $content', 'C:\\xampp\\htdocs\\WebSystem-ITE_Group-8\\app\\Views\\dashboard\\_layout.php', 471)
 2 SYSTEMPATH\View\View.php(226): include('C:\\xampp\\htdocs\\WebSystem-ITE_Group-8\\app\\Views\\dashboard\\_layout.php')
 3 SYSTEMPATH\View\View.php(229): CodeIgniter\View\View->CodeIgniter\View\{closure}()
 4 SYSTEMPATH\View\View.php(475): CodeIgniter\View\View->render('dashboard/_layout', [...], true)
 5 APPPATH\Views\dashboard\patient_list.php(12): CodeIgniter\View\View->include('dashboard/_layout', [...])
 6 SYSTEMPATH\View\View.php(226): include('C:\\xampp\\htdocs\\WebSystem-ITE_Group-8\\app\\Views\\dashboard\\patient_list.php')
 7 SYSTEMPATH\View\View.php(229): CodeIgniter\View\View->CodeIgniter\View\{closure}()
 8 SYSTEMPATH\Common.php(1167): CodeIgniter\View\View->render('dashboard/patient_list', [...], true)
 9 APPPATH\Controllers\PatientController.php(43): view('dashboard/patient_list', [...], [...])
10 SYSTEMPATH\CodeIgniter.php(933): App\Controllers\PatientController->index()
11 SYSTEMPATH\CodeIgniter.php(507): CodeIgniter\CodeIgniter->runController(Object(App\Controllers\PatientController))
12 SYSTEMPATH\CodeIgniter.php(354): CodeIgniter\CodeIgniter->handleRequest(null, Object(Config\Cache), false)
13 SYSTEMPATH\Boot.php(363): CodeIgniter\CodeIgniter->run()
14 SYSTEMPATH\Boot.php(68): CodeIgniter\Boot::runCodeIgniter(Object(CodeIgniter\CodeIgniter))
15 FCPATH\index.php(59): CodeIgniter\Boot::bootWeb(Object(Config\Paths))
ERROR - 2025-09-03 07:55:45 --> Error fetching patients: Undefined variable $content
CRITICAL - 2025-09-03 07:55:45 --> ErrorException: Undefined variable $content
[Method: GET, Route: patients]
in APPPATH\Views\dashboard\_layout.php on line 471.
 1 APPPATH\Views\dashboard\_layout.php(471): CodeIgniter\Debug\Exceptions->errorHandler(2, 'Undefined variable $content', 'C:\\xampp\\htdocs\\WebSystem-ITE_Group-8\\app\\Views\\dashboard\\_layout.php', 471)
 2 SYSTEMPATH\View\View.php(226): include('C:\\xampp\\htdocs\\WebSystem-ITE_Group-8\\app\\Views\\dashboard\\_layout.php')
 3 SYSTEMPATH\View\View.php(229): CodeIgniter\View\View->CodeIgniter\View\{closure}()
 4 SYSTEMPATH\View\View.php(475): CodeIgniter\View\View->render('dashboard/_layout', [...], true)
 5 APPPATH\Views\dashboard\patient_list.php(12): CodeIgniter\View\View->include('dashboard/_layout', [...])
 6 SYSTEMPATH\View\View.php(226): include('C:\\xampp\\htdocs\\WebSystem-ITE_Group-8\\app\\Views\\dashboard\\patient_list.php')
 7 SYSTEMPATH\View\View.php(229): CodeIgniter\View\View->CodeIgniter\View\{closure}()
 8 SYSTEMPATH\Common.php(1167): CodeIgniter\View\View->render('dashboard/patient_list', [...], true)
 9 APPPATH\Controllers\PatientController.php(43): view('dashboard/patient_list', [...], [...])
10 SYSTEMPATH\CodeIgniter.php(933): App\Controllers\PatientController->index()
11 SYSTEMPATH\CodeIgniter.php(507): CodeIgniter\CodeIgniter->runController(Object(App\Controllers\PatientController))
12 SYSTEMPATH\CodeIgniter.php(354): CodeIgniter\CodeIgniter->handleRequest(null, Object(Config\Cache), false)
13 SYSTEMPATH\Boot.php(363): CodeIgniter\CodeIgniter->run()
14 SYSTEMPATH\Boot.php(68): CodeIgniter\Boot::runCodeIgniter(Object(CodeIgniter\CodeIgniter))
15 FCPATH\index.php(59): CodeIgniter\Boot::bootWeb(Object(Config\Paths))
ERROR - 2025-09-03 07:55:46 --> Error fetching patients: Undefined variable $content
CRITICAL - 2025-09-03 07:55:46 --> ErrorException: Undefined variable $content
[Method: GET, Route: patients]
in APPPATH\Views\dashboard\_layout.php on line 471.
 1 APPPATH\Views\dashboard\_layout.php(471): CodeIgniter\Debug\Exceptions->errorHandler(2, 'Undefined variable $content', 'C:\\xampp\\htdocs\\WebSystem-ITE_Group-8\\app\\Views\\dashboard\\_layout.php', 471)
 2 SYSTEMPATH\View\View.php(226): include('C:\\xampp\\htdocs\\WebSystem-ITE_Group-8\\app\\Views\\dashboard\\_layout.php')
 3 SYSTEMPATH\View\View.php(229): CodeIgniter\View\View->CodeIgniter\View\{closure}()
 4 SYSTEMPATH\View\View.php(475): CodeIgniter\View\View->render('dashboard/_layout', [...], true)
 5 APPPATH\Views\dashboard\patient_list.php(12): CodeIgniter\View\View->include('dashboard/_layout', [...])
 6 SYSTEMPATH\View\View.php(226): include('C:\\xampp\\htdocs\\WebSystem-ITE_Group-8\\app\\Views\\dashboard\\patient_list.php')
 7 SYSTEMPATH\View\View.php(229): CodeIgniter\View\View->CodeIgniter\View\{closure}()
 8 SYSTEMPATH\Common.php(1167): CodeIgniter\View\View->render('dashboard/patient_list', [...], true)
 9 APPPATH\Controllers\PatientController.php(43): view('dashboard/patient_list', [...], [...])
10 SYSTEMPATH\CodeIgniter.php(933): App\Controllers\PatientController->index()
11 SYSTEMPATH\CodeIgniter.php(507): CodeIgniter\CodeIgniter->runController(Object(App\Controllers\PatientController))
12 SYSTEMPATH\CodeIgniter.php(354): CodeIgniter\CodeIgniter->handleRequest(null, Object(Config\Cache), false)
13 SYSTEMPATH\Boot.php(363): CodeIgniter\CodeIgniter->run()
14 SYSTEMPATH\Boot.php(68): CodeIgniter\Boot::runCodeIgniter(Object(CodeIgniter\CodeIgniter))
15 FCPATH\index.php(59): CodeIgniter\Boot::bootWeb(Object(Config\Paths))
ERROR - 2025-09-03 07:55:46 --> Error fetching patients: Undefined variable $content
CRITICAL - 2025-09-03 07:55:46 --> ErrorException: Undefined variable $content
[Method: GET, Route: patients]
in APPPATH\Views\dashboard\_layout.php on line 471.
 1 APPPATH\Views\dashboard\_layout.php(471): CodeIgniter\Debug\Exceptions->errorHandler(2, 'Undefined variable $content', 'C:\\xampp\\htdocs\\WebSystem-ITE_Group-8\\app\\Views\\dashboard\\_layout.php', 471)
 2 SYSTEMPATH\View\View.php(226): include('C:\\xampp\\htdocs\\WebSystem-ITE_Group-8\\app\\Views\\dashboard\\_layout.php')
 3 SYSTEMPATH\View\View.php(229): CodeIgniter\View\View->CodeIgniter\View\{closure}()
 4 SYSTEMPATH\View\View.php(475): CodeIgniter\View\View->render('dashboard/_layout', [...], true)
 5 APPPATH\Views\dashboard\patient_list.php(12): CodeIgniter\View\View->include('dashboard/_layout', [...])
 6 SYSTEMPATH\View\View.php(226): include('C:\\xampp\\htdocs\\WebSystem-ITE_Group-8\\app\\Views\\dashboard\\patient_list.php')
 7 SYSTEMPATH\View\View.php(229): CodeIgniter\View\View->CodeIgniter\View\{closure}()
 8 SYSTEMPATH\Common.php(1167): CodeIgniter\View\View->render('dashboard/patient_list', [...], true)
 9 APPPATH\Controllers\PatientController.php(43): view('dashboard/patient_list', [...], [...])
10 SYSTEMPATH\CodeIgniter.php(933): App\Controllers\PatientController->index()
11 SYSTEMPATH\CodeIgniter.php(507): CodeIgniter\CodeIgniter->runController(Object(App\Controllers\PatientController))
12 SYSTEMPATH\CodeIgniter.php(354): CodeIgniter\CodeIgniter->handleRequest(null, Object(Config\Cache), false)
13 SYSTEMPATH\Boot.php(363): CodeIgniter\CodeIgniter->run()
14 SYSTEMPATH\Boot.php(68): CodeIgniter\Boot::runCodeIgniter(Object(CodeIgniter\CodeIgniter))
15 FCPATH\index.php(59): CodeIgniter\Boot::bootWeb(Object(Config\Paths))
ERROR - 2025-09-03 07:55:46 --> Error fetching patients: Undefined variable $content
CRITICAL - 2025-09-03 07:55:46 --> ErrorException: Undefined variable $content
[Method: GET, Route: patients]
in APPPATH\Views\dashboard\_layout.php on line 471.
 1 APPPATH\Views\dashboard\_layout.php(471): CodeIgniter\Debug\Exceptions->errorHandler(2, 'Undefined variable $content', 'C:\\xampp\\htdocs\\WebSystem-ITE_Group-8\\app\\Views\\dashboard\\_layout.php', 471)
 2 SYSTEMPATH\View\View.php(226): include('C:\\xampp\\htdocs\\WebSystem-ITE_Group-8\\app\\Views\\dashboard\\_layout.php')
 3 SYSTEMPATH\View\View.php(229): CodeIgniter\View\View->CodeIgniter\View\{closure}()
 4 SYSTEMPATH\View\View.php(475): CodeIgniter\View\View->render('dashboard/_layout', [...], true)
 5 APPPATH\Views\dashboard\patient_list.php(12): CodeIgniter\View\View->include('dashboard/_layout', [...])
 6 SYSTEMPATH\View\View.php(226): include('C:\\xampp\\htdocs\\WebSystem-ITE_Group-8\\app\\Views\\dashboard\\patient_list.php')
 7 SYSTEMPATH\View\View.php(229): CodeIgniter\View\View->CodeIgniter\View\{closure}()
 8 SYSTEMPATH\Common.php(1167): CodeIgniter\View\View->render('dashboard/patient_list', [...], true)
 9 APPPATH\Controllers\PatientController.php(43): view('dashboard/patient_list', [...], [...])
10 SYSTEMPATH\CodeIgniter.php(933): App\Controllers\PatientController->index()
11 SYSTEMPATH\CodeIgniter.php(507): CodeIgniter\CodeIgniter->runController(Object(App\Controllers\PatientController))
12 SYSTEMPATH\CodeIgniter.php(354): CodeIgniter\CodeIgniter->handleRequest(null, Object(Config\Cache), false)
13 SYSTEMPATH\Boot.php(363): CodeIgniter\CodeIgniter->run()
14 SYSTEMPATH\Boot.php(68): CodeIgniter\Boot::runCodeIgniter(Object(CodeIgniter\CodeIgniter))
15 FCPATH\index.php(59): CodeIgniter\Boot::bootWeb(Object(Config\Paths))
ERROR - 2025-09-03 07:55:47 --> Error fetching patients: Undefined variable $content
CRITICAL - 2025-09-03 07:55:47 --> ErrorException: Undefined variable $content
[Method: GET, Route: patients]
in APPPATH\Views\dashboard\_layout.php on line 471.
 1 APPPATH\Views\dashboard\_layout.php(471): CodeIgniter\Debug\Exceptions->errorHandler(2, 'Undefined variable $content', 'C:\\xampp\\htdocs\\WebSystem-ITE_Group-8\\app\\Views\\dashboard\\_layout.php', 471)
 2 SYSTEMPATH\View\View.php(226): include('C:\\xampp\\htdocs\\WebSystem-ITE_Group-8\\app\\Views\\dashboard\\_layout.php')
 3 SYSTEMPATH\View\View.php(229): CodeIgniter\View\View->CodeIgniter\View\{closure}()
 4 SYSTEMPATH\View\View.php(475): CodeIgniter\View\View->render('dashboard/_layout', [...], true)
 5 APPPATH\Views\dashboard\patient_list.php(12): CodeIgniter\View\View->include('dashboard/_layout', [...])
 6 SYSTEMPATH\View\View.php(226): include('C:\\xampp\\htdocs\\WebSystem-ITE_Group-8\\app\\Views\\dashboard\\patient_list.php')
 7 SYSTEMPATH\View\View.php(229): CodeIgniter\View\View->CodeIgniter\View\{closure}()
 8 SYSTEMPATH\Common.php(1167): CodeIgniter\View\View->render('dashboard/patient_list', [...], true)
 9 APPPATH\Controllers\PatientController.php(43): view('dashboard/patient_list', [...], [...])
10 SYSTEMPATH\CodeIgniter.php(933): App\Controllers\PatientController->index()
11 SYSTEMPATH\CodeIgniter.php(507): CodeIgniter\CodeIgniter->runController(Object(App\Controllers\PatientController))
12 SYSTEMPATH\CodeIgniter.php(354): CodeIgniter\CodeIgniter->handleRequest(null, Object(Config\Cache), false)
13 SYSTEMPATH\Boot.php(363): CodeIgniter\CodeIgniter->run()
14 SYSTEMPATH\Boot.php(68): CodeIgniter\Boot::runCodeIgniter(Object(CodeIgniter\CodeIgniter))
15 FCPATH\index.php(59): CodeIgniter\Boot::bootWeb(Object(Config\Paths))
ERROR - 2025-09-03 07:55:47 --> Error fetching patients: Undefined variable $content
CRITICAL - 2025-09-03 07:55:47 --> ErrorException: Undefined variable $content
[Method: GET, Route: patients]
in APPPATH\Views\dashboard\_layout.php on line 471.
 1 APPPATH\Views\dashboard\_layout.php(471): CodeIgniter\Debug\Exceptions->errorHandler(2, 'Undefined variable $content', 'C:\\xampp\\htdocs\\WebSystem-ITE_Group-8\\app\\Views\\dashboard\\_layout.php', 471)
 2 SYSTEMPATH\View\View.php(226): include('C:\\xampp\\htdocs\\WebSystem-ITE_Group-8\\app\\Views\\dashboard\\_layout.php')
 3 SYSTEMPATH\View\View.php(229): CodeIgniter\View\View->CodeIgniter\View\{closure}()
 4 SYSTEMPATH\View\View.php(475): CodeIgniter\View\View->render('dashboard/_layout', [...], true)
 5 APPPATH\Views\dashboard\patient_list.php(12): CodeIgniter\View\View->include('dashboard/_layout', [...])
 6 SYSTEMPATH\View\View.php(226): include('C:\\xampp\\htdocs\\WebSystem-ITE_Group-8\\app\\Views\\dashboard\\patient_list.php')
 7 SYSTEMPATH\View\View.php(229): CodeIgniter\View\View->CodeIgniter\View\{closure}()
 8 SYSTEMPATH\Common.php(1167): CodeIgniter\View\View->render('dashboard/patient_list', [...], true)
 9 APPPATH\Controllers\PatientController.php(43): view('dashboard/patient_list', [...], [...])
10 SYSTEMPATH\CodeIgniter.php(933): App\Controllers\PatientController->index()
11 SYSTEMPATH\CodeIgniter.php(507): CodeIgniter\CodeIgniter->runController(Object(App\Controllers\PatientController))
12 SYSTEMPATH\CodeIgniter.php(354): CodeIgniter\CodeIgniter->handleRequest(null, Object(Config\Cache), false)
13 SYSTEMPATH\Boot.php(363): CodeIgniter\CodeIgniter->run()
14 SYSTEMPATH\Boot.php(68): CodeIgniter\Boot::runCodeIgniter(Object(CodeIgniter\CodeIgniter))
15 FCPATH\index.php(59): CodeIgniter\Boot::bootWeb(Object(Config\Paths))
ERROR - 2025-09-03 07:55:47 --> Error fetching patients: Undefined variable $content
CRITICAL - 2025-09-03 07:55:47 --> ErrorException: Undefined variable $content
[Method: GET, Route: patients]
in APPPATH\Views\dashboard\_layout.php on line 471.
 1 APPPATH\Views\dashboard\_layout.php(471): CodeIgniter\Debug\Exceptions->errorHandler(2, 'Undefined variable $content', 'C:\\xampp\\htdocs\\WebSystem-ITE_Group-8\\app\\Views\\dashboard\\_layout.php', 471)
 2 SYSTEMPATH\View\View.php(226): include('C:\\xampp\\htdocs\\WebSystem-ITE_Group-8\\app\\Views\\dashboard\\_layout.php')
 3 SYSTEMPATH\View\View.php(229): CodeIgniter\View\View->CodeIgniter\View\{closure}()
 4 SYSTEMPATH\View\View.php(475): CodeIgniter\View\View->render('dashboard/_layout', [...], true)
 5 APPPATH\Views\dashboard\patient_list.php(12): CodeIgniter\View\View->include('dashboard/_layout', [...])
 6 SYSTEMPATH\View\View.php(226): include('C:\\xampp\\htdocs\\WebSystem-ITE_Group-8\\app\\Views\\dashboard\\patient_list.php')
 7 SYSTEMPATH\View\View.php(229): CodeIgniter\View\View->CodeIgniter\View\{closure}()
 8 SYSTEMPATH\Common.php(1167): CodeIgniter\View\View->render('dashboard/patient_list', [...], true)
 9 APPPATH\Controllers\PatientController.php(43): view('dashboard/patient_list', [...], [...])
10 SYSTEMPATH\CodeIgniter.php(933): App\Controllers\PatientController->index()
11 SYSTEMPATH\CodeIgniter.php(507): CodeIgniter\CodeIgniter->runController(Object(App\Controllers\PatientController))
12 SYSTEMPATH\CodeIgniter.php(354): CodeIgniter\CodeIgniter->handleRequest(null, Object(Config\Cache), false)
13 SYSTEMPATH\Boot.php(363): CodeIgniter\CodeIgniter->run()
14 SYSTEMPATH\Boot.php(68): CodeIgniter\Boot::runCodeIgniter(Object(CodeIgniter\CodeIgniter))
15 FCPATH\index.php(59): CodeIgniter\Boot::bootWeb(Object(Config\Paths))
ERROR - 2025-09-03 07:55:48 --> Error fetching patients: Undefined variable $content
CRITICAL - 2025-09-03 07:55:48 --> ErrorException: Undefined variable $content
[Method: GET, Route: patients]
in APPPATH\Views\dashboard\_layout.php on line 471.
 1 APPPATH\Views\dashboard\_layout.php(471): CodeIgniter\Debug\Exceptions->errorHandler(2, 'Undefined variable $content', 'C:\\xampp\\htdocs\\WebSystem-ITE_Group-8\\app\\Views\\dashboard\\_layout.php', 471)
 2 SYSTEMPATH\View\View.php(226): include('C:\\xampp\\htdocs\\WebSystem-ITE_Group-8\\app\\Views\\dashboard\\_layout.php')
 3 SYSTEMPATH\View\View.php(229): CodeIgniter\View\View->CodeIgniter\View\{closure}()
 4 SYSTEMPATH\View\View.php(475): CodeIgniter\View\View->render('dashboard/_layout', [...], true)
 5 APPPATH\Views\dashboard\patient_list.php(12): CodeIgniter\View\View->include('dashboard/_layout', [...])
 6 SYSTEMPATH\View\View.php(226): include('C:\\xampp\\htdocs\\WebSystem-ITE_Group-8\\app\\Views\\dashboard\\patient_list.php')
 7 SYSTEMPATH\View\View.php(229): CodeIgniter\View\View->CodeIgniter\View\{closure}()
 8 SYSTEMPATH\Common.php(1167): CodeIgniter\View\View->render('dashboard/patient_list', [...], true)
 9 APPPATH\Controllers\PatientController.php(43): view('dashboard/patient_list', [...], [...])
10 SYSTEMPATH\CodeIgniter.php(933): App\Controllers\PatientController->index()
11 SYSTEMPATH\CodeIgniter.php(507): CodeIgniter\CodeIgniter->runController(Object(App\Controllers\PatientController))
12 SYSTEMPATH\CodeIgniter.php(354): CodeIgniter\CodeIgniter->handleRequest(null, Object(Config\Cache), false)
13 SYSTEMPATH\Boot.php(363): CodeIgniter\CodeIgniter->run()
14 SYSTEMPATH\Boot.php(68): CodeIgniter\Boot::runCodeIgniter(Object(CodeIgniter\CodeIgniter))
15 FCPATH\index.php(59): CodeIgniter\Boot::bootWeb(Object(Config\Paths))
ERROR - 2025-09-03 07:55:48 --> Error fetching patients: Undefined variable $content
CRITICAL - 2025-09-03 07:55:48 --> ErrorException: Undefined variable $content
[Method: GET, Route: patients]
in APPPATH\Views\dashboard\_layout.php on line 471.
 1 APPPATH\Views\dashboard\_layout.php(471): CodeIgniter\Debug\Exceptions->errorHandler(2, 'Undefined variable $content', 'C:\\xampp\\htdocs\\WebSystem-ITE_Group-8\\app\\Views\\dashboard\\_layout.php', 471)
 2 SYSTEMPATH\View\View.php(226): include('C:\\xampp\\htdocs\\WebSystem-ITE_Group-8\\app\\Views\\dashboard\\_layout.php')
 3 SYSTEMPATH\View\View.php(229): CodeIgniter\View\View->CodeIgniter\View\{closure}()
 4 SYSTEMPATH\View\View.php(475): CodeIgniter\View\View->render('dashboard/_layout', [...], true)
 5 APPPATH\Views\dashboard\patient_list.php(12): CodeIgniter\View\View->include('dashboard/_layout', [...])
 6 SYSTEMPATH\View\View.php(226): include('C:\\xampp\\htdocs\\WebSystem-ITE_Group-8\\app\\Views\\dashboard\\patient_list.php')
 7 SYSTEMPATH\View\View.php(229): CodeIgniter\View\View->CodeIgniter\View\{closure}()
 8 SYSTEMPATH\Common.php(1167): CodeIgniter\View\View->render('dashboard/patient_list', [...], true)
 9 APPPATH\Controllers\PatientController.php(43): view('dashboard/patient_list', [...], [...])
10 SYSTEMPATH\CodeIgniter.php(933): App\Controllers\PatientController->index()
11 SYSTEMPATH\CodeIgniter.php(507): CodeIgniter\CodeIgniter->runController(Object(App\Controllers\PatientController))
12 SYSTEMPATH\CodeIgniter.php(354): CodeIgniter\CodeIgniter->handleRequest(null, Object(Config\Cache), false)
13 SYSTEMPATH\Boot.php(363): CodeIgniter\CodeIgniter->run()
14 SYSTEMPATH\Boot.php(68): CodeIgniter\Boot::runCodeIgniter(Object(CodeIgniter\CodeIgniter))
15 FCPATH\index.php(59): CodeIgniter\Boot::bootWeb(Object(Config\Paths))
CRITICAL - 2025-09-03 16:39:41 --> ParseError: Unclosed '('
[Method: GET, Route: dashboard]
in APPPATH\Config\Routes.php on line 42.
 1 SYSTEMPATH\CodeIgniter.php(821): CodeIgniter\Router\RouteCollection->loadRoutes()
 2 SYSTEMPATH\CodeIgniter.php(455): CodeIgniter\CodeIgniter->tryToRouteIt(null)
 3 SYSTEMPATH\CodeIgniter.php(354): CodeIgniter\CodeIgniter->handleRequest(null, Object(Config\Cache), false)
 4 SYSTEMPATH\Boot.php(363): CodeIgniter\CodeIgniter->run()
 5 SYSTEMPATH\Boot.php(68): CodeIgniter\Boot::runCodeIgniter(Object(CodeIgniter\CodeIgniter))
 6 FCPATH\index.php(59): CodeIgniter\Boot::bootWeb(Object(Config\Paths))
CRITICAL - 2025-09-03 16:39:42 --> ParseError: Unclosed '('
[Method: GET, Route: dashboard]
in APPPATH\Config\Routes.php on line 42.
 1 SYSTEMPATH\CodeIgniter.php(821): CodeIgniter\Router\RouteCollection->loadRoutes()
 2 SYSTEMPATH\CodeIgniter.php(455): CodeIgniter\CodeIgniter->tryToRouteIt(null)
 3 SYSTEMPATH\CodeIgniter.php(354): CodeIgniter\CodeIgniter->handleRequest(null, Object(Config\Cache), false)
 4 SYSTEMPATH\Boot.php(363): CodeIgniter\CodeIgniter->run()
 5 SYSTEMPATH\Boot.php(68): CodeIgniter\Boot::runCodeIgniter(Object(CodeIgniter\CodeIgniter))
 6 FCPATH\index.php(59): CodeIgniter\Boot::bootWeb(Object(Config\Paths))
CRITICAL - 2025-09-03 16:39:43 --> ParseError: Unclosed '('
[Method: GET, Route: dashboard]
in APPPATH\Config\Routes.php on line 42.
 1 SYSTEMPATH\CodeIgniter.php(821): CodeIgniter\Router\RouteCollection->loadRoutes()
 2 SYSTEMPATH\CodeIgniter.php(455): CodeIgniter\CodeIgniter->tryToRouteIt(null)
 3 SYSTEMPATH\CodeIgniter.php(354): CodeIgniter\CodeIgniter->handleRequest(null, Object(Config\Cache), false)
 4 SYSTEMPATH\Boot.php(363): CodeIgniter\CodeIgniter->run()
 5 SYSTEMPATH\Boot.php(68): CodeIgniter\Boot::runCodeIgniter(Object(CodeIgniter\CodeIgniter))
 6 FCPATH\index.php(59): CodeIgniter\Boot::bootWeb(Object(Config\Paths))
CRITICAL - 2025-09-03 16:39:44 --> ParseError: Unclosed '('
[Method: GET, Route: dashboard]
in APPPATH\Config\Routes.php on line 42.
 1 SYSTEMPATH\CodeIgniter.php(821): CodeIgniter\Router\RouteCollection->loadRoutes()
 2 SYSTEMPATH\CodeIgniter.php(455): CodeIgniter\CodeIgniter->tryToRouteIt(null)
 3 SYSTEMPATH\CodeIgniter.php(354): CodeIgniter\CodeIgniter->handleRequest(null, Object(Config\Cache), false)
 4 SYSTEMPATH\Boot.php(363): CodeIgniter\CodeIgniter->run()
 5 SYSTEMPATH\Boot.php(68): CodeIgniter\Boot::runCodeIgniter(Object(CodeIgniter\CodeIgniter))
 6 FCPATH\index.php(59): CodeIgniter\Boot::bootWeb(Object(Config\Paths))
CRITICAL - 2025-09-03 16:39:44 --> ParseError: Unclosed '('
[Method: GET, Route: dashboard]
in APPPATH\Config\Routes.php on line 42.
 1 SYSTEMPATH\CodeIgniter.php(821): CodeIgniter\Router\RouteCollection->loadRoutes()
 2 SYSTEMPATH\CodeIgniter.php(455): CodeIgniter\CodeIgniter->tryToRouteIt(null)
 3 SYSTEMPATH\CodeIgniter.php(354): CodeIgniter\CodeIgniter->handleRequest(null, Object(Config\Cache), false)
 4 SYSTEMPATH\Boot.php(363): CodeIgniter\CodeIgniter->run()
 5 SYSTEMPATH\Boot.php(68): CodeIgniter\Boot::runCodeIgniter(Object(CodeIgniter\CodeIgniter))
 6 FCPATH\index.php(59): CodeIgniter\Boot::bootWeb(Object(Config\Paths))
CRITICAL - 2025-09-03 16:39:44 --> ParseError: Unclosed '('
[Method: GET, Route: dashboard]
in APPPATH\Config\Routes.php on line 42.
 1 SYSTEMPATH\CodeIgniter.php(821): CodeIgniter\Router\RouteCollection->loadRoutes()
 2 SYSTEMPATH\CodeIgniter.php(455): CodeIgniter\CodeIgniter->tryToRouteIt(null)
 3 SYSTEMPATH\CodeIgniter.php(354): CodeIgniter\CodeIgniter->handleRequest(null, Object(Config\Cache), false)
 4 SYSTEMPATH\Boot.php(363): CodeIgniter\CodeIgniter->run()
 5 SYSTEMPATH\Boot.php(68): CodeIgniter\Boot::runCodeIgniter(Object(CodeIgniter\CodeIgniter))
 6 FCPATH\index.php(59): CodeIgniter\Boot::bootWeb(Object(Config\Paths))
CRITICAL - 2025-09-03 16:39:48 --> ParseError: Unclosed '('
[Method: GET, Route: /]
in APPPATH\Config\Routes.php on line 42.
 1 SYSTEMPATH\CodeIgniter.php(821): CodeIgniter\Router\RouteCollection->loadRoutes()
 2 SYSTEMPATH\CodeIgniter.php(455): CodeIgniter\CodeIgniter->tryToRouteIt(null)
 3 SYSTEMPATH\CodeIgniter.php(354): CodeIgniter\CodeIgniter->handleRequest(null, Object(Config\Cache), false)
 4 SYSTEMPATH\Boot.php(363): CodeIgniter\CodeIgniter->run()
 5 SYSTEMPATH\Boot.php(68): CodeIgniter\Boot::runCodeIgniter(Object(CodeIgniter\CodeIgniter))
 6 FCPATH\index.php(59): CodeIgniter\Boot::bootWeb(Object(Config\Paths))
CRITICAL - 2025-09-03 16:39:53 --> ParseError: Unclosed '('
[Method: GET, Route: /]
in APPPATH\Config\Routes.php on line 42.
 1 SYSTEMPATH\CodeIgniter.php(821): CodeIgniter\Router\RouteCollection->loadRoutes()
 2 SYSTEMPATH\CodeIgniter.php(455): CodeIgniter\CodeIgniter->tryToRouteIt(null)
 3 SYSTEMPATH\CodeIgniter.php(354): CodeIgniter\CodeIgniter->handleRequest(null, Object(Config\Cache), false)
 4 SYSTEMPATH\Boot.php(363): CodeIgniter\CodeIgniter->run()
 5 SYSTEMPATH\Boot.php(68): CodeIgniter\Boot::runCodeIgniter(Object(CodeIgniter\CodeIgniter))
 6 FCPATH\index.php(59): CodeIgniter\Boot::bootWeb(Object(Config\Paths))
CRITICAL - 2025-09-03 16:39:54 --> ParseError: Unclosed '('
[Method: GET, Route: /]
in APPPATH\Config\Routes.php on line 42.
 1 SYSTEMPATH\CodeIgniter.php(821): CodeIgniter\Router\RouteCollection->loadRoutes()
 2 SYSTEMPATH\CodeIgniter.php(455): CodeIgniter\CodeIgniter->tryToRouteIt(null)
 3 SYSTEMPATH\CodeIgniter.php(354): CodeIgniter\CodeIgniter->handleRequest(null, Object(Config\Cache), false)
 4 SYSTEMPATH\Boot.php(363): CodeIgniter\CodeIgniter->run()
 5 SYSTEMPATH\Boot.php(68): CodeIgniter\Boot::runCodeIgniter(Object(CodeIgniter\CodeIgniter))
 6 FCPATH\index.php(59): CodeIgniter\Boot::bootWeb(Object(Config\Paths))
CRITICAL - 2025-09-03 16:39:54 --> ParseError: Unclosed '('
[Method: GET, Route: /]
in APPPATH\Config\Routes.php on line 42.
 1 SYSTEMPATH\CodeIgniter.php(821): CodeIgniter\Router\RouteCollection->loadRoutes()
 2 SYSTEMPATH\CodeIgniter.php(455): CodeIgniter\CodeIgniter->tryToRouteIt(null)
 3 SYSTEMPATH\CodeIgniter.php(354): CodeIgniter\CodeIgniter->handleRequest(null, Object(Config\Cache), false)
 4 SYSTEMPATH\Boot.php(363): CodeIgniter\CodeIgniter->run()
 5 SYSTEMPATH\Boot.php(68): CodeIgniter\Boot::runCodeIgniter(Object(CodeIgniter\CodeIgniter))
 6 FCPATH\index.php(59): CodeIgniter\Boot::bootWeb(Object(Config\Paths))
CRITICAL - 2025-09-03 17:01:03 --> ErrorException: Undefined array key "fullName"
[Method: GET, Route: user-management]
in APPPATH\Views\user_management\index.php on line 21.
 1 APPPATH\Views\user_management\index.php(21): CodeIgniter\Debug\Exceptions->errorHandler(2, 'Undefined array key "fullName"', 'C:\\xampp\\htdocs\\WebSystem-ITE_Group-8\\app\\Views\\user_management\\index.php', 21)
 2 SYSTEMPATH\View\View.php(226): include('C:\\xampp\\htdocs\\WebSystem-ITE_Group-8\\app\\Views\\user_management\\index.php')
 3 SYSTEMPATH\View\View.php(229): CodeIgniter\View\View->CodeIgniter\View\{closure}()
 4 SYSTEMPATH\Common.php(1167): CodeIgniter\View\View->render('user_management/index', [], true)
 5 APPPATH\Controllers\UserManagementController.php(27): view('user_management/index', [...])
 6 SYSTEMPATH\CodeIgniter.php(933): App\Controllers\UserManagementController->index()
 7 SYSTEMPATH\CodeIgniter.php(507): CodeIgniter\CodeIgniter->runController(Object(App\Controllers\UserManagementController))
 8 SYSTEMPATH\CodeIgniter.php(354): CodeIgniter\CodeIgniter->handleRequest(null, Object(Config\Cache), false)
 9 SYSTEMPATH\Boot.php(363): CodeIgniter\CodeIgniter->run()
10 SYSTEMPATH\Boot.php(68): CodeIgniter\Boot::runCodeIgniter(Object(CodeIgniter\CodeIgniter))
11 FCPATH\index.php(59): CodeIgniter\Boot::bootWeb(Object(Config\Paths))
CRITICAL - 2025-09-03 17:01:21 --> ErrorException: Undefined array key "fullName"
[Method: GET, Route: user-management]
in APPPATH\Views\user_management\index.php on line 21.
 1 APPPATH\Views\user_management\index.php(21): CodeIgniter\Debug\Exceptions->errorHandler(2, 'Undefined array key "fullName"', 'C:\\xampp\\htdocs\\WebSystem-ITE_Group-8\\app\\Views\\user_management\\index.php', 21)
 2 SYSTEMPATH\View\View.php(226): include('C:\\xampp\\htdocs\\WebSystem-ITE_Group-8\\app\\Views\\user_management\\index.php')
 3 SYSTEMPATH\View\View.php(229): CodeIgniter\View\View->CodeIgniter\View\{closure}()
 4 SYSTEMPATH\Common.php(1167): CodeIgniter\View\View->render('user_management/index', [], true)
 5 APPPATH\Controllers\UserManagementController.php(27): view('user_management/index', [...])
 6 SYSTEMPATH\CodeIgniter.php(933): App\Controllers\UserManagementController->index()
 7 SYSTEMPATH\CodeIgniter.php(507): CodeIgniter\CodeIgniter->runController(Object(App\Controllers\UserManagementController))
 8 SYSTEMPATH\CodeIgniter.php(354): CodeIgniter\CodeIgniter->handleRequest(null, Object(Config\Cache), false)
 9 SYSTEMPATH\Boot.php(363): CodeIgniter\CodeIgniter->run()
10 SYSTEMPATH\Boot.php(68): CodeIgniter\Boot::runCodeIgniter(Object(CodeIgniter\CodeIgniter))
11 FCPATH\index.php(59): CodeIgniter\Boot::bootWeb(Object(Config\Paths))
CRITICAL - 2025-09-03 17:07:15 --> ErrorException: Undefined array key "fullName"
[Method: GET, Route: user-management]
in APPPATH\Views\user_management\index.php on line 21.
 1 APPPATH\Views\user_management\index.php(21): CodeIgniter\Debug\Exceptions->errorHandler(2, 'Undefined array key "fullName"', 'C:\\xampp\\htdocs\\WebSystem-ITE_Group-8\\app\\Views\\user_management\\index.php', 21)
 2 SYSTEMPATH\View\View.php(226): include('C:\\xampp\\htdocs\\WebSystem-ITE_Group-8\\app\\Views\\user_management\\index.php')
 3 SYSTEMPATH\View\View.php(229): CodeIgniter\View\View->CodeIgniter\View\{closure}()
 4 SYSTEMPATH\Common.php(1167): CodeIgniter\View\View->render('user_management/index', [], true)
 5 APPPATH\Controllers\UserManagementController.php(27): view('user_management/index', [...])
 6 SYSTEMPATH\CodeIgniter.php(933): App\Controllers\UserManagementController->index()
 7 SYSTEMPATH\CodeIgniter.php(507): CodeIgniter\CodeIgniter->runController(Object(App\Controllers\UserManagementController))
 8 SYSTEMPATH\CodeIgniter.php(354): CodeIgniter\CodeIgniter->handleRequest(null, Object(Config\Cache), false)
 9 SYSTEMPATH\Boot.php(363): CodeIgniter\CodeIgniter->run()
10 SYSTEMPATH\Boot.php(68): CodeIgniter\Boot::runCodeIgniter(Object(CodeIgniter\CodeIgniter))
11 FCPATH\index.php(59): CodeIgniter\Boot::bootWeb(Object(Config\Paths))
CRITICAL - 2025-09-03 17:07:18 --> ErrorException: Undefined array key "fullName"
[Method: GET, Route: user-management]
in APPPATH\Views\user_management\index.php on line 21.
 1 APPPATH\Views\user_management\index.php(21): CodeIgniter\Debug\Exceptions->errorHandler(2, 'Undefined array key "fullName"', 'C:\\xampp\\htdocs\\WebSystem-ITE_Group-8\\app\\Views\\user_management\\index.php', 21)
 2 SYSTEMPATH\View\View.php(226): include('C:\\xampp\\htdocs\\WebSystem-ITE_Group-8\\app\\Views\\user_management\\index.php')
 3 SYSTEMPATH\View\View.php(229): CodeIgniter\View\View->CodeIgniter\View\{closure}()
 4 SYSTEMPATH\Common.php(1167): CodeIgniter\View\View->render('user_management/index', [], true)
 5 APPPATH\Controllers\UserManagementController.php(27): view('user_management/index', [...])
 6 SYSTEMPATH\CodeIgniter.php(933): App\Controllers\UserManagementController->index()
 7 SYSTEMPATH\CodeIgniter.php(507): CodeIgniter\CodeIgniter->runController(Object(App\Controllers\UserManagementController))
 8 SYSTEMPATH\CodeIgniter.php(354): CodeIgniter\CodeIgniter->handleRequest(null, Object(Config\Cache), false)
 9 SYSTEMPATH\Boot.php(363): CodeIgniter\CodeIgniter->run()
10 SYSTEMPATH\Boot.php(68): CodeIgniter\Boot::runCodeIgniter(Object(CodeIgniter\CodeIgniter))
11 FCPATH\index.php(59): CodeIgniter\Boot::bootWeb(Object(Config\Paths))
CRITICAL - 2025-09-03 17:10:08 --> ErrorException: Undefined array key "fullName"
[Method: GET, Route: user-management]
in APPPATH\Views\user_management\index.php on line 21.
 1 APPPATH\Views\user_management\index.php(21): CodeIgniter\Debug\Exceptions->errorHandler(2, 'Undefined array key "fullName"', 'C:\\xampp\\htdocs\\WebSystem-ITE_Group-8\\app\\Views\\user_management\\index.php', 21)
 2 SYSTEMPATH\View\View.php(226): include('C:\\xampp\\htdocs\\WebSystem-ITE_Group-8\\app\\Views\\user_management\\index.php')
 3 SYSTEMPATH\View\View.php(229): CodeIgniter\View\View->CodeIgniter\View\{closure}()
 4 SYSTEMPATH\Common.php(1167): CodeIgniter\View\View->render('user_management/index', [], true)
 5 APPPATH\Controllers\UserManagementController.php(27): view('user_management/index', [...])
 6 SYSTEMPATH\CodeIgniter.php(933): App\Controllers\UserManagementController->index()
 7 SYSTEMPATH\CodeIgniter.php(507): CodeIgniter\CodeIgniter->runController(Object(App\Controllers\UserManagementController))
 8 SYSTEMPATH\CodeIgniter.php(354): CodeIgniter\CodeIgniter->handleRequest(null, Object(Config\Cache), false)
 9 SYSTEMPATH\Boot.php(363): CodeIgniter\CodeIgniter->run()
10 SYSTEMPATH\Boot.php(68): CodeIgniter\Boot::runCodeIgniter(Object(CodeIgniter\CodeIgniter))
11 FCPATH\index.php(59): CodeIgniter\Boot::bootWeb(Object(Config\Paths))
CRITICAL - 2025-09-03 17:10:09 --> ErrorException: Undefined array key "fullName"
[Method: GET, Route: user-management]
in APPPATH\Views\user_management\index.php on line 21.
 1 APPPATH\Views\user_management\index.php(21): CodeIgniter\Debug\Exceptions->errorHandler(2, 'Undefined array key "fullName"', 'C:\\xampp\\htdocs\\WebSystem-ITE_Group-8\\app\\Views\\user_management\\index.php', 21)
 2 SYSTEMPATH\View\View.php(226): include('C:\\xampp\\htdocs\\WebSystem-ITE_Group-8\\app\\Views\\user_management\\index.php')
 3 SYSTEMPATH\View\View.php(229): CodeIgniter\View\View->CodeIgniter\View\{closure}()
 4 SYSTEMPATH\Common.php(1167): CodeIgniter\View\View->render('user_management/index', [], true)
 5 APPPATH\Controllers\UserManagementController.php(27): view('user_management/index', [...])
 6 SYSTEMPATH\CodeIgniter.php(933): App\Controllers\UserManagementController->index()
 7 SYSTEMPATH\CodeIgniter.php(507): CodeIgniter\CodeIgniter->runController(Object(App\Controllers\UserManagementController))
 8 SYSTEMPATH\CodeIgniter.php(354): CodeIgniter\CodeIgniter->handleRequest(null, Object(Config\Cache), false)
 9 SYSTEMPATH\Boot.php(363): CodeIgniter\CodeIgniter->run()
10 SYSTEMPATH\Boot.php(68): CodeIgniter\Boot::runCodeIgniter(Object(CodeIgniter\CodeIgniter))
11 FCPATH\index.php(59): CodeIgniter\Boot::bootWeb(Object(Config\Paths))
DEBUG - 2025-09-03 17:14:12 --> Session: Class initialized using 'CodeIgniter\Session\Handlers\FileHandler' driver.
CRITICAL - 2025-09-03 17:14:12 --> ErrorException: Undefined array key "fullName"
[Method: GET, Route: user-management]
in APPPATH\Views\user_management\index.php on line 21.
 1 APPPATH\Views\user_management\index.php(21): CodeIgniter\Debug\Exceptions->errorHandler(2, 'Undefined array key "fullName"', 'C:\\xampp\\htdocs\\WebSystem-ITE_Group-8\\app\\Views\\user_management\\index.php', 21)
 2 SYSTEMPATH\View\View.php(226): include('C:\\xampp\\htdocs\\WebSystem-ITE_Group-8\\app\\Views\\user_management\\index.php')
 3 SYSTEMPATH\View\View.php(229): CodeIgniter\View\View->CodeIgniter\View\{closure}()
 4 SYSTEMPATH\Common.php(1167): CodeIgniter\View\View->render('user_management/index', [], true)
 5 APPPATH\Controllers\UserManagementController.php(27): view('user_management/index', [...])
 6 SYSTEMPATH\CodeIgniter.php(933): App\Controllers\UserManagementController->index()
 7 SYSTEMPATH\CodeIgniter.php(507): CodeIgniter\CodeIgniter->runController(Object(App\Controllers\UserManagementController))
 8 SYSTEMPATH\CodeIgniter.php(354): CodeIgniter\CodeIgniter->handleRequest(null, Object(Config\Cache), false)
 9 SYSTEMPATH\Boot.php(363): CodeIgniter\CodeIgniter->run()
10 SYSTEMPATH\Boot.php(68): CodeIgniter\Boot::runCodeIgniter(Object(CodeIgniter\CodeIgniter))
11 FCPATH\index.php(59): CodeIgniter\Boot::bootWeb(Object(Config\Paths))
DEBUG - 2025-09-03 17:19:07 --> Session: Class initialized using 'CodeIgniter\Session\Handlers\FileHandler' driver.
DEBUG - 2025-09-03 17:19:15 --> Session: Class initialized using 'CodeIgniter\Session\Handlers\FileHandler' driver.
CRITICAL - 2025-09-03 17:19:15 --> CodeIgniter\View\Exceptions\ViewException: Invalid file: "user_management/add_user.php"
[Method: GET, Route: user-management/add]
in SYSTEMPATH\Exceptions\FrameworkException.php on line 39.
 1 SYSTEMPATH\View\View.php(214): CodeIgniter\Exceptions\FrameworkException::forInvalidFile('user_management/add_user.php')
 2 SYSTEMPATH\Common.php(1167): CodeIgniter\View\View->render('user_management/add_user', [], true)
 3 APPPATH\Controllers\UserManagementController.php(33): view('user_management/add_user')
 4 SYSTEMPATH\CodeIgniter.php(933): App\Controllers\UserManagementController->add()
 5 SYSTEMPATH\CodeIgniter.php(507): CodeIgniter\CodeIgniter->runController(Object(App\Controllers\UserManagementController))
 6 SYSTEMPATH\CodeIgniter.php(354): CodeIgniter\CodeIgniter->handleRequest(null, Object(Config\Cache), false)
 7 SYSTEMPATH\Boot.php(363): CodeIgniter\CodeIgniter->run()
 8 SYSTEMPATH\Boot.php(68): CodeIgniter\Boot::runCodeIgniter(Object(CodeIgniter\CodeIgniter))
 9 FCPATH\index.php(59): CodeIgniter\Boot::bootWeb(Object(Config\Paths))
DEBUG - 2025-09-03 17:21:31 --> Session: Class initialized using 'CodeIgniter\Session\Handlers\FileHandler' driver.
DEBUG - 2025-09-03 17:21:36 --> Session: Class initialized using 'CodeIgniter\Session\Handlers\FileHandler' driver.
DEBUG - 2025-09-03 17:21:39 --> Session: Class initialized using 'CodeIgniter\Session\Handlers\FileHandler' driver.
DEBUG - 2025-09-03 17:21:39 --> Found 2 patients
DEBUG - 2025-09-03 17:21:41 --> Session: Class initialized using 'CodeIgniter\Session\Handlers\FileHandler' driver.
DEBUG - 2025-09-03 17:21:44 --> Session: Class initialized using 'CodeIgniter\Session\Handlers\FileHandler' driver.
DEBUG - 2025-09-03 17:22:24 --> Session: Class initialized using 'CodeIgniter\Session\Handlers\FileHandler' driver.
DEBUG - 2025-09-03 17:22:25 --> Session: Class initialized using 'CodeIgniter\Session\Handlers\FileHandler' driver.
DEBUG - 2025-09-03 17:22:41 --> Session: Class initialized using 'CodeIgniter\Session\Handlers\FileHandler' driver.
DEBUG - 2025-09-03 17:22:47 --> Session: Class initialized using 'CodeIgniter\Session\Handlers\FileHandler' driver.
INFO - 2025-09-03 17:22:47 --> User admin logged out
DEBUG - 2025-09-03 17:22:47 --> Session: Class initialized using 'CodeIgniter\Session\Handlers\FileHandler' driver.
DEBUG - 2025-09-03 17:22:58 --> Session: Class initialized using 'CodeIgniter\Session\Handlers\FileHandler' driver.
INFO - 2025-09-03 17:22:58 --> User doctor logged in successfully
DEBUG - 2025-09-03 17:22:59 --> Session: Class initialized using 'CodeIgniter\Session\Handlers\FileHandler' driver.
DEBUG - 2025-09-03 17:23:38 --> Session: Class initialized using 'CodeIgniter\Session\Handlers\FileHandler' driver.
INFO - 2025-09-03 17:23:38 --> User doctor logged out
DEBUG - 2025-09-03 17:23:38 --> Session: Class initialized using 'CodeIgniter\Session\Handlers\FileHandler' driver.
DEBUG - 2025-09-03 17:23:43 --> Session: Class initialized using 'CodeIgniter\Session\Handlers\FileHandler' driver.
INFO - 2025-09-03 17:23:43 --> User admin logged in successfully
DEBUG - 2025-09-03 17:23:43 --> Session: Class initialized using 'CodeIgniter\Session\Handlers\FileHandler' driver.
DEBUG - 2025-09-03 17:23:45 --> Session: Class initialized using 'CodeIgniter\Session\Handlers\FileHandler' driver.
DEBUG - 2025-09-03 17:23:52 --> Session: Class initialized using 'CodeIgniter\Session\Handlers\FileHandler' driver.
DEBUG - 2025-09-03 17:29:06 --> Session: Class initialized using 'CodeIgniter\Session\Handlers\FileHandler' driver.
DEBUG - 2025-09-03 17:29:12 --> Session: Class initialized using 'CodeIgniter\Session\Handlers\FileHandler' driver.
DEBUG - 2025-09-03 17:29:15 --> Session: Class initialized using 'CodeIgniter\Session\Handlers\FileHandler' driver.
DEBUG - 2025-09-03 17:29:35 --> Session: Class initialized using 'CodeIgniter\Session\Handlers\FileHandler' driver.
DEBUG - 2025-09-03 17:29:36 --> Session: Class initialized using 'CodeIgniter\Session\Handlers\FileHandler' driver.
DEBUG - 2025-09-03 17:29:38 --> Session: Class initialized using 'CodeIgniter\Session\Handlers\FileHandler' driver.
DEBUG - 2025-09-03 17:29:38 --> Found 2 patients
DEBUG - 2025-09-03 17:29:42 --> Session: Class initialized using 'CodeIgniter\Session\Handlers\FileHandler' driver.
DEBUG - 2025-09-03 17:29:46 --> Session: Class initialized using 'CodeIgniter\Session\Handlers\FileHandler' driver.
DEBUG - 2025-09-03 17:29:52 --> Session: Class initialized using 'CodeIgniter\Session\Handlers\FileHandler' driver.
DEBUG - 2025-09-03 17:35:22 --> Session: Class initialized using 'CodeIgniter\Session\Handlers\FileHandler' driver.
DEBUG - 2025-09-03 17:35:24 --> Session: Class initialized using 'CodeIgniter\Session\Handlers\FileHandler' driver.
DEBUG - 2025-09-03 17:35:26 --> Session: Class initialized using 'CodeIgniter\Session\Handlers\FileHandler' driver.
DEBUG - 2025-09-03 17:35:33 --> Session: Class initialized using 'CodeIgniter\Session\Handlers\FileHandler' driver.
DEBUG - 2025-09-03 17:35:34 --> Session: Class initialized using 'CodeIgniter\Session\Handlers\FileHandler' driver.
DEBUG - 2025-09-03 17:35:34 --> Found 2 patients
DEBUG - 2025-09-03 17:35:37 --> Session: Class initialized using 'CodeIgniter\Session\Handlers\FileHandler' driver.
DEBUG - 2025-09-03 17:35:39 --> Session: Class initialized using 'CodeIgniter\Session\Handlers\FileHandler' driver.
DEBUG - 2025-09-03 17:35:41 --> Session: Class initialized using 'CodeIgniter\Session\Handlers\FileHandler' driver.
DEBUG - 2025-09-03 17:38:37 --> Session: Class initialized using 'CodeIgniter\Session\Handlers\FileHandler' driver.
DEBUG - 2025-09-03 17:38:41 --> Session: Class initialized using 'CodeIgniter\Session\Handlers\FileHandler' driver.
DEBUG - 2025-09-03 17:39:05 --> Session: Class initialized using 'CodeIgniter\Session\Handlers\FileHandler' driver.
DEBUG - 2025-09-03 17:39:05 --> Found 2 patients
DEBUG - 2025-09-03 17:39:08 --> Session: Class initialized using 'CodeIgniter\Session\Handlers\FileHandler' driver.
DEBUG - 2025-09-03 17:39:08 --> Found 2 patients
DEBUG - 2025-09-03 17:39:09 --> Session: Class initialized using 'CodeIgniter\Session\Handlers\FileHandler' driver.
DEBUG - 2025-09-03 17:39:11 --> Session: Class initialized using 'CodeIgniter\Session\Handlers\FileHandler' driver.
DEBUG - 2025-09-03 17:39:11 --> Found 2 patients
DEBUG - 2025-09-03 17:39:13 --> Session: Class initialized using 'CodeIgniter\Session\Handlers\FileHandler' driver.
DEBUG - 2025-09-03 17:39:15 --> Session: Class initialized using 'CodeIgniter\Session\Handlers\FileHandler' driver.
DEBUG - 2025-09-03 17:39:15 --> Found 2 patients
DEBUG - 2025-09-03 17:41:24 --> Session: Class initialized using 'CodeIgniter\Session\Handlers\FileHandler' driver.
DEBUG - 2025-09-03 17:41:24 --> Found 2 patients
DEBUG - 2025-09-03 17:41:26 --> Session: Class initialized using 'CodeIgniter\Session\Handlers\FileHandler' driver.
DEBUG - 2025-09-03 17:48:06 --> Session: Class initialized using 'CodeIgniter\Session\Handlers\FileHandler' driver.
DEBUG - 2025-09-03 17:48:08 --> Session: Class initialized using 'CodeIgniter\Session\Handlers\FileHandler' driver.
DEBUG - 2025-09-03 17:48:08 --> Found 2 patients
DEBUG - 2025-09-03 17:48:10 --> Session: Class initialized using 'CodeIgniter\Session\Handlers\FileHandler' driver.
DEBUG - 2025-09-03 17:48:10 --> Found 2 patients
DEBUG - 2025-09-03 17:48:11 --> Session: Class initialized using 'CodeIgniter\Session\Handlers\FileHandler' driver.
DEBUG - 2025-09-03 17:48:12 --> Found 2 patients
DEBUG - 2025-09-03 17:48:12 --> Session: Class initialized using 'CodeIgniter\Session\Handlers\FileHandler' driver.
DEBUG - 2025-09-03 17:48:13 --> Session: Class initialized using 'CodeIgniter\Session\Handlers\FileHandler' driver.
DEBUG - 2025-09-03 17:48:14 --> Found 2 patients
DEBUG - 2025-09-03 17:48:15 --> Session: Class initialized using 'CodeIgniter\Session\Handlers\FileHandler' driver.
DEBUG - 2025-09-03 17:48:17 --> Session: Class initialized using 'CodeIgniter\Session\Handlers\FileHandler' driver.
DEBUG - 2025-09-03 17:48:17 --> Found 2 patients
DEBUG - 2025-09-03 17:52:13 --> Session: Class initialized using 'CodeIgniter\Session\Handlers\FileHandler' driver.
DEBUG - 2025-09-03 17:52:13 --> Found 2 patients
DEBUG - 2025-09-03 17:52:16 --> Session: Class initialized using 'CodeIgniter\Session\Handlers\FileHandler' driver.
DEBUG - 2025-09-03 17:52:21 --> Session: Class initialized using 'CodeIgniter\Session\Handlers\FileHandler' driver.
DEBUG - 2025-09-03 17:52:21 --> Found 2 patients
DEBUG - 2025-09-03 17:52:23 --> Session: Class initialized using 'CodeIgniter\Session\Handlers\FileHandler' driver.
DEBUG - 2025-09-03 17:52:25 --> Session: Class initialized using 'CodeIgniter\Session\Handlers\FileHandler' driver.
DEBUG - 2025-09-03 17:52:25 --> Found 2 patients
DEBUG - 2025-09-03 17:54:41 --> Session: Class initialized using 'CodeIgniter\Session\Handlers\FileHandler' driver.
DEBUG - 2025-09-03 17:54:41 --> Found 2 patients
DEBUG - 2025-09-03 17:54:43 --> Session: Class initialized using 'CodeIgniter\Session\Handlers\FileHandler' driver.
DEBUG - 2025-09-03 17:54:45 --> Session: Class initialized using 'CodeIgniter\Session\Handlers\FileHandler' driver.
DEBUG - 2025-09-03 17:54:45 --> Found 2 patients
DEBUG - 2025-09-03 17:54:46 --> Session: Class initialized using 'CodeIgniter\Session\Handlers\FileHandler' driver.
DEBUG - 2025-09-03 17:55:54 --> Session: Class initialized using 'CodeIgniter\Session\Handlers\FileHandler' driver.
DEBUG - 2025-09-03 17:55:54 --> Found 2 patients
DEBUG - 2025-09-03 17:58:06 --> Session: Class initialized using 'CodeIgniter\Session\Handlers\FileHandler' driver.
DEBUG - 2025-09-03 17:58:24 --> Session: Class initialized using 'CodeIgniter\Session\Handlers\FileHandler' driver.
DEBUG - 2025-09-03 17:58:24 --> Found 2 patients
DEBUG - 2025-09-03 17:58:27 --> Session: Class initialized using 'CodeIgniter\Session\Handlers\FileHandler' driver.
DEBUG - 2025-09-03 18:00:22 --> Session: Class initialized using 'CodeIgniter\Session\Handlers\FileHandler' driver.
DEBUG - 2025-09-03 18:00:23 --> Session: Class initialized using 'CodeIgniter\Session\Handlers\FileHandler' driver.
DEBUG - 2025-09-03 18:00:56 --> Session: Class initialized using 'CodeIgniter\Session\Handlers\FileHandler' driver.
DEBUG - 2025-09-03 18:00:56 --> Found 2 patients
DEBUG - 2025-09-03 18:01:06 --> Session: Class initialized using 'CodeIgniter\Session\Handlers\FileHandler' driver.
DEBUG - 2025-09-03 18:03:59 --> Session: Class initialized using 'CodeIgniter\Session\Handlers\FileHandler' driver.
DEBUG - 2025-09-03 18:04:02 --> Session: Class initialized using 'CodeIgniter\Session\Handlers\FileHandler' driver.
DEBUG - 2025-09-03 18:04:02 --> Found 2 patients
DEBUG - 2025-09-03 18:04:05 --> Session: Class initialized using 'CodeIgniter\Session\Handlers\FileHandler' driver.
DEBUG - 2025-09-03 18:04:18 --> Session: Class initialized using 'CodeIgniter\Session\Handlers\FileHandler' driver.
DEBUG - 2025-09-03 18:04:18 --> Found 2 patients
DEBUG - 2025-09-03 18:04:20 --> Session: Class initialized using 'CodeIgniter\Session\Handlers\FileHandler' driver.
DEBUG - 2025-09-03 18:05:11 --> Session: Class initialized using 'CodeIgniter\Session\Handlers\FileHandler' driver.
DEBUG - 2025-09-03 18:05:11 --> Found 2 patients
DEBUG - 2025-09-03 18:05:13 --> Session: Class initialized using 'CodeIgniter\Session\Handlers\FileHandler' driver.
DEBUG - 2025-09-03 18:28:47 --> Session: Class initialized using 'CodeIgniter\Session\Handlers\FileHandler' driver.
DEBUG - 2025-09-03 18:28:50 --> Session: Class initialized using 'CodeIgniter\Session\Handlers\FileHandler' driver.
DEBUG - 2025-09-03 18:31:56 --> Session: Class initialized using 'CodeIgniter\Session\Handlers\FileHandler' driver.
DEBUG - 2025-09-03 18:33:22 --> Session: Class initialized using 'CodeIgniter\Session\Handlers\FileHandler' driver.
DEBUG - 2025-09-03 18:33:25 --> Session: Class initialized using 'CodeIgniter\Session\Handlers\FileHandler' driver.
DEBUG - 2025-09-03 18:33:27 --> Session: Class initialized using 'CodeIgniter\Session\Handlers\FileHandler' driver.
DEBUG - 2025-09-03 18:33:28 --> Session: Class initialized using 'CodeIgniter\Session\Handlers\FileHandler' driver.
DEBUG - 2025-09-03 18:33:29 --> Session: Class initialized using 'CodeIgniter\Session\Handlers\FileHandler' driver.
DEBUG - 2025-09-03 18:33:33 --> Session: Class initialized using 'CodeIgniter\Session\Handlers\FileHandler' driver.
DEBUG - 2025-09-03 18:33:33 --> Found 2 patients
DEBUG - 2025-09-03 18:33:34 --> Session: Class initialized using 'CodeIgniter\Session\Handlers\FileHandler' driver.
DEBUG - 2025-09-03 18:33:36 --> Session: Class initialized using 'CodeIgniter\Session\Handlers\FileHandler' driver.
DEBUG - 2025-09-03 18:33:36 --> Found 2 patients
DEBUG - 2025-09-03 18:33:36 --> Session: Class initialized using 'CodeIgniter\Session\Handlers\FileHandler' driver.
DEBUG - 2025-09-03 18:33:40 --> Session: Class initialized using 'CodeIgniter\Session\Handlers\FileHandler' driver.
DEBUG - 2025-09-03 18:33:40 --> Session: Class initialized using 'CodeIgniter\Session\Handlers\FileHandler' driver.
DEBUG - 2025-09-03 18:33:43 --> Session: Class initialized using 'CodeIgniter\Session\Handlers\FileHandler' driver.
DEBUG - 2025-09-03 18:36:44 --> Session: Class initialized using 'CodeIgniter\Session\Handlers\FileHandler' driver.
DEBUG - 2025-09-03 18:36:47 --> Session: Class initialized using 'CodeIgniter\Session\Handlers\FileHandler' driver.
DEBUG - 2025-09-03 18:36:48 --> Session: Class initialized using 'CodeIgniter\Session\Handlers\FileHandler' driver.
DEBUG - 2025-09-03 18:36:50 --> Session: Class initialized using 'CodeIgniter\Session\Handlers\FileHandler' driver.
DEBUG - 2025-09-03 18:36:52 --> Session: Class initialized using 'CodeIgniter\Session\Handlers\FileHandler' driver.
CRITICAL - 2025-09-03 18:36:52 --> Error: Call to undefined function set_value()
[Method: GET, Route: user-management/add]
in APPPATH\Views\user_management\add_user.php on line 25.
 1 SYSTEMPATH\View\View.php(226): include()
 2 SYSTEMPATH\View\View.php(229): CodeIgniter\View\View->CodeIgniter\View\{closure}()
 3 SYSTEMPATH\Common.php(1167): CodeIgniter\View\View->render('user_management/add_user', [], true)
 4 APPPATH\Controllers\UserManagementController.php(33): view('user_management/add_user')
 5 SYSTEMPATH\CodeIgniter.php(933): App\Controllers\UserManagementController->add()
 6 SYSTEMPATH\CodeIgniter.php(507): CodeIgniter\CodeIgniter->runController(Object(App\Controllers\UserManagementController))
 7 SYSTEMPATH\CodeIgniter.php(354): CodeIgniter\CodeIgniter->handleRequest(null, Object(Config\Cache), false)
 8 SYSTEMPATH\Boot.php(363): CodeIgniter\CodeIgniter->run()
 9 SYSTEMPATH\Boot.php(68): CodeIgniter\Boot::runCodeIgniter(Object(CodeIgniter\CodeIgniter))
10 FCPATH\index.php(59): CodeIgniter\Boot::bootWeb(Object(Config\Paths))
DEBUG - 2025-09-03 18:38:15 --> Session: Class initialized using 'CodeIgniter\Session\Handlers\FileHandler' driver.
DEBUG - 2025-09-03 18:40:35 --> Session: Class initialized using 'CodeIgniter\Session\Handlers\FileHandler' driver.
DEBUG - 2025-09-03 18:40:38 --> Session: Class initialized using 'CodeIgniter\Session\Handlers\FileHandler' driver.
DEBUG - 2025-09-03 18:40:41 --> Session: Class initialized using 'CodeIgniter\Session\Handlers\FileHandler' driver.
DEBUG - 2025-09-03 18:40:48 --> Session: Class initialized using 'CodeIgniter\Session\Handlers\FileHandler' driver.
DEBUG - 2025-09-03 18:40:59 --> Session: Class initialized using 'CodeIgniter\Session\Handlers\FileHandler' driver.
DEBUG - 2025-09-03 18:40:59 --> Found 2 patients
DEBUG - 2025-09-03 18:41:00 --> Session: Class initialized using 'CodeIgniter\Session\Handlers\FileHandler' driver.
DEBUG - 2025-09-03 18:41:59 --> Session: Class initialized using 'CodeIgniter\Session\Handlers\FileHandler' driver.
DEBUG - 2025-09-03 18:42:01 --> Session: Class initialized using 'CodeIgniter\Session\Handlers\FileHandler' driver.
DEBUG - 2025-09-03 18:45:43 --> Session: Class initialized using 'CodeIgniter\Session\Handlers\FileHandler' driver.
DEBUG - 2025-09-03 18:45:49 --> Session: Class initialized using 'CodeIgniter\Session\Handlers\FileHandler' driver.
DEBUG - 2025-09-03 18:45:52 --> Session: Class initialized using 'CodeIgniter\Session\Handlers\FileHandler' driver.
DEBUG - 2025-09-03 18:45:53 --> Session: Class initialized using 'CodeIgniter\Session\Handlers\FileHandler' driver.
DEBUG - 2025-09-03 18:45:54 --> Session: Class initialized using 'CodeIgniter\Session\Handlers\FileHandler' driver.
DEBUG - 2025-09-03 18:45:54 --> Found 2 patients
DEBUG - 2025-09-03 18:45:58 --> Session: Class initialized using 'CodeIgniter\Session\Handlers\FileHandler' driver.
DEBUG - 2025-09-03 22:51:04 --> Session: Class initialized using 'CodeIgniter\Session\Handlers\FileHandler' driver.
DEBUG - 2025-09-03 22:51:05 --> Session: Class initialized using 'CodeIgniter\Session\Handlers\FileHandler' driver.
DEBUG - 2025-09-03 22:51:08 --> Session: Class initialized using 'CodeIgniter\Session\Handlers\FileHandler' driver.
INFO - 2025-09-03 22:51:08 --> User admin logged in successfully
DEBUG - 2025-09-03 22:51:08 --> Session: Class initialized using 'CodeIgniter\Session\Handlers\FileHandler' driver.
DEBUG - 2025-09-03 22:51:10 --> Session: Class initialized using 'CodeIgniter\Session\Handlers\FileHandler' driver.
DEBUG - 2025-09-03 22:51:17 --> Session: Class initialized using 'CodeIgniter\Session\Handlers\FileHandler' driver.
