CRITICAL - 2025-08-25 10:29:40 --> CodeIgniter\View\Exceptions\ViewException: Invalid file: "patient_list.php"
[Method: GET, Route: patients]
in SYSTEMPATH\Exceptions\FrameworkException.php on line 39.
 1 SYSTEMPATH\View\View.php(214): CodeIgniter\Exceptions\FrameworkException::forInvalidFile('patient_list.php')
 2 SYSTEMPATH\Common.php(1167): CodeIgniter\View\View->render('patient_list', [], true)
 3 APPPATH\Controllers\PatientController.php(33): view('patient_list', [...])
 4 SYSTEMPATH\CodeIgniter.php(933): App\Controllers\PatientController->index()
 5 SYSTEMPATH\CodeIgniter.php(507): CodeIgniter\CodeIgniter->runController(Object(App\Controllers\PatientController))
 6 SYSTEMPATH\CodeIgniter.php(354): CodeIgniter\CodeIgniter->handleRequest(null, Object(Config\Cache), false)
 7 SYSTEMPATH\Boot.php(363): CodeIgniter\CodeIgniter->run()
 8 SYSTEMPATH\Boot.php(68): CodeIgniter\Boot::runCodeIgniter(Object(CodeIgniter\CodeIgniter))
 9 FCPATH\index.php(59): CodeIgniter\Boot::bootWeb(Object(Config\Paths))
CRITICAL - 2025-08-25 10:29:55 --> CodeIgniter\View\Exceptions\ViewException: Invalid file: "patient_form.php"
[Method: GET, Route: patients/create]
in SYSTEMPATH\Exceptions\FrameworkException.php on line 39.
 1 SYSTEMPATH\View\View.php(214): CodeIgniter\Exceptions\FrameworkException::forInvalidFile('patient_form.php')
 2 SYSTEMPATH\Common.php(1167): CodeIgniter\View\View->render('patient_form', [], true)
 3 APPPATH\Controllers\PatientController.php(39): view('patient_form')
 4 SYSTEMPATH\CodeIgniter.php(933): App\Controllers\PatientController->create()
 5 SYSTEMPATH\CodeIgniter.php(507): CodeIgniter\CodeIgniter->runController(Object(App\Controllers\PatientController))
 6 SYSTEMPATH\CodeIgniter.php(354): CodeIgniter\CodeIgniter->handleRequest(null, Object(Config\Cache), false)
 7 SYSTEMPATH\Boot.php(363): CodeIgniter\CodeIgniter->run()
 8 SYSTEMPATH\Boot.php(68): CodeIgniter\Boot::runCodeIgniter(Object(CodeIgniter\CodeIgniter))
 9 FCPATH\index.php(59): CodeIgniter\Boot::bootWeb(Object(Config\Paths))
CRITICAL - 2025-08-25 10:32:44 --> CodeIgniter\View\Exceptions\ViewException: Invalid file: "patient_list.php"
[Method: GET, Route: patients]
in SYSTEMPATH\Exceptions\FrameworkException.php on line 39.
 1 SYSTEMPATH\View\View.php(214): CodeIgniter\Exceptions\FrameworkException::forInvalidFile('patient_list.php')
 2 SYSTEMPATH\Common.php(1167): CodeIgniter\View\View->render('patient_list', [], true)
 3 APPPATH\Controllers\PatientController.php(33): view('patient_list', [...])
 4 SYSTEMPATH\CodeIgniter.php(933): App\Controllers\PatientController->index()
 5 SYSTEMPATH\CodeIgniter.php(507): CodeIgniter\CodeIgniter->runController(Object(App\Controllers\PatientController))
 6 SYSTEMPATH\CodeIgniter.php(354): CodeIgniter\CodeIgniter->handleRequest(null, Object(Config\Cache), false)
 7 SYSTEMPATH\Boot.php(363): CodeIgniter\CodeIgniter->run()
 8 SYSTEMPATH\Boot.php(68): CodeIgniter\Boot::runCodeIgniter(Object(CodeIgniter\CodeIgniter))
 9 FCPATH\index.php(59): CodeIgniter\Boot::bootWeb(Object(Config\Paths))
CRITICAL - 2025-08-25 16:32:50 --> CodeIgniter\Filters\Exceptions\FilterException: "auth" filter must have a matching alias defined.
[Method: GET, Route: user-management]
in SYSTEMPATH\Filters\Filters.php on line 590.
 1 SYSTEMPATH\Filters\Filters.php(590): CodeIgniter\Filters\Exceptions\FilterException::forNoAlias('auth')
 2 SYSTEMPATH\Filters\Filters.php(641): CodeIgniter\Filters\Filters->enableFilter('auth', 'before')
 3 SYSTEMPATH\CodeIgniter.php(467): CodeIgniter\Filters\Filters->enableFilters([...], 'before')
 4 SYSTEMPATH\CodeIgniter.php(354): CodeIgniter\CodeIgniter->handleRequest(null, Object(Config\Cache), false)
 5 SYSTEMPATH\Boot.php(363): CodeIgniter\CodeIgniter->run()
 6 SYSTEMPATH\Boot.php(68): CodeIgniter\Boot::runCodeIgniter(Object(CodeIgniter\CodeIgniter))
 7 FCPATH\index.php(59): CodeIgniter\Boot::bootWeb(Object(Config\Paths))
ERROR - 2025-08-25 17:40:36 --> mysqli_sql_exception: Table 'patients' already exists in C:\xampp\htdocs\WebSystem-ITE_Group-8\system\Database\MySQLi\Connection.php:327
Stack trace:
#0 C:\xampp\htdocs\WebSystem-ITE_Group-8\system\Database\MySQLi\Connection.php(327): mysqli->query('CREATE TABLE `p...', 0)
#1 C:\xampp\htdocs\WebSystem-ITE_Group-8\system\Database\BaseConnection.php(729): CodeIgniter\Database\MySQLi\Connection->execute('CREATE TABLE `p...')
#2 C:\xampp\htdocs\WebSystem-ITE_Group-8\system\Database\BaseConnection.php(646): CodeIgniter\Database\BaseConnection->simpleQuery('CREATE TABLE `p...')
#3 C:\xampp\htdocs\WebSystem-ITE_Group-8\system\Database\Forge.php(570): CodeIgniter\Database\BaseConnection->query('CREATE TABLE `p...')
#4 C:\xampp\htdocs\WebSystem-ITE_Group-8\app\Database\Migrations\20240101000003_CreatePatientsTable.php(47): CodeIgniter\Database\Forge->createTable('patients')
#5 C:\xampp\htdocs\WebSystem-ITE_Group-8\system\Database\MigrationRunner.php(876): App\Database\Migrations\CreatePatientsTable->up()
#6 C:\xampp\htdocs\WebSystem-ITE_Group-8\system\Database\MigrationRunner.php(182): CodeIgniter\Database\MigrationRunner->migrate('up', Object(stdClass))
#7 C:\xampp\htdocs\WebSystem-ITE_Group-8\system\Commands\Database\Migrate.php(85): CodeIgniter\Database\MigrationRunner->latest(NULL)
#8 C:\xampp\htdocs\WebSystem-ITE_Group-8\system\CLI\Commands.php(74): CodeIgniter\Commands\Database\Migrate->run(Array)
#9 C:\xampp\htdocs\WebSystem-ITE_Group-8\system\CLI\Console.php(47): CodeIgniter\CLI\Commands->run('migrate', Array)
#10 C:\xampp\htdocs\WebSystem-ITE_Group-8\system\Boot.php(388): CodeIgniter\CLI\Console->run()
#11 C:\xampp\htdocs\WebSystem-ITE_Group-8\system\Boot.php(133): CodeIgniter\Boot::runCommand(Object(CodeIgniter\CLI\Console))
#12 C:\xampp\htdocs\WebSystem-ITE_Group-8\spark(87): CodeIgniter\Boot::bootSpark(Object(Config\Paths))
#13 {main}
ERROR - 2025-08-25 17:40:50 --> mysqli_sql_exception: Table 'patients' already exists in C:\xampp\htdocs\WebSystem-ITE_Group-8\system\Database\MySQLi\Connection.php:327
Stack trace:
#0 C:\xampp\htdocs\WebSystem-ITE_Group-8\system\Database\MySQLi\Connection.php(327): mysqli->query('CREATE TABLE `p...', 0)
#1 C:\xampp\htdocs\WebSystem-ITE_Group-8\system\Database\BaseConnection.php(729): CodeIgniter\Database\MySQLi\Connection->execute('CREATE TABLE `p...')
#2 C:\xampp\htdocs\WebSystem-ITE_Group-8\system\Database\BaseConnection.php(646): CodeIgniter\Database\BaseConnection->simpleQuery('CREATE TABLE `p...')
#3 C:\xampp\htdocs\WebSystem-ITE_Group-8\system\Database\Forge.php(570): CodeIgniter\Database\BaseConnection->query('CREATE TABLE `p...')
#4 C:\xampp\htdocs\WebSystem-ITE_Group-8\app\Database\Migrations\20240101000003_CreatePatientsTable.php(47): CodeIgniter\Database\Forge->createTable('patients')
#5 C:\xampp\htdocs\WebSystem-ITE_Group-8\system\Database\MigrationRunner.php(876): App\Database\Migrations\CreatePatientsTable->up()
#6 C:\xampp\htdocs\WebSystem-ITE_Group-8\system\Database\MigrationRunner.php(182): CodeIgniter\Database\MigrationRunner->migrate('up', Object(stdClass))
#7 C:\xampp\htdocs\WebSystem-ITE_Group-8\system\Commands\Database\Migrate.php(85): CodeIgniter\Database\MigrationRunner->latest(NULL)
#8 C:\xampp\htdocs\WebSystem-ITE_Group-8\system\CLI\Commands.php(74): CodeIgniter\Commands\Database\Migrate->run(Array)
#9 C:\xampp\htdocs\WebSystem-ITE_Group-8\system\CLI\Console.php(47): CodeIgniter\CLI\Commands->run('migrate', Array)
#10 C:\xampp\htdocs\WebSystem-ITE_Group-8\system\Boot.php(388): CodeIgniter\CLI\Console->run()
#11 C:\xampp\htdocs\WebSystem-ITE_Group-8\system\Boot.php(133): CodeIgniter\Boot::runCommand(Object(CodeIgniter\CLI\Console))
#12 C:\xampp\htdocs\WebSystem-ITE_Group-8\spark(87): CodeIgniter\Boot::bootSpark(Object(Config\Paths))
#13 {main}
ERROR - 2025-08-25 17:40:58 --> mysqli_sql_exception: Table 'patients' already exists in C:\xampp\htdocs\WebSystem-ITE_Group-8\system\Database\MySQLi\Connection.php:327
Stack trace:
#0 C:\xampp\htdocs\WebSystem-ITE_Group-8\system\Database\MySQLi\Connection.php(327): mysqli->query('CREATE TABLE `p...', 0)
#1 C:\xampp\htdocs\WebSystem-ITE_Group-8\system\Database\BaseConnection.php(729): CodeIgniter\Database\MySQLi\Connection->execute('CREATE TABLE `p...')
#2 C:\xampp\htdocs\WebSystem-ITE_Group-8\system\Database\BaseConnection.php(646): CodeIgniter\Database\BaseConnection->simpleQuery('CREATE TABLE `p...')
#3 C:\xampp\htdocs\WebSystem-ITE_Group-8\system\Database\Forge.php(570): CodeIgniter\Database\BaseConnection->query('CREATE TABLE `p...')
#4 C:\xampp\htdocs\WebSystem-ITE_Group-8\app\Database\Migrations\20240101000003_CreatePatientsTable.php(47): CodeIgniter\Database\Forge->createTable('patients')
#5 C:\xampp\htdocs\WebSystem-ITE_Group-8\system\Database\MigrationRunner.php(876): App\Database\Migrations\CreatePatientsTable->up()
#6 C:\xampp\htdocs\WebSystem-ITE_Group-8\system\Database\MigrationRunner.php(182): CodeIgniter\Database\MigrationRunner->migrate('up', Object(stdClass))
#7 C:\xampp\htdocs\WebSystem-ITE_Group-8\system\Commands\Database\Migrate.php(85): CodeIgniter\Database\MigrationRunner->latest(NULL)
#8 C:\xampp\htdocs\WebSystem-ITE_Group-8\system\CLI\Commands.php(74): CodeIgniter\Commands\Database\Migrate->run(Array)
#9 C:\xampp\htdocs\WebSystem-ITE_Group-8\system\CLI\Console.php(47): CodeIgniter\CLI\Commands->run('migrate', Array)
#10 C:\xampp\htdocs\WebSystem-ITE_Group-8\system\Boot.php(388): CodeIgniter\CLI\Console->run()
#11 C:\xampp\htdocs\WebSystem-ITE_Group-8\system\Boot.php(133): CodeIgniter\Boot::runCommand(Object(CodeIgniter\CLI\Console))
#12 C:\xampp\htdocs\WebSystem-ITE_Group-8\spark(87): CodeIgniter\Boot::bootSpark(Object(Config\Paths))
#13 {main}
ERROR - 2025-08-25 17:43:11 --> mysqli_sql_exception: Table 'patients' already exists in C:\xampp\htdocs\WebSystem-ITE_Group-8\system\Database\MySQLi\Connection.php:327
Stack trace:
#0 C:\xampp\htdocs\WebSystem-ITE_Group-8\system\Database\MySQLi\Connection.php(327): mysqli->query('CREATE TABLE `p...', 0)
#1 C:\xampp\htdocs\WebSystem-ITE_Group-8\system\Database\BaseConnection.php(729): CodeIgniter\Database\MySQLi\Connection->execute('CREATE TABLE `p...')
#2 C:\xampp\htdocs\WebSystem-ITE_Group-8\system\Database\BaseConnection.php(646): CodeIgniter\Database\BaseConnection->simpleQuery('CREATE TABLE `p...')
#3 C:\xampp\htdocs\WebSystem-ITE_Group-8\system\Database\Forge.php(570): CodeIgniter\Database\BaseConnection->query('CREATE TABLE `p...')
#4 C:\xampp\htdocs\WebSystem-ITE_Group-8\app\Database\Migrations\20240101000003_CreatePatientsTable.php(47): CodeIgniter\Database\Forge->createTable('patients')
#5 C:\xampp\htdocs\WebSystem-ITE_Group-8\system\Database\MigrationRunner.php(876): App\Database\Migrations\CreatePatientsTable->up()
#6 C:\xampp\htdocs\WebSystem-ITE_Group-8\system\Database\MigrationRunner.php(182): CodeIgniter\Database\MigrationRunner->migrate('up', Object(stdClass))
#7 C:\xampp\htdocs\WebSystem-ITE_Group-8\system\Commands\Database\Migrate.php(85): CodeIgniter\Database\MigrationRunner->latest(NULL)
#8 C:\xampp\htdocs\WebSystem-ITE_Group-8\system\CLI\Commands.php(74): CodeIgniter\Commands\Database\Migrate->run(Array)
#9 C:\xampp\htdocs\WebSystem-ITE_Group-8\system\CLI\Console.php(47): CodeIgniter\CLI\Commands->run('migrate', Array)
#10 C:\xampp\htdocs\WebSystem-ITE_Group-8\system\Boot.php(388): CodeIgniter\CLI\Console->run()
#11 C:\xampp\htdocs\WebSystem-ITE_Group-8\system\Boot.php(133): CodeIgniter\Boot::runCommand(Object(CodeIgniter\CLI\Console))
#12 C:\xampp\htdocs\WebSystem-ITE_Group-8\spark(87): CodeIgniter\Boot::bootSpark(Object(Config\Paths))
#13 {main}
CRITICAL - 2025-08-25 19:00:14 --> CodeIgniter\Filters\Exceptions\FilterException: "auth" filter must have a matching alias defined.
[Method: GET, Route: user-management]
in SYSTEMPATH\Filters\Filters.php on line 590.
 1 SYSTEMPATH\Filters\Filters.php(590): CodeIgniter\Filters\Exceptions\FilterException::forNoAlias('auth')
 2 SYSTEMPATH\Filters\Filters.php(641): CodeIgniter\Filters\Filters->enableFilter('auth', 'before')
 3 SYSTEMPATH\CodeIgniter.php(467): CodeIgniter\Filters\Filters->enableFilters([...], 'before')
 4 SYSTEMPATH\CodeIgniter.php(354): CodeIgniter\CodeIgniter->handleRequest(null, Object(Config\Cache), false)
 5 SYSTEMPATH\Boot.php(363): CodeIgniter\CodeIgniter->run()
 6 SYSTEMPATH\Boot.php(68): CodeIgniter\Boot::runCodeIgniter(Object(CodeIgniter\CodeIgniter))
 7 FCPATH\index.php(59): CodeIgniter\Boot::bootWeb(Object(Config\Paths))
